#
# There is insufficient memory for the Java Runtime Environment to continue.
# Native memory allocation (malloc) failed to allocate 1784176 bytes for Chunk::new
# Possible reasons:
#   The system is out of physical RAM or swap space
#   In 32 bit mode, the process size limit was hit
# Possible solutions:
#   Reduce memory load on the system
#   Increase physical memory or swap space
#   Check if swap backing store is full
#   Use 64 bit Java on a 64 bit OS
#   Decrease Java heap size (-Xmx/-Xms)
#   Decrease number of Java threads
#   Decrease Java thread stack sizes (-Xss)
#   Set larger code cache with -XX:ReservedCodeCacheSize=
# This output file may be truncated or incomplete.
#
#  Out of Memory Error (allocation.cpp:390), pid=8636, tid=8888
#
# JRE version: Java(TM) SE Runtime Environment (8.0_73-b02) (build 1.8.0_73-b02)
# Java VM: Java HotSpot(TM) 64-Bit Server VM (25.73-b02 mixed mode windows-amd64 compressed oops)
# Failed to write core dump. Minidumps are not enabled by default on client versions of Windows
#

---------------  T H R E A D  ---------------

Current thread (0x0000000015475800):  JavaThread "C2 CompilerThread1" daemon [_thread_in_native, id=8888, stack(0x0000000016b60000,0x0000000016c60000)]

Stack: [0x0000000016b60000,0x0000000016c60000]
[error occurred during error reporting (printing stack bounds), id 0xc0000005]

Native frames: (J=compiled Java code, j=interpreted, Vv=VM code, C=native code)


Current CompileTask:
C2:  58625 2594   !   4       com.android.dx.cf.code.BytecodeArray::parseInstruction (2764 bytes)


---------------  P R O C E S S  ---------------

Java Threads: ( => current thread )
  0x000000001775f000 JavaThread "pool-1-thread-4" [_thread_in_Java, id=8536, stack(0x0000000018f30000,0x0000000019030000)]
  0x00000000173e4000 JavaThread "pool-1-thread-3" [_thread_blocked, id=8508, stack(0x0000000018e30000,0x0000000018f30000)]
  0x00000000170e6800 JavaThread "pool-1-thread-2" [_thread_blocked, id=4588, stack(0x0000000018d30000,0x0000000018e30000)]
  0x00000000170e6000 JavaThread "pool-2-thread-1" [_thread_blocked, id=8564, stack(0x0000000018c30000,0x0000000018d30000)]
  0x00000000177e1800 JavaThread "pool-1-thread-1" [_thread_in_Java, id=7612, stack(0x0000000018b30000,0x0000000018c30000)]
  0x0000000016d64800 JavaThread "Service Thread" daemon [_thread_blocked, id=8456, stack(0x0000000017160000,0x0000000017260000)]
  0x000000001547c000 JavaThread "C1 CompilerThread2" daemon [_thread_blocked, id=8452, stack(0x0000000016c60000,0x0000000016d60000)]
=>0x0000000015475800 JavaThread "C2 CompilerThread1" daemon [_thread_in_native, id=8888, stack(0x0000000016b60000,0x0000000016c60000)]
  0x0000000015419000 JavaThread "C2 CompilerThread0" daemon [_thread_in_native, id=7992, stack(0x0000000016a60000,0x0000000016b60000)]
  0x0000000015417000 JavaThread "Attach Listener" daemon [_thread_blocked, id=8880, stack(0x0000000016960000,0x0000000016a60000)]
  0x0000000015415800 JavaThread "Signal Dispatcher" daemon [_thread_blocked, id=8768, stack(0x0000000016860000,0x0000000016960000)]
  0x0000000002d40800 JavaThread "Finalizer" daemon [_thread_blocked, id=8780, stack(0x0000000016680000,0x0000000016780000)]
  0x0000000002d3d000 JavaThread "Reference Handler" daemon [_thread_blocked, id=8752, stack(0x0000000016580000,0x0000000016680000)]
  0x0000000002c50800 JavaThread "main" [_thread_in_vm, id=8464, stack(0x0000000002b50000,0x0000000002c50000)]

Other Threads:
  0x00000000153e7800 VMThread [stack: 0x0000000016480000,0x0000000016580000] [id=8764]
  0x0000000016d7b800 WatcherThread [stack: 0x0000000017260000,0x0000000017360000] [id=8496]

VM state:not at safepoint (normal execution)

VM Mutex/Monitor currently owned by a thread: None

Heap:
 PSYoungGen      total 225280K, used 55834K [0x00000000eab00000, 0x0000000100000000, 0x0000000100000000)
  eden space 109056K, 51% used [0x00000000eab00000,0x00000000ee186af0,0x00000000f1580000)
  from space 116224K, 0% used [0x00000000f1580000,0x00000000f1580000,0x00000000f8700000)
  to   space 116224K, 0% used [0x00000000f8e80000,0x00000000f8e80000,0x0000000100000000)
 ParOldGen       total 378368K, used 225421K [0x00000000c0000000, 0x00000000d7180000, 0x00000000eab00000)
  object space 378368K, 59% used [0x00000000c0000000,0x00000000cdc236d0,0x00000000d7180000)
 Metaspace       used 6551K, capacity 7256K, committed 7424K, reserved 1056768K
  class space    used 625K, capacity 656K, committed 768K, reserved 1048576K

Card table byte_map: [0x0000000012110000,0x0000000012320000] byte_map_base: 0x0000000011b10000

Marking Bits: (ParMarkBitMap*) 0x00000000552e0600
 Begin Bits: [0x0000000012880000, 0x0000000013880000)
 End Bits:   [0x0000000013880000, 0x0000000014880000)

Polling page: 0x00000000012a0000

CodeCache: size=245760Kb used=10351Kb max_used=11041Kb free=235408Kb
 bounds [0x0000000002d50000, 0x0000000003850000, 0x0000000011d50000]
 total_blobs=2276 nmethods=2006 adapters=182
 compilation: enabled

Compilation events (10 events):
Event: 58.512 Thread 0x0000000015419000 2595       4       com.android.dx.rop.cst.TypedConstant::<init> (5 bytes)
Event: 58.512 Thread 0x0000000015419000 nmethod 2595 0x00000000034e0990 code [0x00000000034e0ac0, 0x00000000034e0b18]
Event: 58.518 Thread 0x0000000015419000 2596       4       com.android.dx.cf.code.Merger::mergeType (142 bytes)
Event: 58.524 Thread 0x0000000015419000 nmethod 2596 0x000000000323e1d0 code [0x000000000323e380, 0x000000000323e6b0]
Event: 58.604 Thread 0x000000001547c000 2597       3       java.util.concurrent.FutureTask::report (37 bytes)
Event: 58.604 Thread 0x000000001547c000 nmethod 2597 0x0000000002fa2fd0 code [0x0000000002fa3160, 0x0000000002fa3558]
Event: 58.604 Thread 0x000000001547c000 2598   !   3       com.android.dx.dex.file.ClassDefsSection::add (75 bytes)
Event: 58.606 Thread 0x000000001547c000 nmethod 2598 0x0000000002ef8e50 code [0x0000000002ef90c0, 0x0000000002efa098]
Event: 58.609 Thread 0x0000000015419000 2599       4       com.android.dx.ssa.PhiInsn::updateSourcesToDefinitions (68 bytes)
Event: 58.609 Thread 0x000000001547c000 2600       3       com.android.dx.ssa.PhiTypeResolver::resolveResultType (308 bytes)

GC Heap History (10 events):
Event: 55.598 GC heap before
{Heap before GC invocations=27 (full 5):
 PSYoungGen      total 212992K, used 139267K [0x00000000eab00000, 0x00000000fe980000, 0x0000000100000000)
  eden space 96768K, 100% used [0x00000000eab00000,0x00000000f0980000,0x00000000f0980000)
  from space 116224K, 36% used [0x00000000f0980000,0x00000000f3300e90,0x00000000f7b00000)
  to   space 110080K, 0% used [0x00000000f7e00000,0x00000000f7e00000,0x00000000fe980000)
 ParOldGen       total 378368K, used 211309K [0x00000000c0000000, 0x00000000d7180000, 0x00000000eab00000)
  object space 378368K, 55% used [0x00000000c0000000,0x00000000cce5b7c0,0x00000000d7180000)
 Metaspace       used 6548K, capacity 7256K, committed 7424K, reserved 1056768K
  class space    used 625K, capacity 656K, committed 768K, reserved 1048576K
Event: 55.665 GC heap after
Heap after GC invocations=27 (full 5):
 PSYoungGen      total 209920K, used 82810K [0x00000000eab00000, 0x00000000ff680000, 0x0000000100000000)
  eden space 99840K, 0% used [0x00000000eab00000,0x00000000eab00000,0x00000000f0c80000)
  from space 110080K, 75% used [0x00000000f7e00000,0x00000000fcede980,0x00000000fe980000)
  to   space 116224K, 0% used [0x00000000f0c80000,0x00000000f0c80000,0x00000000f7e00000)
 ParOldGen       total 378368K, used 211309K [0x00000000c0000000, 0x00000000d7180000, 0x00000000eab00000)
  object space 378368K, 55% used [0x00000000c0000000,0x00000000cce5b7c0,0x00000000d7180000)
 Metaspace       used 6548K, capacity 7256K, committed 7424K, reserved 1056768K
  class space    used 625K, capacity 656K, committed 768K, reserved 1048576K
}
Event: 55.778 GC heap before
{Heap before GC invocations=28 (full 5):
 PSYoungGen      total 209920K, used 182650K [0x00000000eab00000, 0x00000000ff680000, 0x0000000100000000)
  eden space 99840K, 100% used [0x00000000eab00000,0x00000000f0c80000,0x00000000f0c80000)
  from space 110080K, 75% used [0x00000000f7e00000,0x00000000fcede980,0x00000000fe980000)
  to   space 116224K, 0% used [0x00000000f0c80000,0x00000000f0c80000,0x00000000f7e00000)
 ParOldGen       total 378368K, used 211309K [0x00000000c0000000, 0x00000000d7180000, 0x00000000eab00000)
  object space 378368K, 55% used [0x00000000c0000000,0x00000000cce5b7c0,0x00000000d7180000)
 Metaspace       used 6550K, capacity 7256K, committed 7424K, reserved 1056768K
  class space    used 625K, capacity 656K, committed 768K, reserved 1048576K
Event: 55.886 GC heap after
Heap after GC invocations=28 (full 5):
 PSYoungGen      total 216064K, used 51982K [0x00000000eab00000, 0x00000000ff480000, 0x0000000100000000)
  eden space 99840K, 0% used [0x00000000eab00000,0x00000000eab00000,0x00000000f0c80000)
  from space 116224K, 44% used [0x00000000f0c80000,0x00000000f3f43a88,0x00000000f7e00000)
  to   space 112128K, 0% used [0x00000000f8700000,0x00000000f8700000,0x00000000ff480000)
 ParOldGen       total 378368K, used 294054K [0x00000000c0000000, 0x00000000d7180000, 0x00000000eab00000)
  object space 378368K, 77% used [0x00000000c0000000,0x00000000d1f29820,0x00000000d7180000)
 Metaspace       used 6550K, capacity 7256K, committed 7424K, reserved 1056768K
  class space    used 625K, capacity 656K, committed 768K, reserved 1048576K
}
Event: 56.032 GC heap before
{Heap before GC invocations=29 (full 5):
 PSYoungGen      total 216064K, used 151822K [0x00000000eab00000, 0x00000000ff480000, 0x0000000100000000)
  eden space 99840K, 100% used [0x00000000eab00000,0x00000000f0c80000,0x00000000f0c80000)
  from space 116224K, 44% used [0x00000000f0c80000,0x00000000f3f43a88,0x00000000f7e00000)
  to   space 112128K, 0% used [0x00000000f8700000,0x00000000f8700000,0x00000000ff480000)
 ParOldGen       total 378368K, used 294054K [0x00000000c0000000, 0x00000000d7180000, 0x00000000eab00000)
  object space 378368K, 77% used [0x00000000c0000000,0x00000000d1f29820,0x00000000d7180000)
 Metaspace       used 6550K, capacity 7256K, committed 7424K, reserved 1056768K
  class space    used 625K, capacity 656K, committed 768K, reserved 1048576K
Event: 56.096 GC heap after
Heap after GC invocations=29 (full 5):
 PSYoungGen      total 221184K, used 84058K [0x00000000eab00000, 0x00000000ffc80000, 0x0000000100000000)
  eden space 109056K, 0% used [0x00000000eab00000,0x00000000eab00000,0x00000000f1580000)
  from space 112128K, 74% used [0x00000000f8700000,0x00000000fd9169f8,0x00000000ff480000)
  to   space 116224K, 0% used [0x00000000f1580000,0x00000000f1580000,0x00000000f8700000)
 ParOldGen       total 378368K, used 294054K [0x00000000c0000000, 0x00000000d7180000, 0x00000000eab00000)
  object space 378368K, 77% used [0x00000000c0000000,0x00000000d1f29820,0x00000000d7180000)
 Metaspace       used 6550K, capacity 7256K, committed 7424K, reserved 1056768K
  class space    used 625K, capacity 656K, committed 768K, reserved 1048576K
}
Event: 56.421 GC heap before
{Heap before GC invocations=30 (full 5):
 PSYoungGen      total 221184K, used 193114K [0x00000000eab00000, 0x00000000ffc80000, 0x0000000100000000)
  eden space 109056K, 100% used [0x00000000eab00000,0x00000000f1580000,0x00000000f1580000)
  from space 112128K, 74% used [0x00000000f8700000,0x00000000fd9169f8,0x00000000ff480000)
  to   space 116224K, 0% used [0x00000000f1580000,0x00000000f1580000,0x00000000f8700000)
 ParOldGen       total 378368K, used 294054K [0x00000000c0000000, 0x00000000d7180000, 0x00000000eab00000)
  object space 378368K, 77% used [0x00000000c0000000,0x00000000d1f29820,0x00000000d7180000)
 Metaspace       used 6550K, capacity 7256K, committed 7424K, reserved 1056768K
  class space    used 625K, capacity 656K, committed 768K, reserved 1048576K
Event: 56.551 GC heap after
Heap after GC invocations=30 (full 5):
 PSYoungGen      total 225280K, used 24984K [0x00000000eab00000, 0x0000000100000000, 0x0000000100000000)
  eden space 109056K, 0% used [0x00000000eab00000,0x00000000eab00000,0x00000000f1580000)
  from space 116224K, 21% used [0x00000000f1580000,0x00000000f2de61b8,0x00000000f8700000)
  to   space 116224K, 0% used [0x00000000f8e80000,0x00000000f8e80000,0x0000000100000000)
 ParOldGen       total 378368K, used 374165K [0x00000000c0000000, 0x00000000d7180000, 0x00000000eab00000)
  object space 378368K, 98% used [0x00000000c0000000,0x00000000d6d65688,0x00000000d7180000)
 Metaspace       used 6550K, capacity 7256K, committed 7424K, reserved 1056768K
  class space    used 625K, capacity 656K, committed 768K, reserved 1048576K
}
Event: 56.551 GC heap before
{Heap before GC invocations=31 (full 6):
 PSYoungGen      total 225280K, used 24984K [0x00000000eab00000, 0x0000000100000000, 0x0000000100000000)
  eden space 109056K, 0% used [0x00000000eab00000,0x00000000eab00000,0x00000000f1580000)
  from space 116224K, 21% used [0x00000000f1580000,0x00000000f2de61b8,0x00000000f8700000)
  to   space 116224K, 0% used [0x00000000f8e80000,0x00000000f8e80000,0x0000000100000000)
 ParOldGen       total 378368K, used 374165K [0x00000000c0000000, 0x00000000d7180000, 0x00000000eab00000)
  object space 378368K, 98% used [0x00000000c0000000,0x00000000d6d65688,0x00000000d7180000)
 Metaspace       used 6550K, capacity 7256K, committed 7424K, reserved 1056768K
  class space    used 625K, capacity 656K, committed 768K, reserved 1048576K
Event: 57.978 GC heap after
Heap after GC invocations=31 (full 6):
 PSYoungGen      total 225280K, used 0K [0x00000000eab00000, 0x0000000100000000, 0x0000000100000000)
  eden space 109056K, 0% used [0x00000000eab00000,0x00000000eab00000,0x00000000f1580000)
  from space 116224K, 0% used [0x00000000f1580000,0x00000000f1580000,0x00000000f8700000)
  to   space 116224K, 0% used [0x00000000f8e80000,0x00000000f8e80000,0x0000000100000000)
 ParOldGen       total 378368K, used 225421K [0x00000000c0000000, 0x00000000d7180000, 0x00000000eab00000)
  object space 378368K, 59% used [0x00000000c0000000,0x00000000cdc236d0,0x00000000d7180000)
 Metaspace       used 6550K, capacity 7256K, committed 7424K, reserved 1056768K
  class space    used 625K, capacity 656K, committed 768K, reserved 1048576K
}

Deoptimization events (10 events):
Event: 56.298 Thread 0x000000001775f000 Uncommon trap: reason=class_check action=maybe_recompile pc=0x0000000003570608 method=com.android.dx.cf.code.RopperMachine.run(Lcom/android/dx/cf/code/Frame;II)V @ 310
Event: 56.314 Thread 0x0000000002c50800 Uncommon trap: reason=unstable_if action=reinterpret pc=0x000000000363c988 method=com.android.dx.ssa.Dominators.run()V @ 346
Event: 56.382 Thread 0x000000001775f000 Uncommon trap: reason=unstable_if action=reinterpret pc=0x0000000003489188 method=com.android.dx.cf.code.Merger.mergeType(Lcom/android/dx/rop/type/TypeBearer;Lcom/android/dx/rop/type/TypeBearer;)Lcom/android/dx/rop/type/TypeBearer; @ 77
Event: 56.382 Thread 0x000000001775f000 Uncommon trap: reason=unstable_if action=reinterpret pc=0x000000000300ad7c method=com.android.dx.cf.code.Merger.mergeType(Lcom/android/dx/rop/type/TypeBearer;Lcom/android/dx/rop/type/TypeBearer;)Lcom/android/dx/rop/type/TypeBearer; @ 52
Event: 58.477 Thread 0x00000000170e6800 Uncommon trap: reason=unstable_if action=reinterpret pc=0x0000000002feb888 method=com.android.dx.cf.code.RopperMachine.run(Lcom/android/dx/cf/code/Frame;II)V @ 1148
Event: 58.478 Thread 0x0000000002c50800 Uncommon trap: reason=unstable_if action=reinterpret pc=0x0000000003043788 method=com.android.dx.ssa.PhiTypeResolver.equalsHandlesNulls(Lcom/android/dx/rop/code/LocalItem;Lcom/android/dx/rop/code/LocalItem;)Z @ 2
Event: 58.496 Thread 0x0000000002c50800 Uncommon trap: reason=class_check action=maybe_recompile pc=0x0000000002fd6e08 method=com.android.dx.cf.code.BytecodeArray.parseInstruction(ILcom/android/dx/cf/code/BytecodeArray$Visitor;)I @ 2002
Event: 58.496 Thread 0x0000000002c50800 Uncommon trap: reason=class_check action=maybe_recompile pc=0x0000000002fd6e08 method=com.android.dx.cf.code.BytecodeArray.parseInstruction(ILcom/android/dx/cf/code/BytecodeArray$Visitor;)I @ 2002
Event: 58.496 Thread 0x0000000002c50800 Uncommon trap: reason=class_check action=maybe_recompile pc=0x0000000002fd6e08 method=com.android.dx.cf.code.BytecodeArray.parseInstruction(ILcom/android/dx/cf/code/BytecodeArray$Visitor;)I @ 2002
Event: 58.496 Thread 0x0000000002c50800 Uncommon trap: reason=class_check action=maybe_recompile pc=0x0000000002fd6e08 method=com.android.dx.cf.code.BytecodeArray.parseInstruction(ILcom/android/dx/cf/code/BytecodeArray$Visitor;)I @ 2002

Internal exceptions (6 events):
Event: 0.147 Thread 0x0000000002c50800 Exception <a 'java/lang/NoSuchMethodError': Method sun.misc.Unsafe.defineClass(Ljava/lang/String;[BII)Ljava/lang/Class; name or signature does not match> (0x00000000eab0d5b8) thrown at [D:\re\puppet\workspace\8-2-build-windows-amd64-cygwin\jdk8u73\6086\hotnzï/+ÖÂ?
Event: 0.147 Thread 0x0000000002c50800 Exception <a 'java/lang/NoSuchMethodError': Method sun.misc.Unsafe.prefetchRead(Ljava/lang/Object;J)V name or signature does not match> (0x00000000eab0d8a0) thrown at [D:\re\puppet\workspace\8-2-build-windows-amd64-cygwin\jdk8u73\6086\hotspot\src\share\vm\ìÝmÝb@
Event: 2.673 Thread 0x0000000002c50800 Implicit null exception at 0x00000000030074e2 to 0x00000000030075da
Event: 5.666 Thread 0x000000001775f000 Exception <a 'java/lang/ArrayIndexOutOfBoundsException': 18> (0x00000000ec301400) thrown at [D:\re\puppet\workspace\8-2-build-windows-amd64-cygwin\jdk8u73\6086\hotspot\src\share\vm\interpreter\interpreterRuntime.cpp, line 366]
Event: 5.667 Thread 0x000000001775f000 Exception <a 'java/lang/ArrayIndexOutOfBoundsException': 145> (0x00000000ec302f80) thrown at [D:\re\puppet\workspace\8-2-build-windows-amd64-cygwin\jdk8u73\6086\hotspot\src\share\vm\interpreter\interpreterRuntime.cpp, line 366]
Event: 5.668 Thread 0x000000001775f000 Exception <a 'java/lang/ArrayIndexOutOfBoundsException'> (0x00000000ec304268) thrown at [D:\re\puppet\workspace\8-2-build-windows-amd64-cygwin\jdk8u73\6086\hotspot\src\share\vm\runtime\sharedRuntime.cpp, line 605]

Events (10 events):
Event: 58.496 Thread 0x0000000002c50800 DEOPT UNPACKING pc=0x0000000002d9582a sp=0x0000000002c4e138 mode 2
Event: 58.496 Thread 0x0000000002c50800 Uncommon trap: trap_request=0xffffffde fr.pc=0x0000000002fd6e08
Event: 58.496 Thread 0x0000000002c50800 DEOPT PACKING pc=0x0000000002fd6e08 sp=0x0000000002c4e1b0
Event: 58.496 Thread 0x0000000002c50800 DEOPT UNPACKING pc=0x0000000002d9582a sp=0x0000000002c4e138 mode 2
Event: 58.496 Thread 0x0000000002c50800 Uncommon trap: trap_request=0xffffffde fr.pc=0x0000000002fd6e08
Event: 58.496 Thread 0x0000000002c50800 DEOPT PACKING pc=0x0000000002fd6e08 sp=0x0000000002c4e1b0
Event: 58.496 Thread 0x0000000002c50800 DEOPT UNPACKING pc=0x0000000002d9582a sp=0x0000000002c4e138 mode 2
Event: 58.496 Thread 0x0000000002c50800 Uncommon trap: trap_request=0xffffffde fr.pc=0x0000000002fd6e08
Event: 58.496 Thread 0x0000000002c50800 DEOPT PACKING pc=0x0000000002fd6e08 sp=0x0000000002c4e1b0
Event: 58.496 Thread 0x0000000002c50800 DEOPT UNPACKING pc=0x0000000002d9582a sp=0x0000000002c4e138 mode 2


Dynamic libraries:
0x00007ff602f90000 - 0x00007ff602fc7000 	C:\Program Files\Java\jdk1.8.0_73\bin\java.exe
0x00007ffc2ab30000 - 0x00007ffc2acf2000 	C:\Windows\SYSTEM32\ntdll.dll
0x00007ffc28f50000 - 0x00007ffc28ffd000 	C:\Windows\system32\KERNEL32.DLL
0x00007ffc27fe0000 - 0x00007ffc281bd000 	C:\Windows\system32\KERNELBASE.dll
0x00007ffc287d0000 - 0x00007ffc28876000 	C:\Windows\system32\ADVAPI32.dll
0x00007ffc286d0000 - 0x00007ffc2876d000 	C:\Windows\system32\msvcrt.dll
0x00007ffc28de0000 - 0x00007ffc28e3b000 	C:\Windows\system32\sechost.dll
0x00007ffc28c60000 - 0x00007ffc28d86000 	C:\Windows\system32\RPCRT4.dll
0x00007ffc292e0000 - 0x00007ffc2942e000 	C:\Windows\system32\USER32.dll
0x00007ffc29430000 - 0x00007ffc295b6000 	C:\Windows\system32\GDI32.dll
0x00007ffc1df00000 - 0x00007ffc1e174000 	C:\Windows\WinSxS\amd64_microsoft.windows.common-controls_6595b64144ccf1df_6.0.10240.16384_none_f41f7b285750ef43\COMCTL32.dll
0x00007ffc28da0000 - 0x00007ffc28dd6000 	C:\Windows\system32\IMM32.DLL
0x00007ffc282c0000 - 0x00007ffc2841c000 	C:\Windows\system32\MSCTF.dll
0x0000000054820000 - 0x00000000548f2000 	C:\Program Files\Java\jdk1.8.0_73\jre\bin\msvcr100.dll
0x0000000054ad0000 - 0x0000000055360000 	C:\Program Files\Java\jdk1.8.0_73\jre\bin\server\jvm.dll
0x00007ffc28c50000 - 0x00007ffc28c58000 	C:\Windows\system32\PSAPI.DLL
0x00007ffc23f20000 - 0x00007ffc23f29000 	C:\Windows\SYSTEM32\WSOCK32.dll
0x00007ffc29000000 - 0x00007ffc29069000 	C:\Windows\system32\WS2_32.dll
0x00007ffc28240000 - 0x00007ffc28248000 	C:\Windows\system32\NSI.dll
0x00007ffc25540000 - 0x00007ffc25563000 	C:\Windows\SYSTEM32\WINMM.dll
0x00007ffc250d0000 - 0x00007ffc250da000 	C:\Windows\SYSTEM32\VERSION.dll
0x00007ffc25510000 - 0x00007ffc2553c000 	C:\Windows\SYSTEM32\WINMMBASE.dll
0x00007ffc275c0000 - 0x00007ffc27604000 	C:\Windows\system32\cfgmgr32.dll
0x00007ffc25e90000 - 0x00007ffc25eb7000 	C:\Windows\SYSTEM32\DEVOBJ.dll
0x0000000055f00000 - 0x0000000055f0f000 	C:\Program Files\Java\jdk1.8.0_73\jre\bin\verify.dll
0x0000000055720000 - 0x0000000055749000 	C:\Program Files\Java\jdk1.8.0_73\jre\bin\java.dll
0x0000000055700000 - 0x0000000055716000 	C:\Program Files\Java\jdk1.8.0_73\jre\bin\zip.dll
0x00007ffc295c0000 - 0x00007ffc2ab28000 	C:\Windows\system32\SHELL32.dll
0x00007ffc27780000 - 0x00007ffc27da8000 	C:\Windows\system32\windows.storage.dll
0x00007ffc289d0000 - 0x00007ffc28c4c000 	C:\Windows\system32\combase.dll
0x00007ffc28770000 - 0x00007ffc287c1000 	C:\Windows\system32\shlwapi.dll
0x00007ffc27520000 - 0x00007ffc2752f000 	C:\Windows\system32\kernel.appcore.dll
0x00007ffc276c0000 - 0x00007ffc27773000 	C:\Windows\system32\shcore.dll
0x00007ffc27530000 - 0x00007ffc2757a000 	C:\Windows\system32\powrprof.dll
0x00007ffc275a0000 - 0x00007ffc275b3000 	C:\Windows\system32\profapi.dll
0x00007ffc29070000 - 0x00007ffc2912e000 	C:\Windows\system32\OLEAUT32.dll

VM Arguments:
jvm_args: -Djava.awt.headless=true -Xmx1024M -Dfile.encoding=windows-1252 -Duser.country=US -Duser.language=en -Duser.variant 
java_command: com.android.dx.command.Main --dex --num-threads=4 --output C:\Users\droiD\Studio\ADVANCEDapp\app\build\intermediates\pre-dexed\debug\com.google.android.gms-play-services-ads-8.4.0_f44d2fd9073ce7a427a0d09f4a744cc068dcd846.jar C:\Users\droiD\Studio\ADVANCEDapp\app\build\intermediates\exploded-aar\com.google.android.gms\play-services-ads\8.4.0\jars\classes.jar
java_class_path (initial): C:\Users\droiD\AppData\Local\Android\sdk\build-tools\23.0.3\lib\dx.jar
Launcher Type: SUN_STANDARD

Environment Variables:
PATH=C:\ProgramData\Oracle\Java\javapath;C:\Program Files (x86)\Intel\iCLS Client\;C:\Program Files\Intel\iCLS Client\;C:\Windows\system32;C:\Windows;C:\Windows\System32\Wbem;C:\Windows\System32\WindowsPowerShell\v1.0\;C:\Program Files (x86)\NVIDIA Corporation\PhysX\Common;C:\Program Files\Intel\Intel(R) Management Engine Components\DAL;C:\Program Files\Intel\Intel(R) Management Engine Components\IPT;C:\Program Files (x86)\Intel\Intel(R) Management Engine Components\DAL;C:\Program Files (x86)\Intel\Intel(R) Management Engine Components\IPT;C:\Program Files\Git\cmd
USERNAME=droiD
OS=Windows_NT
PROCESSOR_IDENTIFIER=Intel64 Family 6 Model 69 Stepping 1, GenuineIntel



---------------  S Y S T E M  ---------------

OS: Windows 10.0 , 64 bit Build 10240 (10.0.10240.16384)

CPU:total 4 (2 cores per cpu, 2 threads per core) family 6 model 69 stepping 1, cmov, cx8, fxsr, mmx, sse, sse2, sse3, ssse3, sse4.1, sse4.2, popcnt, avx, avx2, aes, clmul, erms, lzcnt, ht, tsc, tscinvbit, bmi1, bmi2

Memory: 4k page, physical 4074904k(187492k free), swap 6172056k(6476k free)

vm_info: Java HotSpot(TM) 64-Bit Server VM (25.73-b02) for windows-amd64 JRE (1.8.0_73-b02), built on Jan 29 2016 17:38:49 by "java_re" with MS VC++ 10.0 (VS2010)

time: Sun May 22 00:55:41 2016
elapsed time: 58 seconds (0d 0h 0m 58s)

