#
# There is insufficient memory for the Java Runtime Environment to continue.
# Native memory allocation (malloc) failed to allocate 331376 bytes for Chunk::new
# Possible reasons:
#   The system is out of physical RAM or swap space
#   In 32 bit mode, the process size limit was hit
# Possible solutions:
#   Reduce memory load on the system
#   Increase physical memory or swap space
#   Check if swap backing store is full
#   Use 64 bit Java on a 64 bit OS
#   Decrease Java heap size (-Xmx/-Xms)
#   Decrease number of Java threads
#   Decrease Java thread stack sizes (-Xss)
#   Set larger code cache with -XX:ReservedCodeCacheSize=
# This output file may be truncated or incomplete.
#
#  Out of Memory Error (allocation.cpp:390), pid=1316, tid=5020
#
# JRE version: Java(TM) SE Runtime Environment (8.0_73-b02) (build 1.8.0_73-b02)
# Java VM: Java HotSpot(TM) 64-Bit Server VM (25.73-b02 mixed mode windows-amd64 compressed oops)
# Failed to write core dump. Minidumps are not enabled by default on client versions of Windows
#

---------------  T H R E A D  ---------------

Current thread (0x000000001515b000):  JavaThread "C2 CompilerThread1" daemon [_thread_in_native, id=5020, stack(0x00000000168a0000,0x00000000169a0000)]

Stack: [0x00000000168a0000,0x00000000169a0000]
[error occurred during error reporting (printing stack bounds), id 0xc0000005]

Native frames: (J=compiled Java code, j=interpreted, Vv=VM code, C=native code)


Current CompileTask:
C2:  21361 1886   !   4       com.android.dx.cf.code.BytecodeArray::parseInstruction (2764 bytes)


---------------  P R O C E S S  ---------------

Java Threads: ( => current thread )
  0x0000000016c2c000 JavaThread "pool-1-thread-4" [_thread_in_Java, id=8480, stack(0x00000000174a0000,0x00000000175a0000)]
  0x0000000016c20800 JavaThread "pool-2-thread-1" [_thread_blocked, id=7620, stack(0x00000000171a0000,0x00000000172a0000)]
  0x00000000169ab000 JavaThread "Service Thread" daemon [_thread_blocked, id=8340, stack(0x0000000016ea0000,0x0000000016fa0000)]
  0x00000000169a8800 JavaThread "C1 CompilerThread2" daemon [_thread_blocked, id=8316, stack(0x0000000016da0000,0x0000000016ea0000)]
=>0x000000001515b000 JavaThread "C2 CompilerThread1" daemon [_thread_in_native, id=5020, stack(0x00000000168a0000,0x00000000169a0000)]
  0x0000000015158000 JavaThread "C2 CompilerThread0" daemon [_thread_in_native, id=5852, stack(0x00000000167a0000,0x00000000168a0000)]
  0x0000000015156000 JavaThread "Attach Listener" daemon [_thread_blocked, id=5656, stack(0x00000000166a0000,0x00000000167a0000)]
  0x000000001516c000 JavaThread "Signal Dispatcher" daemon [_thread_blocked, id=7520, stack(0x00000000165a0000,0x00000000166a0000)]
  0x0000000015129800 JavaThread "Finalizer" daemon [_thread_blocked, id=4136, stack(0x00000000163c0000,0x00000000164c0000)]
  0x0000000002a7e800 JavaThread "Reference Handler" daemon [_thread_blocked, id=8024, stack(0x00000000162c0000,0x00000000163c0000)]
  0x0000000002990800 JavaThread "main" [_thread_blocked, id=2328, stack(0x00000000027f0000,0x00000000028f0000)]

Other Threads:
  0x0000000015126800 VMThread [stack: 0x00000000161c0000,0x00000000162c0000] [id=8796]
  0x00000000169b2800 WatcherThread [stack: 0x0000000016fa0000,0x00000000170a0000] [id=6484]

VM state:not at safepoint (normal execution)

VM Mutex/Monitor currently owned by a thread: None

Heap:
 PSYoungGen      total 73216K, used 17084K [0x00000000eab00000, 0x00000000f4400000, 0x0000000100000000)
  eden space 65024K, 13% used [0x00000000eab00000,0x00000000eb3b4008,0x00000000eea80000)
  from space 8192K, 99% used [0x00000000eea80000,0x00000000ef27b080,0x00000000ef280000)
  to   space 13312K, 0% used [0x00000000f3700000,0x00000000f3700000,0x00000000f4400000)
 ParOldGen       total 44032K, used 22295K [0x00000000c0000000, 0x00000000c2b00000, 0x00000000eab00000)
  object space 44032K, 50% used [0x00000000c0000000,0x00000000c15c5d88,0x00000000c2b00000)
 Metaspace       used 6387K, capacity 7192K, committed 7424K, reserved 1056768K
  class space    used 625K, capacity 656K, committed 768K, reserved 1048576K

Card table byte_map: [0x0000000011e50000,0x0000000012060000] byte_map_base: 0x0000000011850000

Marking Bits: (ParMarkBitMap*) 0x00000000552e0600
 Begin Bits: [0x00000000125c0000, 0x00000000135c0000)
 End Bits:   [0x00000000135c0000, 0x00000000145c0000)

Polling page: 0x0000000001210000

CodeCache: size=245760Kb used=8087Kb max_used=8087Kb free=237672Kb
 bounds [0x0000000002a90000, 0x0000000003280000, 0x0000000011a90000]
 total_blobs=2027 nmethods=1757 adapters=182
 compilation: enabled

Compilation events (10 events):
Event: 21.238 Thread 0x00000000169a8800 nmethod 1925 0x000000000326f310 code [0x000000000326f480, 0x000000000326f870]
Event: 21.239 Thread 0x00000000169a8800 1926       2       java.lang.System$2::invokeFinalize (5 bytes)
Event: 21.239 Thread 0x00000000169a8800 nmethod 1926 0x00000000032539d0 code [0x0000000003253b40, 0x0000000003253cc8]
Event: 21.239 Thread 0x00000000169a8800 1927       2       java.lang.ref.Reference::clear (6 bytes)
Event: 21.239 Thread 0x00000000169a8800 nmethod 1927 0x000000000326f9d0 code [0x000000000326fb20, 0x000000000326fc90]
Event: 21.262 Thread 0x00000000169a8800 1940       2       com.android.dx.ssa.back.FirstFitLocalCombiningAllocator::ssaSetToSpecs (57 bytes)
Event: 21.263 Thread 0x00000000169a8800 nmethod 1940 0x000000000326fd10 code [0x000000000326ff20, 0x0000000003270718]
Event: 21.346 Thread 0x00000000169a8800 1941 %     3       com.android.dx.dex.cf.CfTranslator::translate0 @ 141 (259 bytes)
Event: 21.351 Thread 0x00000000169a8800 nmethod 1941% 0x0000000003271110 code [0x00000000032715a0, 0x00000000032745f8]
Event: 21.351 Thread 0x00000000169a8800 1942       3       com.android.dx.dex.cf.CfTranslator::translate0 (259 bytes)

GC Heap History (10 events):
Event: 15.500 GC heap before
{Heap before GC invocations=3 (full 0):
 PSYoungGen      total 18944K, used 18944K [0x00000000eab00000, 0x00000000ed000000, 0x0000000100000000)
  eden space 16384K, 100% used [0x00000000eab00000,0x00000000ebb00000,0x00000000ebb00000)
  from space 2560K, 100% used [0x00000000ebd80000,0x00000000ec000000,0x00000000ec000000)
  to   space 2560K, 0% used [0x00000000ebb00000,0x00000000ebb00000,0x00000000ebd80000)
 ParOldGen       total 44032K, used 3860K [0x00000000c0000000, 0x00000000c2b00000, 0x00000000eab00000)
  object space 44032K, 8% used [0x00000000c0000000,0x00000000c03c5178,0x00000000c2b00000)
 Metaspace       used 6148K, capacity 7024K, committed 7296K, reserved 1056768K
  class space    used 600K, capacity 616K, committed 640K, reserved 1048576K
Event: 15.513 GC heap after
Heap after GC invocations=3 (full 0):
 PSYoungGen      total 18944K, used 2551K [0x00000000eab00000, 0x00000000ed000000, 0x0000000100000000)
  eden space 16384K, 0% used [0x00000000eab00000,0x00000000eab00000,0x00000000ebb00000)
  from space 2560K, 99% used [0x00000000ebb00000,0x00000000ebd7dee8,0x00000000ebd80000)
  to   space 2560K, 0% used [0x00000000ecd80000,0x00000000ecd80000,0x00000000ed000000)
 ParOldGen       total 44032K, used 6658K [0x00000000c0000000, 0x00000000c2b00000, 0x00000000eab00000)
  object space 44032K, 15% used [0x00000000c0000000,0x00000000c0680980,0x00000000c2b00000)
 Metaspace       used 6148K, capacity 7024K, committed 7296K, reserved 1056768K
  class space    used 600K, capacity 616K, committed 640K, reserved 1048576K
}
Event: 15.827 GC heap before
{Heap before GC invocations=4 (full 0):
 PSYoungGen      total 18944K, used 18935K [0x00000000eab00000, 0x00000000ed000000, 0x0000000100000000)
  eden space 16384K, 100% used [0x00000000eab00000,0x00000000ebb00000,0x00000000ebb00000)
  from space 2560K, 99% used [0x00000000ebb00000,0x00000000ebd7dee8,0x00000000ebd80000)
  to   space 2560K, 0% used [0x00000000ecd80000,0x00000000ecd80000,0x00000000ed000000)
 ParOldGen       total 44032K, used 6658K [0x00000000c0000000, 0x00000000c2b00000, 0x00000000eab00000)
  object space 44032K, 15% used [0x00000000c0000000,0x00000000c0680980,0x00000000c2b00000)
 Metaspace       used 6204K, capacity 7088K, committed 7296K, reserved 1056768K
  class space    used 603K, capacity 616K, committed 640K, reserved 1048576K
Event: 15.855 GC heap after
Heap after GC invocations=4 (full 0):
 PSYoungGen      total 35328K, used 2552K [0x00000000eab00000, 0x00000000ed000000, 0x0000000100000000)
  eden space 32768K, 0% used [0x00000000eab00000,0x00000000eab00000,0x00000000ecb00000)
  from space 2560K, 99% used [0x00000000ecd80000,0x00000000ecffe330,0x00000000ed000000)
  to   space 2560K, 0% used [0x00000000ecb00000,0x00000000ecb00000,0x00000000ecd80000)
 ParOldGen       total 44032K, used 9741K [0x00000000c0000000, 0x00000000c2b00000, 0x00000000eab00000)
  object space 44032K, 22% used [0x00000000c0000000,0x00000000c0983658,0x00000000c2b00000)
 Metaspace       used 6204K, capacity 7088K, committed 7296K, reserved 1056768K
  class space    used 603K, capacity 616K, committed 640K, reserved 1048576K
}
Event: 16.780 GC heap before
{Heap before GC invocations=5 (full 0):
 PSYoungGen      total 35328K, used 35320K [0x00000000eab00000, 0x00000000ed000000, 0x0000000100000000)
  eden space 32768K, 100% used [0x00000000eab00000,0x00000000ecb00000,0x00000000ecb00000)
  from space 2560K, 99% used [0x00000000ecd80000,0x00000000ecffe330,0x00000000ed000000)
  to   space 2560K, 0% used [0x00000000ecb00000,0x00000000ecb00000,0x00000000ecd80000)
 ParOldGen       total 44032K, used 9741K [0x00000000c0000000, 0x00000000c2b00000, 0x00000000eab00000)
  object space 44032K, 22% used [0x00000000c0000000,0x00000000c0983658,0x00000000c2b00000)
 Metaspace       used 6322K, capacity 7128K, committed 7424K, reserved 1056768K
  class space    used 624K, capacity 656K, committed 768K, reserved 1048576K
Event: 16.853 GC heap after
Heap after GC invocations=5 (full 0):
 PSYoungGen      total 35328K, used 2557K [0x00000000eab00000, 0x00000000efa00000, 0x0000000100000000)
  eden space 32768K, 0% used [0x00000000eab00000,0x00000000eab00000,0x00000000ecb00000)
  from space 2560K, 99% used [0x00000000ecb00000,0x00000000ecd7f728,0x00000000ecd80000)
  to   space 7680K, 0% used [0x00000000ef280000,0x00000000ef280000,0x00000000efa00000)
 ParOldGen       total 44032K, used 14334K [0x00000000c0000000, 0x00000000c2b00000, 0x00000000eab00000)
  object space 44032K, 32% used [0x00000000c0000000,0x00000000c0dffbd0,0x00000000c2b00000)
 Metaspace       used 6322K, capacity 7128K, committed 7424K, reserved 1056768K
  class space    used 624K, capacity 656K, committed 768K, reserved 1048576K
}
Event: 17.854 GC heap before
{Heap before GC invocations=6 (full 0):
 PSYoungGen      total 35328K, used 35325K [0x00000000eab00000, 0x00000000efa00000, 0x0000000100000000)
  eden space 32768K, 100% used [0x00000000eab00000,0x00000000ecb00000,0x00000000ecb00000)
  from space 2560K, 99% used [0x00000000ecb00000,0x00000000ecd7f728,0x00000000ecd80000)
  to   space 7680K, 0% used [0x00000000ef280000,0x00000000ef280000,0x00000000efa00000)
 ParOldGen       total 44032K, used 14334K [0x00000000c0000000, 0x00000000c2b00000, 0x00000000eab00000)
  object space 44032K, 32% used [0x00000000c0000000,0x00000000c0dffbd0,0x00000000c2b00000)
 Metaspace       used 6332K, capacity 7128K, committed 7424K, reserved 1056768K
  class space    used 624K, capacity 656K, committed 768K, reserved 1048576K
Event: 17.974 GC heap after
Heap after GC invocations=6 (full 0):
 PSYoungGen      total 72704K, used 7368K [0x00000000eab00000, 0x00000000efb00000, 0x0000000100000000)
  eden space 65024K, 0% used [0x00000000eab00000,0x00000000eab00000,0x00000000eea80000)
  from space 7680K, 95% used [0x00000000ef280000,0x00000000ef9b21a8,0x00000000efa00000)
  to   space 8192K, 0% used [0x00000000eea80000,0x00000000eea80000,0x00000000ef280000)
 ParOldGen       total 44032K, used 14334K [0x00000000c0000000, 0x00000000c2b00000, 0x00000000eab00000)
  object space 44032K, 32% used [0x00000000c0000000,0x00000000c0dffbd0,0x00000000c2b00000)
 Metaspace       used 6332K, capacity 7128K, committed 7424K, reserved 1056768K
  class space    used 624K, capacity 656K, committed 768K, reserved 1048576K
}
Event: 20.913 GC heap before
{Heap before GC invocations=7 (full 0):
 PSYoungGen      total 72704K, used 72392K [0x00000000eab00000, 0x00000000efb00000, 0x0000000100000000)
  eden space 65024K, 100% used [0x00000000eab00000,0x00000000eea80000,0x00000000eea80000)
  from space 7680K, 95% used [0x00000000ef280000,0x00000000ef9b21a8,0x00000000efa00000)
  to   space 8192K, 0% used [0x00000000eea80000,0x00000000eea80000,0x00000000ef280000)
 ParOldGen       total 44032K, used 14334K [0x00000000c0000000, 0x00000000c2b00000, 0x00000000eab00000)
  object space 44032K, 32% used [0x00000000c0000000,0x00000000c0dffbd0,0x00000000c2b00000)
 Metaspace       used 6386K, capacity 7192K, committed 7424K, reserved 1056768K
  class space    used 625K, capacity 656K, committed 768K, reserved 1048576K
Event: 21.234 GC heap after
Heap after GC invocations=7 (full 0):
 PSYoungGen      total 73216K, used 8172K [0x00000000eab00000, 0x00000000f4400000, 0x0000000100000000)
  eden space 65024K, 0% used [0x00000000eab00000,0x00000000eab00000,0x00000000eea80000)
  from space 8192K, 99% used [0x00000000eea80000,0x00000000ef27b080,0x00000000ef280000)
  to   space 13312K, 0% used [0x00000000f3700000,0x00000000f3700000,0x00000000f4400000)
 ParOldGen       total 44032K, used 22295K [0x00000000c0000000, 0x00000000c2b00000, 0x00000000eab00000)
  object space 44032K, 50% used [0x00000000c0000000,0x00000000c15c5d88,0x00000000c2b00000)
 Metaspace       used 6386K, capacity 7192K, committed 7424K, reserved 1056768K
  class space    used 625K, capacity 656K, committed 768K, reserved 1048576K
}

Deoptimization events (10 events):
Event: 18.230 Thread 0x0000000002990800 Uncommon trap: reason=bimorphic action=maybe_recompile pc=0x000000000312dec8 method=com.android.dx.cf.code.BytecodeArray.parseInstruction(ILcom/android/dx/cf/code/BytecodeArray$Visitor;)I @ 2484
Event: 18.242 Thread 0x0000000002990800 Uncommon trap: reason=unstable_if action=reinterpret pc=0x0000000003147afc method=com.android.dx.ssa.LocalVariableExtractor.processBlock(I)V @ 251
Event: 18.805 Thread 0x0000000016c2c000 Uncommon trap: reason=unstable_if action=reinterpret pc=0x0000000003193048 method=com.android.dx.rop.code.DexTranslationAdvice.hasConstantOperation(Lcom/android/dx/rop/code/Rop;Lcom/android/dx/rop/code/RegisterSpec;Lcom/android/dx/rop/code/RegisterSpec;)Z 
Event: 18.890 Thread 0x0000000016c2a000 Uncommon trap: reason=bimorphic action=maybe_recompile pc=0x000000000312dec8 method=com.android.dx.cf.code.BytecodeArray.parseInstruction(ILcom/android/dx/cf/code/BytecodeArray$Visitor;)I @ 2484
Event: 18.890 Thread 0x0000000016c2a000 Uncommon trap: reason=bimorphic action=maybe_recompile pc=0x000000000312dec8 method=com.android.dx.cf.code.BytecodeArray.parseInstruction(ILcom/android/dx/cf/code/BytecodeArray$Visitor;)I @ 2484
Event: 19.131 Thread 0x0000000016c2a000 Uncommon trap: reason=unstable_if action=reinterpret pc=0x0000000003174a4c method=com.android.dx.rop.code.LocalVariableInfo.mergeStarts(ILcom/android/dx/rop/code/RegisterSpecSet;)Z @ 31
Event: 20.565 Thread 0x0000000016c28000 Uncommon trap: reason=bimorphic action=maybe_recompile pc=0x0000000003213a74 method=com.android.dx.cf.code.BytecodeArray.parseInstruction(ILcom/android/dx/cf/code/BytecodeArray$Visitor;)I @ 923
Event: 20.566 Thread 0x0000000016c28000 Uncommon trap: reason=bimorphic action=maybe_recompile pc=0x00000000032141e0 method=com.android.dx.cf.code.BytecodeArray.parseInstruction(ILcom/android/dx/cf/code/BytecodeArray$Visitor;)I @ 1287
Event: 20.570 Thread 0x0000000016c28000 Uncommon trap: reason=bimorphic action=maybe_recompile pc=0x0000000003213a74 method=com.android.dx.cf.code.BytecodeArray.parseInstruction(ILcom/android/dx/cf/code/BytecodeArray$Visitor;)I @ 923
Event: 20.635 Thread 0x0000000016c28000 Uncommon trap: reason=unstable_if action=reinterpret pc=0x0000000003209ca0 method=com.android.dx.rop.code.RegisterSpec.intersect(Lcom/android/dx/rop/code/RegisterSpec;Z)Lcom/android/dx/rop/code/RegisterSpec; @ 42

Internal exceptions (6 events):
Event: 3.637 Thread 0x0000000002990800 Exception <a 'java/lang/NoSuchMethodError': Method sun.misc.Unsafe.defineClass(Ljava/lang/String;[BII)Ljava/lang/Class; name or signature does not match> (0x00000000eab0d5a8) thrown at [D:\re\puppet\workspace\8-2-build-windows-amd64-cygwin\jdk8u73\6086\hotƒÝ‹
'@
Event: 3.637 Thread 0x0000000002990800 Exception <a 'java/lang/NoSuchMethodError': Method sun.misc.Unsafe.prefetchRead(Ljava/lang/Object;J)V name or signature does not match> (0x00000000eab0d890) thrown at [D:\re\puppet\workspace\8-2-build-windows-amd64-cygwin\jdk8u73\6086\hotspot\src\share\vm\Ðæ„_¢l/@
Event: 15.712 Thread 0x0000000016c2a000 Implicit null exception at 0x0000000002dc3a48 to 0x0000000002dc5791
Event: 16.052 Thread 0x0000000016c2a000 Exception <a 'java/lang/ArrayIndexOutOfBoundsException': 18> (0x00000000eb6f1ce0) thrown at [D:\re\puppet\workspace\8-2-build-windows-amd64-cygwin\jdk8u73\6086\hotspot\src\share\vm\interpreter\interpreterRuntime.cpp, line 366]
Event: 16.053 Thread 0x0000000016c2a000 Exception <a 'java/lang/ArrayIndexOutOfBoundsException'> (0x00000000eb6f3860) thrown at [D:\re\puppet\workspace\8-2-build-windows-amd64-cygwin\jdk8u73\6086\hotspot\src\share\vm\runtime\sharedRuntime.cpp, line 605]
Event: 16.054 Thread 0x0000000016c2a000 Exception <a 'java/lang/ArrayIndexOutOfBoundsException'> (0x00000000eb6f4b48) thrown at [D:\re\puppet\workspace\8-2-build-windows-amd64-cygwin\jdk8u73\6086\hotspot\src\share\vm\runtime\sharedRuntime.cpp, line 605]

Events (10 events):
Event: 20.626 loading class java/util/HashMap$KeyIterator done
Event: 20.635 Thread 0x0000000016c28000 Uncommon trap: trap_request=0xffffff65 fr.pc=0x0000000003209ca0
Event: 20.635 Thread 0x0000000016c28000 DEOPT PACKING pc=0x0000000003209ca0 sp=0x000000001739e870
Event: 20.635 Thread 0x0000000016c28000 DEOPT UNPACKING pc=0x0000000002ad582a sp=0x000000001739e790 mode 2
Event: 20.651 Thread 0x0000000016c28000 Thread exited: 0x0000000016c28000
Event: 20.872 Thread 0x0000000016c2a000 Thread exited: 0x0000000016c2a000
Event: 20.911 Executing VM operation: ParallelGCFailedAllocation
Event: 21.235 Executing VM operation: ParallelGCFailedAllocation done
Event: 21.351 Thread 0x0000000016c2c000 DEOPT PACKING pc=0x0000000002f2c506 sp=0x000000001759e1a0
Event: 21.351 Thread 0x0000000016c2c000 DEOPT UNPACKING pc=0x0000000002ad787f sp=0x000000001759dfe0 mode 0


Dynamic libraries:
0x00007ff602f90000 - 0x00007ff602fc7000 	C:\Program Files\Java\jdk1.8.0_73\bin\java.exe
0x00007ffc2ab30000 - 0x00007ffc2acf2000 	C:\Windows\SYSTEM32\ntdll.dll
0x00007ffc28f50000 - 0x00007ffc28ffd000 	C:\Windows\system32\KERNEL32.DLL
0x00007ffc27fe0000 - 0x00007ffc281bd000 	C:\Windows\system32\KERNELBASE.dll
0x00007ffc287d0000 - 0x00007ffc28876000 	C:\Windows\system32\ADVAPI32.dll
0x00007ffc286d0000 - 0x00007ffc2876d000 	C:\Windows\system32\msvcrt.dll
0x00007ffc28de0000 - 0x00007ffc28e3b000 	C:\Windows\system32\sechost.dll
0x00007ffc28c60000 - 0x00007ffc28d86000 	C:\Windows\system32\RPCRT4.dll
0x00007ffc292e0000 - 0x00007ffc2942e000 	C:\Windows\system32\USER32.dll
0x00007ffc29430000 - 0x00007ffc295b6000 	C:\Windows\system32\GDI32.dll
0x00007ffc1df00000 - 0x00007ffc1e174000 	C:\Windows\WinSxS\amd64_microsoft.windows.common-controls_6595b64144ccf1df_6.0.10240.16384_none_f41f7b285750ef43\COMCTL32.dll
0x00007ffc28da0000 - 0x00007ffc28dd6000 	C:\Windows\system32\IMM32.DLL
0x00007ffc282c0000 - 0x00007ffc2841c000 	C:\Windows\system32\MSCTF.dll
0x0000000054820000 - 0x00000000548f2000 	C:\Program Files\Java\jdk1.8.0_73\jre\bin\msvcr100.dll
0x0000000054ad0000 - 0x0000000055360000 	C:\Program Files\Java\jdk1.8.0_73\jre\bin\server\jvm.dll
0x00007ffc28c50000 - 0x00007ffc28c58000 	C:\Windows\system32\PSAPI.DLL
0x00007ffc23f20000 - 0x00007ffc23f29000 	C:\Windows\SYSTEM32\WSOCK32.dll
0x00007ffc29000000 - 0x00007ffc29069000 	C:\Windows\system32\WS2_32.dll
0x00007ffc28240000 - 0x00007ffc28248000 	C:\Windows\system32\NSI.dll
0x00007ffc25540000 - 0x00007ffc25563000 	C:\Windows\SYSTEM32\WINMM.dll
0x00007ffc250d0000 - 0x00007ffc250da000 	C:\Windows\SYSTEM32\VERSION.dll
0x00007ffc25510000 - 0x00007ffc2553c000 	C:\Windows\SYSTEM32\WINMMBASE.dll
0x00007ffc275c0000 - 0x00007ffc27604000 	C:\Windows\system32\cfgmgr32.dll
0x00007ffc25e90000 - 0x00007ffc25eb7000 	C:\Windows\SYSTEM32\DEVOBJ.dll
0x0000000055f00000 - 0x0000000055f0f000 	C:\Program Files\Java\jdk1.8.0_73\jre\bin\verify.dll
0x0000000055720000 - 0x0000000055749000 	C:\Program Files\Java\jdk1.8.0_73\jre\bin\java.dll
0x0000000055700000 - 0x0000000055716000 	C:\Program Files\Java\jdk1.8.0_73\jre\bin\zip.dll
0x00007ffc295c0000 - 0x00007ffc2ab28000 	C:\Windows\system32\SHELL32.dll
0x00007ffc27780000 - 0x00007ffc27da8000 	C:\Windows\system32\windows.storage.dll
0x00007ffc289d0000 - 0x00007ffc28c4c000 	C:\Windows\system32\combase.dll
0x00007ffc28770000 - 0x00007ffc287c1000 	C:\Windows\system32\shlwapi.dll
0x00007ffc27520000 - 0x00007ffc2752f000 	C:\Windows\system32\kernel.appcore.dll
0x00007ffc276c0000 - 0x00007ffc27773000 	C:\Windows\system32\shcore.dll
0x00007ffc27530000 - 0x00007ffc2757a000 	C:\Windows\system32\powrprof.dll
0x00007ffc275a0000 - 0x00007ffc275b3000 	C:\Windows\system32\profapi.dll
0x00007ffc29070000 - 0x00007ffc2912e000 	C:\Windows\system32\OLEAUT32.dll

VM Arguments:
jvm_args: -Djava.awt.headless=true -Xmx1024M -Dfile.encoding=windows-1252 -Duser.country=US -Duser.language=en -Duser.variant 
java_command: com.android.dx.command.Main --dex --num-threads=4 --output C:\Users\droiD\Studio\ADVANCEDapp\app\build\intermediates\pre-dexed\debug\com.android.support-recyclerview-v7-23.3.0_ccf4615171ea07c74ee1f2fdc92e3c7740181b88.jar C:\Users\droiD\Studio\ADVANCEDapp\app\build\intermediates\exploded-aar\com.android.support\recyclerview-v7\23.3.0\jars\classes.jar
java_class_path (initial): C:\Users\droiD\AppData\Local\Android\sdk\build-tools\23.0.3\lib\dx.jar
Launcher Type: SUN_STANDARD

Environment Variables:
PATH=C:\ProgramData\Oracle\Java\javapath;C:\Program Files (x86)\Intel\iCLS Client\;C:\Program Files\Intel\iCLS Client\;C:\Windows\system32;C:\Windows;C:\Windows\System32\Wbem;C:\Windows\System32\WindowsPowerShell\v1.0\;C:\Program Files (x86)\NVIDIA Corporation\PhysX\Common;C:\Program Files\Intel\Intel(R) Management Engine Components\DAL;C:\Program Files\Intel\Intel(R) Management Engine Components\IPT;C:\Program Files (x86)\Intel\Intel(R) Management Engine Components\DAL;C:\Program Files (x86)\Intel\Intel(R) Management Engine Components\IPT;C:\Program Files\Git\cmd
USERNAME=droiD
OS=Windows_NT
PROCESSOR_IDENTIFIER=Intel64 Family 6 Model 69 Stepping 1, GenuineIntel



---------------  S Y S T E M  ---------------

OS: Windows 10.0 , 64 bit Build 10240 (10.0.10240.16384)

CPU:total 4 (2 cores per cpu, 2 threads per core) family 6 model 69 stepping 1, cmov, cx8, fxsr, mmx, sse, sse2, sse3, ssse3, sse4.1, sse4.2, popcnt, avx, avx2, aes, clmul, erms, lzcnt, ht, tsc, tscinvbit, bmi1, bmi2

Memory: 4k page, physical 4074904k(207524k free), swap 6172056k(5296k free)

vm_info: Java HotSpot(TM) 64-Bit Server VM (25.73-b02) for windows-amd64 JRE (1.8.0_73-b02), built on Jan 29 2016 17:38:49 by "java_re" with MS VC++ 10.0 (VS2010)

time: Sun May 22 00:55:38 2016
elapsed time: 21 seconds (0d 0h 0m 21s)

