#
# There is insufficient memory for the Java Runtime Environment to continue.
# Native memory allocation (malloc) failed to allocate 337024 bytes for Chunk::new
# Possible reasons:
#   The system is out of physical RAM or swap space
#   In 32 bit mode, the process size limit was hit
# Possible solutions:
#   Reduce memory load on the system
#   Increase physical memory or swap space
#   Check if swap backing store is full
#   Use 64 bit Java on a 64 bit OS
#   Decrease Java heap size (-Xmx/-Xms)
#   Decrease number of Java threads
#   Decrease Java thread stack sizes (-Xss)
#   Set larger code cache with -XX:ReservedCodeCacheSize=
# This output file may be truncated or incomplete.
#
#  Out of Memory Error (allocation.cpp:390), pid=11220, tid=7692
#
# JRE version: Java(TM) SE Runtime Environment (8.0_73-b02) (build 1.8.0_73-b02)
# Java VM: Java HotSpot(TM) 64-Bit Server VM (25.73-b02 mixed mode windows-amd64 compressed oops)
# Failed to write core dump. Minidumps are not enabled by default on client versions of Windows
#

---------------  T H R E A D  ---------------

Current thread (0x0000000014bc0800):  JavaThread "C2 CompilerThread1" daemon [_thread_in_native, id=7692, stack(0x0000000016300000,0x0000000016400000)]

Stack: [0x0000000016300000,0x0000000016400000]
[error occurred during error reporting (printing stack bounds), id 0xc0000005]

Native frames: (J=compiled Java code, j=interpreted, Vv=VM code, C=native code)


Current CompileTask:
C2:  12890 1351       4       com.android.dx.dex.code.OutputFinisher::addConstants (93 bytes)


---------------  P R O C E S S  ---------------

Java Threads: ( => current thread )
  0x000000001640e000 JavaThread "Service Thread" daemon [_thread_blocked, id=2580, stack(0x0000000016900000,0x0000000016a00000)]
  0x0000000016408800 JavaThread "C1 CompilerThread2" daemon [_thread_blocked, id=7752, stack(0x0000000016800000,0x0000000016900000)]
=>0x0000000014bc0800 JavaThread "C2 CompilerThread1" daemon [_thread_in_native, id=7692, stack(0x0000000016300000,0x0000000016400000)]
  0x0000000014bb9000 JavaThread "C2 CompilerThread0" daemon [_thread_blocked, id=8828, stack(0x0000000016200000,0x0000000016300000)]
  0x0000000014bb7000 JavaThread "Attach Listener" daemon [_thread_blocked, id=7156, stack(0x0000000016100000,0x0000000016200000)]
  0x0000000014bb5800 JavaThread "Signal Dispatcher" daemon [_thread_blocked, id=7656, stack(0x0000000016000000,0x0000000016100000)]
  0x00000000024e0800 JavaThread "Finalizer" daemon [_thread_blocked, id=6236, stack(0x0000000015e20000,0x0000000015f20000)]
  0x00000000024dd000 JavaThread "Reference Handler" daemon [_thread_blocked, id=4800, stack(0x0000000015d20000,0x0000000015e20000)]
  0x00000000023f0800 JavaThread "main" [_thread_in_Java, id=7960, stack(0x00000000022f0000,0x00000000023f0000)]

Other Threads:
  0x0000000014b87800 VMThread [stack: 0x0000000015c20000,0x0000000015d20000] [id=8120]
  0x0000000016419800 WatcherThread [stack: 0x0000000016a00000,0x0000000016b00000] [id=11256]

VM state:not at safepoint (normal execution)

VM Mutex/Monitor currently owned by a thread: None

Heap:
 PSYoungGen      total 35328K, used 8600K [0x00000000eab00000, 0x00000000ed000000, 0x0000000100000000)
  eden space 32768K, 18% used [0x00000000eab00000,0x00000000eb0ee288,0x00000000ecb00000)
  from space 2560K, 98% used [0x00000000ecd80000,0x00000000ecff8030,0x00000000ed000000)
  to   space 2560K, 0% used [0x00000000ecb00000,0x00000000ecb00000,0x00000000ecd80000)
 ParOldGen       total 44032K, used 3699K [0x00000000c0000000, 0x00000000c2b00000, 0x00000000eab00000)
  object space 44032K, 8% used [0x00000000c0000000,0x00000000c039cda8,0x00000000c2b00000)
 Metaspace       used 6194K, capacity 7032K, committed 7296K, reserved 1056768K
  class space    used 618K, capacity 624K, committed 640K, reserved 1048576K

Card table byte_map: [0x00000000118b0000,0x0000000011ac0000] byte_map_base: 0x00000000112b0000

Marking Bits: (ParMarkBitMap*) 0x00000000552e0600
 Begin Bits: [0x0000000012020000, 0x0000000013020000)
 End Bits:   [0x0000000013020000, 0x0000000014020000)

Polling page: 0x0000000000680000

CodeCache: size=245760Kb used=5635Kb max_used=5635Kb free=240125Kb
 bounds [0x00000000024f0000, 0x0000000002a80000, 0x00000000114f0000]
 total_blobs=1669 nmethods=1400 adapters=182
 compilation: enabled

Compilation events (10 events):
Event: 12.433 Thread 0x0000000016408800 nmethod 1413 0x0000000002a64890 code [0x0000000002a64a00, 0x0000000002a64ce8]
Event: 12.433 Thread 0x0000000016408800 1412       1       com.android.dx.dex.code.LocalSnapshot::getLocals (5 bytes)
Event: 12.433 Thread 0x0000000016408800 nmethod 1412 0x0000000002a66a90 code [0x0000000002a66be0, 0x0000000002a66cf0]
Event: 12.433 Thread 0x0000000016408800 1414       3       java.net.URLStreamHandler::toExternalForm (219 bytes)
Event: 12.433 Thread 0x0000000014bb9000 nmethod 1411 0x0000000002a458d0 code [0x0000000002a45a00, 0x0000000002a45a98]
Event: 12.437 Thread 0x0000000016408800 nmethod 1414 0x0000000002a75090 code [0x0000000002a753c0, 0x0000000002a78778]
Event: 12.437 Thread 0x0000000016408800 1415       1       com.android.dx.dex.code.form.SpecialFormat::isCompatible (2 bytes)
Event: 12.437 Thread 0x0000000016408800 nmethod 1415 0x0000000002a667d0 code [0x0000000002a66920, 0x0000000002a66a30]
Event: 12.437 Thread 0x0000000016408800 1416       1       com.android.dx.dex.code.ZeroSizeInsn::codeSize (2 bytes)
Event: 12.438 Thread 0x0000000016408800 nmethod 1416 0x0000000002a66510 code [0x0000000002a66660, 0x0000000002a66770]

GC Heap History (4 events):
Event: 9.755 GC heap before
{Heap before GC invocations=1 (full 0):
 PSYoungGen      total 18944K, used 16384K [0x00000000eab00000, 0x00000000ec000000, 0x0000000100000000)
  eden space 16384K, 100% used [0x00000000eab00000,0x00000000ebb00000,0x00000000ebb00000)
  from space 2560K, 0% used [0x00000000ebd80000,0x00000000ebd80000,0x00000000ec000000)
  to   space 2560K, 0% used [0x00000000ebb00000,0x00000000ebb00000,0x00000000ebd80000)
 ParOldGen       total 44032K, used 0K [0x00000000c0000000, 0x00000000c2b00000, 0x00000000eab00000)
  object space 44032K, 0% used [0x00000000c0000000,0x00000000c0000000,0x00000000c2b00000)
 Metaspace       used 5883K, capacity 6832K, committed 7040K, reserved 1056768K
  class space    used 599K, capacity 616K, committed 640K, reserved 1048576K
Event: 9.936 GC heap after
Heap after GC invocations=1 (full 0):
 PSYoungGen      total 18944K, used 2554K [0x00000000eab00000, 0x00000000ed000000, 0x0000000100000000)
  eden space 16384K, 0% used [0x00000000eab00000,0x00000000eab00000,0x00000000ebb00000)
  from space 2560K, 99% used [0x00000000ebb00000,0x00000000ebd7eaa0,0x00000000ebd80000)
  to   space 2560K, 0% used [0x00000000ecd80000,0x00000000ecd80000,0x00000000ed000000)
 ParOldGen       total 44032K, used 2078K [0x00000000c0000000, 0x00000000c2b00000, 0x00000000eab00000)
  object space 44032K, 4% used [0x00000000c0000000,0x00000000c0207b68,0x00000000c2b00000)
 Metaspace       used 5883K, capacity 6832K, committed 7040K, reserved 1056768K
  class space    used 599K, capacity 616K, committed 640K, reserved 1048576K
}
Event: 11.571 GC heap before
{Heap before GC invocations=2 (full 0):
 PSYoungGen      total 18944K, used 18938K [0x00000000eab00000, 0x00000000ed000000, 0x0000000100000000)
  eden space 16384K, 100% used [0x00000000eab00000,0x00000000ebb00000,0x00000000ebb00000)
  from space 2560K, 99% used [0x00000000ebb00000,0x00000000ebd7eaa0,0x00000000ebd80000)
  to   space 2560K, 0% used [0x00000000ecd80000,0x00000000ecd80000,0x00000000ed000000)
 ParOldGen       total 44032K, used 2078K [0x00000000c0000000, 0x00000000c2b00000, 0x00000000eab00000)
  object space 44032K, 4% used [0x00000000c0000000,0x00000000c0207b68,0x00000000c2b00000)
 Metaspace       used 6035K, capacity 6962K, committed 7040K, reserved 1056768K
  class space    used 603K, capacity 618K, committed 640K, reserved 1048576K
Event: 11.990 GC heap after
Heap after GC invocations=2 (full 0):
 PSYoungGen      total 35328K, used 2528K [0x00000000eab00000, 0x00000000ed000000, 0x0000000100000000)
  eden space 32768K, 0% used [0x00000000eab00000,0x00000000eab00000,0x00000000ecb00000)
  from space 2560K, 98% used [0x00000000ecd80000,0x00000000ecff8030,0x00000000ed000000)
  to   space 2560K, 0% used [0x00000000ecb00000,0x00000000ecb00000,0x00000000ecd80000)
 ParOldGen       total 44032K, used 3699K [0x00000000c0000000, 0x00000000c2b00000, 0x00000000eab00000)
  object space 44032K, 8% used [0x00000000c0000000,0x00000000c039cda8,0x00000000c2b00000)
 Metaspace       used 6035K, capacity 6962K, committed 7040K, reserved 1056768K
  class space    used 603K, capacity 618K, committed 640K, reserved 1048576K
}

Deoptimization events (10 events):
Event: 11.328 Thread 0x0000000016545800 Uncommon trap: reason=bimorphic action=maybe_recompile pc=0x00000000028a9e68 method=java.util.HashMap.getNode(ILjava/lang/Object;)Ljava/util/HashMap$Node; @ 126
Event: 12.032 Thread 0x000000001664c800 Uncommon trap: reason=unstable_if action=reinterpret pc=0x0000000002a03924 method=com.android.dx.rop.code.RegisterSpec.equals(ILcom/android/dx/rop/type/TypeBearer;Lcom/android/dx/rop/code/LocalItem;)Z @ 42
Event: 12.032 Thread 0x000000001664c800 Uncommon trap: reason=unstable_if action=reinterpret pc=0x0000000002847144 method=com.android.dx.rop.code.RegisterSpec.equals(ILcom/android/dx/rop/type/TypeBearer;Lcom/android/dx/rop/code/LocalItem;)Z @ 42
Event: 12.050 Thread 0x000000001664c800 Uncommon trap: reason=bimorphic action=maybe_recompile pc=0x000000000298d514 method=com.android.dx.cf.code.BytecodeArray.parseInstruction(ILcom/android/dx/cf/code/BytecodeArray$Visitor;)I @ 1035
Event: 12.050 Thread 0x000000001664c800 Uncommon trap: reason=bimorphic action=maybe_recompile pc=0x000000000298d594 method=com.android.dx.cf.code.BytecodeArray.parseInstruction(ILcom/android/dx/cf/code/BytecodeArray$Visitor;)I @ 1051
Event: 12.050 Thread 0x000000001664c800 Uncommon trap: reason=bimorphic action=maybe_recompile pc=0x000000000298d594 method=com.android.dx.cf.code.BytecodeArray.parseInstruction(ILcom/android/dx/cf/code/BytecodeArray$Visitor;)I @ 1051
Event: 12.050 Thread 0x000000001664c800 Uncommon trap: reason=bimorphic action=maybe_recompile pc=0x000000000298d514 method=com.android.dx.cf.code.BytecodeArray.parseInstruction(ILcom/android/dx/cf/code/BytecodeArray$Visitor;)I @ 1035
Event: 12.090 Thread 0x00000000023f0800 Uncommon trap: reason=unstable_if action=reinterpret pc=0x0000000002980768 method=java.util.HashMap.putVal(ILjava/lang/Object;Ljava/lang/Object;ZZ)Ljava/lang/Object; @ 94
Event: 12.381 Thread 0x00000000023f0800 Uncommon trap: reason=bimorphic action=maybe_recompile pc=0x00000000027c0abc method=java.util.HashMap.getNode(ILjava/lang/Object;)Ljava/util/HashMap$Node; @ 126
Event: 12.381 Thread 0x00000000023f0800 Uncommon trap: reason=bimorphic action=maybe_recompile pc=0x00000000027c0abc method=java.util.HashMap.getNode(ILjava/lang/Object;)Ljava/util/HashMap$Node; @ 126

Internal exceptions (3 events):
Event: 0.098 Thread 0x00000000023f0800 Exception <a 'java/lang/NoSuchMethodError': Method sun.misc.Unsafe.defineClass(Ljava/lang/String;[BII)Ljava/lang/Class; name or signature does not match> (0x00000000eab0d5c8) thrown at [D:\re\puppet\workspace\8-2-build-windows-amd64-cygwin\jdk8u73\6086\hot@dtËª$¹?
Event: 0.098 Thread 0x00000000023f0800 Exception <a 'java/lang/NoSuchMethodError': Method sun.misc.Unsafe.prefetchRead(Ljava/lang/Object;J)V name or signature does not match> (0x00000000eab0d8b0) thrown at [D:\re\puppet\workspace\8-2-build-windows-amd64-cygwin\jdk8u73\6086\hotspot\src\share\vm\ŠìH§~&@
Event: 11.246 Thread 0x000000001664d000 Implicit null exception at 0x000000000286b222 to 0x000000000286b31a

Events (10 events):
Event: 12.428 loading class com/android/dx/dex/code/LocalList$MakeState
Event: 12.428 loading class com/android/dx/dex/code/LocalList$MakeState done
Event: 12.430 loading class com/android/dx/dex/code/CatchHandlerList
Event: 12.430 loading class com/android/dx/dex/code/CatchHandlerList done
Event: 12.431 loading class com/android/dx/dex/code/CatchTable
Event: 12.431 loading class com/android/dx/dex/code/CatchTable done
Event: 12.432 loading class com/android/dx/dex/code/LocalList$Disposition
Event: 12.432 loading class com/android/dx/dex/code/LocalList$Disposition done
Event: 12.433 loading class com/android/dx/dex/code/LocalList$Entry
Event: 12.433 loading class com/android/dx/dex/code/LocalList$Entry done


Dynamic libraries:
0x00007ff602f90000 - 0x00007ff602fc7000 	C:\Program Files\Java\jdk1.8.0_73\bin\java.exe
0x00007ffc2ab30000 - 0x00007ffc2acf2000 	C:\Windows\SYSTEM32\ntdll.dll
0x00007ffc28f50000 - 0x00007ffc28ffd000 	C:\Windows\system32\KERNEL32.DLL
0x00007ffc27fe0000 - 0x00007ffc281bd000 	C:\Windows\system32\KERNELBASE.dll
0x00007ffc287d0000 - 0x00007ffc28876000 	C:\Windows\system32\ADVAPI32.dll
0x00007ffc286d0000 - 0x00007ffc2876d000 	C:\Windows\system32\msvcrt.dll
0x00007ffc28de0000 - 0x00007ffc28e3b000 	C:\Windows\system32\sechost.dll
0x00007ffc28c60000 - 0x00007ffc28d86000 	C:\Windows\system32\RPCRT4.dll
0x00007ffc292e0000 - 0x00007ffc2942e000 	C:\Windows\system32\USER32.dll
0x00007ffc29430000 - 0x00007ffc295b6000 	C:\Windows\system32\GDI32.dll
0x00007ffc1df00000 - 0x00007ffc1e174000 	C:\Windows\WinSxS\amd64_microsoft.windows.common-controls_6595b64144ccf1df_6.0.10240.16384_none_f41f7b285750ef43\COMCTL32.dll
0x00007ffc28da0000 - 0x00007ffc28dd6000 	C:\Windows\system32\IMM32.DLL
0x00007ffc282c0000 - 0x00007ffc2841c000 	C:\Windows\system32\MSCTF.dll
0x0000000054820000 - 0x00000000548f2000 	C:\Program Files\Java\jdk1.8.0_73\jre\bin\msvcr100.dll
0x0000000054ad0000 - 0x0000000055360000 	C:\Program Files\Java\jdk1.8.0_73\jre\bin\server\jvm.dll
0x00007ffc28c50000 - 0x00007ffc28c58000 	C:\Windows\system32\PSAPI.DLL
0x00007ffc23f20000 - 0x00007ffc23f29000 	C:\Windows\SYSTEM32\WSOCK32.dll
0x00007ffc29000000 - 0x00007ffc29069000 	C:\Windows\system32\WS2_32.dll
0x00007ffc28240000 - 0x00007ffc28248000 	C:\Windows\system32\NSI.dll
0x00007ffc25540000 - 0x00007ffc25563000 	C:\Windows\SYSTEM32\WINMM.dll
0x00007ffc250d0000 - 0x00007ffc250da000 	C:\Windows\SYSTEM32\VERSION.dll
0x0000000000a90000 - 0x0000000000abc000 	C:\Windows\SYSTEM32\WINMMBASE.dll
0x00007ffc275c0000 - 0x00007ffc27604000 	C:\Windows\system32\cfgmgr32.dll
0x00007ffc25e90000 - 0x00007ffc25eb7000 	C:\Windows\SYSTEM32\DEVOBJ.dll
0x0000000055f00000 - 0x0000000055f0f000 	C:\Program Files\Java\jdk1.8.0_73\jre\bin\verify.dll
0x0000000055720000 - 0x0000000055749000 	C:\Program Files\Java\jdk1.8.0_73\jre\bin\java.dll
0x0000000055700000 - 0x0000000055716000 	C:\Program Files\Java\jdk1.8.0_73\jre\bin\zip.dll
0x00007ffc295c0000 - 0x00007ffc2ab28000 	C:\Windows\system32\SHELL32.dll
0x00007ffc27780000 - 0x00007ffc27da8000 	C:\Windows\system32\windows.storage.dll
0x00007ffc289d0000 - 0x00007ffc28c4c000 	C:\Windows\system32\combase.dll
0x00007ffc28770000 - 0x00007ffc287c1000 	C:\Windows\system32\shlwapi.dll
0x00007ffc27520000 - 0x00007ffc2752f000 	C:\Windows\system32\kernel.appcore.dll
0x00007ffc276c0000 - 0x00007ffc27773000 	C:\Windows\system32\shcore.dll
0x00007ffc27530000 - 0x00007ffc2757a000 	C:\Windows\system32\powrprof.dll
0x00007ffc275a0000 - 0x00007ffc275b3000 	C:\Windows\system32\profapi.dll
0x00007ffc29070000 - 0x00007ffc2912e000 	C:\Windows\system32\OLEAUT32.dll

VM Arguments:
jvm_args: -Djava.awt.headless=true -Xmx1024M -Dfile.encoding=windows-1252 -Duser.country=US -Duser.language=en -Duser.variant 
java_command: com.android.dx.command.Main --dex --num-threads=4 --output C:\Users\droiD\Studio\ADVANCEDapp\app\build\intermediates\pre-dexed\debug\com.android.support-support-vector-drawable-23.3.0_b66e432194bdec8f87a03b74d78efc0745800612.jar C:\Users\droiD\Studio\ADVANCEDapp\app\build\intermediates\exploded-aar\com.android.support\support-vector-drawable\23.3.0\jars\classes.jar
java_class_path (initial): C:\Users\droiD\AppData\Local\Android\sdk\build-tools\23.0.3\lib\dx.jar
Launcher Type: SUN_STANDARD

Environment Variables:
PATH=C:\ProgramData\Oracle\Java\javapath;C:\Program Files (x86)\Intel\iCLS Client\;C:\Program Files\Intel\iCLS Client\;C:\Windows\system32;C:\Windows;C:\Windows\System32\Wbem;C:\Windows\System32\WindowsPowerShell\v1.0\;C:\Program Files (x86)\NVIDIA Corporation\PhysX\Common;C:\Program Files\Intel\Intel(R) Management Engine Components\DAL;C:\Program Files\Intel\Intel(R) Management Engine Components\IPT;C:\Program Files (x86)\Intel\Intel(R) Management Engine Components\DAL;C:\Program Files (x86)\Intel\Intel(R) Management Engine Components\IPT;C:\Program Files\Git\cmd
USERNAME=droiD
OS=Windows_NT
PROCESSOR_IDENTIFIER=Intel64 Family 6 Model 69 Stepping 1, GenuineIntel



---------------  S Y S T E M  ---------------

OS: Windows 10.0 , 64 bit Build 10240 (10.0.10240.16384)

CPU:total 4 (2 cores per cpu, 2 threads per core) family 6 model 69 stepping 1, cmov, cx8, fxsr, mmx, sse, sse2, sse3, ssse3, sse4.1, sse4.2, popcnt, avx, avx2, aes, clmul, erms, lzcnt, ht, tsc, tscinvbit, bmi1, bmi2

Memory: 4k page, physical 4074904k(177884k free), swap 6172056k(5200k free)

vm_info: Java HotSpot(TM) 64-Bit Server VM (25.73-b02) for windows-amd64 JRE (1.8.0_73-b02), built on Jan 29 2016 17:38:49 by "java_re" with MS VC++ 10.0 (VS2010)

time: Sun May 22 01:41:45 2016
elapsed time: 12 seconds (0d 0h 0m 12s)

