#
# There is insufficient memory for the Java Runtime Environment to continue.
# Native memory allocation (malloc) failed to allocate 1480176 bytes for Chunk::new
# Possible reasons:
#   The system is out of physical RAM or swap space
#   In 32 bit mode, the process size limit was hit
# Possible solutions:
#   Reduce memory load on the system
#   Increase physical memory or swap space
#   Check if swap backing store is full
#   Use 64 bit Java on a 64 bit OS
#   Decrease Java heap size (-Xmx/-Xms)
#   Decrease number of Java threads
#   Decrease Java thread stack sizes (-Xss)
#   Set larger code cache with -XX:ReservedCodeCacheSize=
# This output file may be truncated or incomplete.
#
#  Out of Memory Error (allocation.cpp:390), pid=10208, tid=5824
#
# JRE version: Java(TM) SE Runtime Environment (8.0_73-b02) (build 1.8.0_73-b02)
# Java VM: Java HotSpot(TM) 64-Bit Server VM (25.73-b02 mixed mode windows-amd64 compressed oops)
# Failed to write core dump. Minidumps are not enabled by default on client versions of Windows
#

---------------  T H R E A D  ---------------

Current thread (0x0000000014fa0000):  JavaThread "C2 CompilerThread1" daemon [_thread_in_native, id=5824, stack(0x00000000166e0000,0x00000000167e0000)]

Stack: [0x00000000166e0000,0x00000000167e0000]
[error occurred during error reporting (printing stack bounds), id 0xc0000005]

Native frames: (J=compiled Java code, j=interpreted, Vv=VM code, C=native code)


Current CompileTask:
C2:  12224 1604   !   4       com.android.dx.cf.code.Ropper::processBlock (1101 bytes)


---------------  P R O C E S S  ---------------

Java Threads: ( => current thread )
  0x0000000016bce800 JavaThread "pool-1-thread-4" [_thread_blocked, id=1804, stack(0x00000000172e0000,0x00000000173e0000)]
  0x0000000016bce000 JavaThread "pool-1-thread-3" [_thread_blocked, id=7860, stack(0x00000000171e0000,0x00000000172e0000)]
  0x0000000016b96000 JavaThread "pool-1-thread-2" [_thread_in_Java, id=6772, stack(0x00000000170e0000,0x00000000171e0000)]
  0x0000000016b93000 JavaThread "pool-2-thread-1" [_thread_blocked, id=9272, stack(0x0000000016fe0000,0x00000000170e0000)]
  0x0000000016b5b000 JavaThread "pool-1-thread-1" [_thread_blocked, id=6928, stack(0x0000000016ee0000,0x0000000016fe0000)]
  0x0000000014ffd800 JavaThread "Service Thread" daemon [_thread_blocked, id=8392, stack(0x0000000016ce0000,0x0000000016de0000)]
  0x0000000014fa8800 JavaThread "C1 CompilerThread2" daemon [_thread_blocked, id=11108, stack(0x00000000167e0000,0x00000000168e0000)]
=>0x0000000014fa0000 JavaThread "C2 CompilerThread1" daemon [_thread_in_native, id=5824, stack(0x00000000166e0000,0x00000000167e0000)]
  0x0000000014f9a800 JavaThread "C2 CompilerThread0" daemon [_thread_in_native, id=11240, stack(0x00000000165e0000,0x00000000166e0000)]
  0x0000000014f98800 JavaThread "Attach Listener" daemon [_thread_blocked, id=11244, stack(0x00000000164e0000,0x00000000165e0000)]
  0x0000000014f97800 JavaThread "Signal Dispatcher" daemon [_thread_blocked, id=2320, stack(0x00000000163e0000,0x00000000164e0000)]
  0x00000000028c1000 JavaThread "Finalizer" daemon [_thread_blocked, id=6572, stack(0x0000000016200000,0x0000000016300000)]
  0x00000000028be800 JavaThread "Reference Handler" daemon [_thread_blocked, id=8316, stack(0x0000000016100000,0x0000000016200000)]
  0x00000000027d0800 JavaThread "main" [_thread_blocked, id=6224, stack(0x00000000026d0000,0x00000000027d0000)]

Other Threads:
  0x0000000014f66800 VMThread [stack: 0x0000000016000000,0x0000000016100000] [id=5364]
  0x0000000016903800 WatcherThread [stack: 0x0000000016de0000,0x0000000016ee0000] [id=8352]

VM state:not at safepoint (normal execution)

VM Mutex/Monitor currently owned by a thread: None

Heap:
 PSYoungGen      total 35328K, used 16995K [0x00000000eab00000, 0x00000000ed000000, 0x0000000100000000)
  eden space 32768K, 44% used [0x00000000eab00000,0x00000000eb91e298,0x00000000ecb00000)
  from space 2560K, 99% used [0x00000000ecb00000,0x00000000ecd7ace0,0x00000000ecd80000)
  to   space 2560K, 0% used [0x00000000ecd80000,0x00000000ecd80000,0x00000000ed000000)
 ParOldGen       total 44032K, used 7190K [0x00000000c0000000, 0x00000000c2b00000, 0x00000000eab00000)
  object space 44032K, 16% used [0x00000000c0000000,0x00000000c0705ba0,0x00000000c2b00000)
 Metaspace       used 6168K, capacity 7088K, committed 7296K, reserved 1056768K
  class space    used 596K, capacity 616K, committed 640K, reserved 1048576K

Card table byte_map: [0x0000000011c90000,0x0000000011ea0000] byte_map_base: 0x0000000011690000

Marking Bits: (ParMarkBitMap*) 0x00000000552e0600
 Begin Bits: [0x0000000012400000, 0x0000000013400000)
 End Bits:   [0x0000000013400000, 0x0000000014400000)

Polling page: 0x0000000002610000

CodeCache: size=245760Kb used=6768Kb max_used=6799Kb free=238991Kb
 bounds [0x00000000028d0000, 0x0000000002f80000, 0x00000000118d0000]
 total_blobs=1858 nmethods=1589 adapters=182
 compilation: enabled

Compilation events (10 events):
Event: 11.946 Thread 0x0000000014fa8800 1605   !   3       com.android.dx.cf.direct.DirectClassFile$DcfTypeList::<init> (137 bytes)
Event: 11.950 Thread 0x0000000014fa8800 nmethod 1605 0x0000000002f5dd90 code [0x0000000002f5e180, 0x0000000002f60478]
Event: 11.953 Thread 0x0000000014fa8800 1606       3       com.android.dx.cf.direct.DirectClassFile$DcfTypeList::getType (26 bytes)
Event: 11.955 Thread 0x0000000014fa8800 nmethod 1606 0x0000000002f62390 code [0x0000000002f62660, 0x0000000002f63bc8]
Event: 11.960 Thread 0x0000000014fa8800 1608  s    3       com.android.dx.dex.file.FieldIdsSection::intern (55 bytes)
Event: 11.961 Thread 0x0000000014fa8800 nmethod 1608 0x0000000002f64c50 code [0x0000000002f64e80, 0x0000000002f65b88]
Event: 11.961 Thread 0x0000000014fa8800 1609       3       java.util.concurrent.locks.ReentrantLock$Sync::tryRelease (45 bytes)
Event: 11.962 Thread 0x0000000014fa8800 nmethod 1609 0x0000000002f66290 code [0x0000000002f66420, 0x0000000002f669c8]
Event: 12.136 Thread 0x0000000014fa0000 nmethod 1549 0x0000000002f6e810 code [0x0000000002f6ed20, 0x0000000002f73c78]
Event: 12.137 Thread 0x0000000014fa0000 1604   !   4       com.android.dx.cf.code.Ropper::processBlock (1101 bytes)

GC Heap History (6 events):
Event: 3.098 GC heap before
{Heap before GC invocations=1 (full 0):
 PSYoungGen      total 18944K, used 16384K [0x00000000eab00000, 0x00000000ec000000, 0x0000000100000000)
  eden space 16384K, 100% used [0x00000000eab00000,0x00000000ebb00000,0x00000000ebb00000)
  from space 2560K, 0% used [0x00000000ebd80000,0x00000000ebd80000,0x00000000ec000000)
  to   space 2560K, 0% used [0x00000000ebb00000,0x00000000ebb00000,0x00000000ebd80000)
 ParOldGen       total 44032K, used 0K [0x00000000c0000000, 0x00000000c2b00000, 0x00000000eab00000)
  object space 44032K, 0% used [0x00000000c0000000,0x00000000c0000000,0x00000000c2b00000)
 Metaspace       used 5497K, capacity 6512K, committed 6784K, reserved 1056768K
  class space    used 593K, capacity 616K, committed 640K, reserved 1048576K
Event: 3.544 GC heap after
Heap after GC invocations=1 (full 0):
 PSYoungGen      total 18944K, used 2549K [0x00000000eab00000, 0x00000000ed000000, 0x0000000100000000)
  eden space 16384K, 0% used [0x00000000eab00000,0x00000000eab00000,0x00000000ebb00000)
  from space 2560K, 99% used [0x00000000ebb00000,0x00000000ebd7d438,0x00000000ebd80000)
  to   space 2560K, 0% used [0x00000000ecd80000,0x00000000ecd80000,0x00000000ed000000)
 ParOldGen       total 44032K, used 1043K [0x00000000c0000000, 0x00000000c2b00000, 0x00000000eab00000)
  object space 44032K, 2% used [0x00000000c0000000,0x00000000c0104e28,0x00000000c2b00000)
 Metaspace       used 5497K, capacity 6512K, committed 6784K, reserved 1056768K
  class space    used 593K, capacity 616K, committed 640K, reserved 1048576K
}
Event: 7.271 GC heap before
{Heap before GC invocations=2 (full 0):
 PSYoungGen      total 18944K, used 18933K [0x00000000eab00000, 0x00000000ed000000, 0x0000000100000000)
  eden space 16384K, 100% used [0x00000000eab00000,0x00000000ebb00000,0x00000000ebb00000)
  from space 2560K, 99% used [0x00000000ebb00000,0x00000000ebd7d438,0x00000000ebd80000)
  to   space 2560K, 0% used [0x00000000ecd80000,0x00000000ecd80000,0x00000000ed000000)
 ParOldGen       total 44032K, used 1043K [0x00000000c0000000, 0x00000000c2b00000, 0x00000000eab00000)
  object space 44032K, 2% used [0x00000000c0000000,0x00000000c0104e28,0x00000000c2b00000)
 Metaspace       used 5965K, capacity 6896K, committed 7040K, reserved 1056768K
  class space    used 595K, capacity 616K, committed 640K, reserved 1048576K
Event: 7.572 GC heap after
Heap after GC invocations=2 (full 0):
 PSYoungGen      total 35328K, used 2554K [0x00000000eab00000, 0x00000000ed000000, 0x0000000100000000)
  eden space 32768K, 0% used [0x00000000eab00000,0x00000000eab00000,0x00000000ecb00000)
  from space 2560K, 99% used [0x00000000ecd80000,0x00000000ecffea98,0x00000000ed000000)
  to   space 2560K, 0% used [0x00000000ecb00000,0x00000000ecb00000,0x00000000ecd80000)
 ParOldGen       total 44032K, used 2633K [0x00000000c0000000, 0x00000000c2b00000, 0x00000000eab00000)
  object space 44032K, 5% used [0x00000000c0000000,0x00000000c02925c8,0x00000000c2b00000)
 Metaspace       used 5965K, capacity 6896K, committed 7040K, reserved 1056768K
  class space    used 595K, capacity 616K, committed 640K, reserved 1048576K
}
Event: 11.739 GC heap before
{Heap before GC invocations=3 (full 0):
 PSYoungGen      total 35328K, used 35322K [0x00000000eab00000, 0x00000000ed000000, 0x0000000100000000)
  eden space 32768K, 100% used [0x00000000eab00000,0x00000000ecb00000,0x00000000ecb00000)
  from space 2560K, 99% used [0x00000000ecd80000,0x00000000ecffea98,0x00000000ed000000)
  to   space 2560K, 0% used [0x00000000ecb00000,0x00000000ecb00000,0x00000000ecd80000)
 ParOldGen       total 44032K, used 2633K [0x00000000c0000000, 0x00000000c2b00000, 0x00000000eab00000)
  object space 44032K, 5% used [0x00000000c0000000,0x00000000c02925c8,0x00000000c2b00000)
 Metaspace       used 6136K, capacity 7024K, committed 7296K, reserved 1056768K
  class space    used 596K, capacity 616K, committed 640K, reserved 1048576K
Event: 11.843 GC heap after
Heap after GC invocations=3 (full 0):
 PSYoungGen      total 35328K, used 2539K [0x00000000eab00000, 0x00000000ed000000, 0x0000000100000000)
  eden space 32768K, 0% used [0x00000000eab00000,0x00000000eab00000,0x00000000ecb00000)
  from space 2560K, 99% used [0x00000000ecb00000,0x00000000ecd7ace0,0x00000000ecd80000)
  to   space 2560K, 0% used [0x00000000ecd80000,0x00000000ecd80000,0x00000000ed000000)
 ParOldGen       total 44032K, used 7190K [0x00000000c0000000, 0x00000000c2b00000, 0x00000000eab00000)
  object space 44032K, 16% used [0x00000000c0000000,0x00000000c0705ba0,0x00000000c2b00000)
 Metaspace       used 6136K, capacity 7024K, committed 7296K, reserved 1056768K
  class space    used 596K, capacity 616K, committed 640K, reserved 1048576K
}

Deoptimization events (10 events):
Event: 6.010 Thread 0x0000000016bce000 Uncommon trap: reason=unstable_if action=reinterpret pc=0x0000000002b0ee54 method=java.util.HashMap.getNode(ILjava/lang/Object;)Ljava/util/HashMap$Node; @ 129
Event: 6.010 Thread 0x0000000016bce000 Uncommon trap: reason=unstable_if action=reinterpret pc=0x0000000002ad3ed8 method=java.util.HashMap.getNode(ILjava/lang/Object;)Ljava/util/HashMap$Node; @ 129
Event: 6.117 Thread 0x0000000016b96000 Uncommon trap: reason=unstable_if action=reinterpret pc=0x0000000002af9630 method=java.util.BitSet.nextSetBit(I)I @ 87
Event: 7.252 Thread 0x0000000016bce800 Uncommon trap: reason=unstable_if action=reinterpret pc=0x0000000002c5eff4 method=com.android.dx.ssa.SsaMethod.onSourcesChanged(Lcom/android/dx/ssa/SsaInsn;Lcom/android/dx/rop/code/RegisterSpecList;)V @ 4
Event: 7.770 Thread 0x0000000016bce800 Uncommon trap: reason=unstable_if action=reinterpret pc=0x0000000002d0afec method=com.android.dx.rop.code.RegisterSpecSet.put(Lcom/android/dx/rop/code/RegisterSpec;)V @ 77
Event: 7.816 Thread 0x0000000016b96000 Uncommon trap: reason=unloaded action=reinterpret pc=0x0000000002b9103c method=com.android.dx.ssa.SsaRenamer$BlockRenamer.visitMoveInsn(Lcom/android/dx/ssa/NormalSsaInsn;)V @ 208
Event: 8.972 Thread 0x0000000016bce800 Uncommon trap: reason=unstable_if action=reinterpret pc=0x0000000002e3fd24 method=com.android.dx.ssa.SCCP.simulateBranch(Lcom/android/dx/ssa/SsaInsn;)V @ 64
Event: 8.975 Thread 0x0000000016bce800 Uncommon trap: reason=unstable_if action=reinterpret pc=0x0000000002cf009c method=com.android.dx.ssa.SsaMethod.updateOneDefinition(Lcom/android/dx/ssa/SsaInsn;Lcom/android/dx/rop/code/RegisterSpec;)V @ 4
Event: 11.907 Thread 0x0000000016b5b000 Uncommon trap: reason=unstable_if action=reinterpret pc=0x0000000002bf495c method=com.android.dx.rop.cst.Constant.compareTo(Lcom/android/dx/rop/cst/Constant;)I @ 12
Event: 11.929 Thread 0x0000000016b5b000 Uncommon trap: reason=unstable_if action=reinterpret pc=0x0000000002ef8be0 method=com.android.dx.ssa.InterferenceRegisterMapper.interferes(III)Z @ 35

Internal exceptions (2 events):
Event: 0.146 Thread 0x00000000027d0800 Exception <a 'java/lang/NoSuchMethodError': Method sun.misc.Unsafe.defineClass(Ljava/lang/String;[BII)Ljava/lang/Class; name or signature does not match> (0x00000000eab0d538) thrown at [D:\re\puppet\workspace\8-2-build-windows-amd64-cygwin\jdk8u73\6086\hotÅ Y9Ñø¬?
Event: 0.146 Thread 0x00000000027d0800 Exception <a 'java/lang/NoSuchMethodError': Method sun.misc.Unsafe.prefetchRead(Ljava/lang/Object;J)V name or signature does not match> (0x00000000eab0d820) thrown at [D:\re\puppet\workspace\8-2-build-windows-amd64-cygwin\jdk8u73\6086\hotspot\src\share\vm\

Events (10 events):
Event: 8.975 Thread 0x0000000016bce800 DEOPT PACKING pc=0x0000000002cf009c sp=0x00000000173dec60
Event: 8.975 Thread 0x0000000016bce800 DEOPT UNPACKING pc=0x000000000291582a sp=0x00000000173dec08 mode 2
Event: 11.739 Executing VM operation: ParallelGCFailedAllocation
Event: 11.843 Executing VM operation: ParallelGCFailedAllocation done
Event: 11.906 Thread 0x0000000016b5b000 Uncommon trap: trap_request=0xffffff65 fr.pc=0x0000000002bf495c
Event: 11.907 Thread 0x0000000016b5b000 DEOPT PACKING pc=0x0000000002bf495c sp=0x0000000016fde630
Event: 11.907 Thread 0x0000000016b5b000 DEOPT UNPACKING pc=0x000000000291582a sp=0x0000000016fde5d0 mode 2
Event: 11.929 Thread 0x0000000016b5b000 Uncommon trap: trap_request=0xffffff65 fr.pc=0x0000000002ef8be0
Event: 11.929 Thread 0x0000000016b5b000 DEOPT PACKING pc=0x0000000002ef8be0 sp=0x0000000016fde990
Event: 11.929 Thread 0x0000000016b5b000 DEOPT UNPACKING pc=0x000000000291582a sp=0x0000000016fde918 mode 2


Dynamic libraries:
0x00007ff602f90000 - 0x00007ff602fc7000 	C:\Program Files\Java\jdk1.8.0_73\bin\java.exe
0x00007ffc2ab30000 - 0x00007ffc2acf2000 	C:\Windows\SYSTEM32\ntdll.dll
0x00007ffc28f50000 - 0x00007ffc28ffd000 	C:\Windows\system32\KERNEL32.DLL
0x00007ffc27fe0000 - 0x00007ffc281bd000 	C:\Windows\system32\KERNELBASE.dll
0x00007ffc287d0000 - 0x00007ffc28876000 	C:\Windows\system32\ADVAPI32.dll
0x00007ffc286d0000 - 0x00007ffc2876d000 	C:\Windows\system32\msvcrt.dll
0x00007ffc28de0000 - 0x00007ffc28e3b000 	C:\Windows\system32\sechost.dll
0x00007ffc28c60000 - 0x00007ffc28d86000 	C:\Windows\system32\RPCRT4.dll
0x00007ffc292e0000 - 0x00007ffc2942e000 	C:\Windows\system32\USER32.dll
0x00007ffc29430000 - 0x00007ffc295b6000 	C:\Windows\system32\GDI32.dll
0x00007ffc1df00000 - 0x00007ffc1e174000 	C:\Windows\WinSxS\amd64_microsoft.windows.common-controls_6595b64144ccf1df_6.0.10240.16384_none_f41f7b285750ef43\COMCTL32.dll
0x00007ffc28da0000 - 0x00007ffc28dd6000 	C:\Windows\system32\IMM32.DLL
0x00007ffc282c0000 - 0x00007ffc2841c000 	C:\Windows\system32\MSCTF.dll
0x0000000054820000 - 0x00000000548f2000 	C:\Program Files\Java\jdk1.8.0_73\jre\bin\msvcr100.dll
0x0000000054ad0000 - 0x0000000055360000 	C:\Program Files\Java\jdk1.8.0_73\jre\bin\server\jvm.dll
0x00007ffc28c50000 - 0x00007ffc28c58000 	C:\Windows\system32\PSAPI.DLL
0x00007ffc23f20000 - 0x00007ffc23f29000 	C:\Windows\SYSTEM32\WSOCK32.dll
0x00007ffc29000000 - 0x00007ffc29069000 	C:\Windows\system32\WS2_32.dll
0x00007ffc28240000 - 0x00007ffc28248000 	C:\Windows\system32\NSI.dll
0x00007ffc25540000 - 0x00007ffc25563000 	C:\Windows\SYSTEM32\WINMM.dll
0x00007ffc250d0000 - 0x00007ffc250da000 	C:\Windows\SYSTEM32\VERSION.dll
0x00000000025c0000 - 0x00000000025ec000 	C:\Windows\SYSTEM32\WINMMBASE.dll
0x00007ffc275c0000 - 0x00007ffc27604000 	C:\Windows\system32\cfgmgr32.dll
0x00007ffc25e90000 - 0x00007ffc25eb7000 	C:\Windows\SYSTEM32\DEVOBJ.dll
0x0000000055f00000 - 0x0000000055f0f000 	C:\Program Files\Java\jdk1.8.0_73\jre\bin\verify.dll
0x0000000055720000 - 0x0000000055749000 	C:\Program Files\Java\jdk1.8.0_73\jre\bin\java.dll
0x0000000055700000 - 0x0000000055716000 	C:\Program Files\Java\jdk1.8.0_73\jre\bin\zip.dll
0x00007ffc295c0000 - 0x00007ffc2ab28000 	C:\Windows\system32\SHELL32.dll
0x00007ffc27780000 - 0x00007ffc27da8000 	C:\Windows\system32\windows.storage.dll
0x00007ffc289d0000 - 0x00007ffc28c4c000 	C:\Windows\system32\combase.dll
0x00007ffc28770000 - 0x00007ffc287c1000 	C:\Windows\system32\shlwapi.dll
0x00007ffc27520000 - 0x00007ffc2752f000 	C:\Windows\system32\kernel.appcore.dll
0x00007ffc276c0000 - 0x00007ffc27773000 	C:\Windows\system32\shcore.dll
0x00007ffc27530000 - 0x00007ffc2757a000 	C:\Windows\system32\powrprof.dll
0x00007ffc275a0000 - 0x00007ffc275b3000 	C:\Windows\system32\profapi.dll
0x00007ffc29070000 - 0x00007ffc2912e000 	C:\Windows\system32\OLEAUT32.dll

VM Arguments:
jvm_args: -Djava.awt.headless=true -Xmx1024M -Dfile.encoding=windows-1252 -Duser.country=US -Duser.language=en -Duser.variant 
java_command: com.android.dx.command.Main --dex --num-threads=4 --output C:\Users\droiD\Studio\ADVANCEDapp\app\build\intermediates\pre-dexed\debug\com.google.android.gms-play-services-maps-8.4.0_b5330f520fa5c6788c32b63ef440516a82cfb72f.jar C:\Users\droiD\Studio\ADVANCEDapp\app\build\intermediates\exploded-aar\com.google.android.gms\play-services-maps\8.4.0\jars\classes.jar
java_class_path (initial): C:\Users\droiD\AppData\Local\Android\sdk\build-tools\23.0.3\lib\dx.jar
Launcher Type: SUN_STANDARD

Environment Variables:
PATH=C:\ProgramData\Oracle\Java\javapath;C:\Program Files (x86)\Intel\iCLS Client\;C:\Program Files\Intel\iCLS Client\;C:\Windows\system32;C:\Windows;C:\Windows\System32\Wbem;C:\Windows\System32\WindowsPowerShell\v1.0\;C:\Program Files (x86)\NVIDIA Corporation\PhysX\Common;C:\Program Files\Intel\Intel(R) Management Engine Components\DAL;C:\Program Files\Intel\Intel(R) Management Engine Components\IPT;C:\Program Files (x86)\Intel\Intel(R) Management Engine Components\DAL;C:\Program Files (x86)\Intel\Intel(R) Management Engine Components\IPT;C:\Program Files\Git\cmd
USERNAME=droiD
OS=Windows_NT
PROCESSOR_IDENTIFIER=Intel64 Family 6 Model 69 Stepping 1, GenuineIntel



---------------  S Y S T E M  ---------------

OS: Windows 10.0 , 64 bit Build 10240 (10.0.10240.16384)

CPU:total 4 (2 cores per cpu, 2 threads per core) family 6 model 69 stepping 1, cmov, cx8, fxsr, mmx, sse, sse2, sse3, ssse3, sse4.1, sse4.2, popcnt, avx, avx2, aes, clmul, erms, lzcnt, ht, tsc, tscinvbit, bmi1, bmi2

Memory: 4k page, physical 4074904k(275668k free), swap 6172056k(10276k free)

vm_info: Java HotSpot(TM) 64-Bit Server VM (25.73-b02) for windows-amd64 JRE (1.8.0_73-b02), built on Jan 29 2016 17:38:49 by "java_re" with MS VC++ 10.0 (VS2010)

time: Sun May 22 01:40:18 2016
elapsed time: 12 seconds (0d 0h 0m 12s)

