#
# There is insufficient memory for the Java Runtime Environment to continue.
# Native memory allocation (malloc) failed to allocate 1000176 bytes for Chunk::new
# Possible reasons:
#   The system is out of physical RAM or swap space
#   In 32 bit mode, the process size limit was hit
# Possible solutions:
#   Reduce memory load on the system
#   Increase physical memory or swap space
#   Check if swap backing store is full
#   Use 64 bit Java on a 64 bit OS
#   Decrease Java heap size (-Xmx/-Xms)
#   Decrease number of Java threads
#   Decrease Java thread stack sizes (-Xss)
#   Set larger code cache with -XX:ReservedCodeCacheSize=
# This output file may be truncated or incomplete.
#
#  Out of Memory Error (allocation.cpp:390), pid=6776, tid=9600
#
# JRE version: Java(TM) SE Runtime Environment (8.0_73-b02) (build 1.8.0_73-b02)
# Java VM: Java HotSpot(TM) 64-Bit Server VM (25.73-b02 mixed mode windows-amd64 compressed oops)
# Failed to write core dump. Minidumps are not enabled by default on client versions of Windows
#

---------------  T H R E A D  ---------------

Current thread (0x0000000014a29000):  JavaThread "C2 CompilerThread0" daemon [_thread_in_native, id=9600, stack(0x00000000160a0000,0x00000000161a0000)]

Stack: [0x00000000160a0000,0x00000000161a0000]
[error occurred during error reporting (printing stack bounds), id 0xc0000005]

Native frames: (J=compiled Java code, j=interpreted, Vv=VM code, C=native code)


Current CompileTask:
C2:  13115 1897       4       com.android.dx.ssa.SsaConverter::placePhiFunctions (394 bytes)


---------------  P R O C E S S  ---------------

Java Threads: ( => current thread )
  0x00000000164fb800 JavaThread "pool-1-thread-4" [_thread_blocked, id=8504, stack(0x0000000016da0000,0x0000000016ea0000)]
  0x00000000164f8000 JavaThread "pool-1-thread-3" [_thread_blocked, id=8716, stack(0x0000000016ca0000,0x0000000016da0000)]
  0x000000001652d800 JavaThread "pool-1-thread-2" [_thread_blocked, id=11040, stack(0x0000000016ba0000,0x0000000016ca0000)]
  0x000000001652d000 JavaThread "pool-2-thread-1" [_thread_blocked, id=11104, stack(0x0000000016aa0000,0x0000000016ba0000)]
  0x000000001654e000 JavaThread "pool-1-thread-1" [_thread_in_Java, id=6152, stack(0x00000000169a0000,0x0000000016aa0000)]
  0x00000000162ae000 JavaThread "Service Thread" daemon [_thread_blocked, id=3712, stack(0x00000000167a0000,0x00000000168a0000)]
  0x00000000162a8800 JavaThread "C1 CompilerThread2" daemon [_thread_blocked, id=8860, stack(0x00000000166a0000,0x00000000167a0000)]
  0x0000000014a30000 JavaThread "C2 CompilerThread1" daemon [_thread_in_native, id=160, stack(0x00000000161a0000,0x00000000162a0000)]
=>0x0000000014a29000 JavaThread "C2 CompilerThread0" daemon [_thread_in_native, id=9600, stack(0x00000000160a0000,0x00000000161a0000)]
  0x0000000014a27000 JavaThread "Attach Listener" daemon [_thread_blocked, id=2656, stack(0x0000000015fa0000,0x00000000160a0000)]
  0x0000000014a25800 JavaThread "Signal Dispatcher" daemon [_thread_blocked, id=5020, stack(0x0000000015ea0000,0x0000000015fa0000)]
  0x0000000002356000 JavaThread "Finalizer" daemon [_thread_blocked, id=8268, stack(0x0000000015cc0000,0x0000000015dc0000)]
  0x000000000234d000 JavaThread "Reference Handler" daemon [_thread_blocked, id=5888, stack(0x0000000015bc0000,0x0000000015cc0000)]
  0x0000000002260800 JavaThread "main" [_thread_in_vm, id=7640, stack(0x00000000020b0000,0x00000000021b0000)]

Other Threads:
  0x00000000149f7800 VMThread [stack: 0x0000000015ac0000,0x0000000015bc0000] [id=4316]
  0x00000000162c1800 WatcherThread [stack: 0x00000000168a0000,0x00000000169a0000] [id=6460]

VM state:not at safepoint (normal execution)

VM Mutex/Monitor currently owned by a thread: None

Heap:
 PSYoungGen      total 68096K, used 33802K [0x00000000eab00000, 0x00000000ef000000, 0x0000000100000000)
  eden space 65536K, 47% used [0x00000000eab00000,0x00000000ec986a70,0x00000000eeb00000)
  from space 2560K, 99% used [0x00000000eed80000,0x00000000eeffc038,0x00000000ef000000)
  to   space 2560K, 0% used [0x00000000eeb00000,0x00000000eeb00000,0x00000000eed80000)
 ParOldGen       total 44032K, used 13457K [0x00000000c0000000, 0x00000000c2b00000, 0x00000000eab00000)
  object space 44032K, 30% used [0x00000000c0000000,0x00000000c0d245e8,0x00000000c2b00000)
 Metaspace       used 6419K, capacity 7192K, committed 7424K, reserved 1056768K
  class space    used 619K, capacity 656K, committed 768K, reserved 1048576K

Card table byte_map: [0x0000000011720000,0x0000000011930000] byte_map_base: 0x0000000011120000

Marking Bits: (ParMarkBitMap*) 0x00000000552e0600
 Begin Bits: [0x0000000011e90000, 0x0000000012e90000)
 End Bits:   [0x0000000012e90000, 0x0000000013e90000)

Polling page: 0x0000000000610000

CodeCache: size=245760Kb used=8609Kb max_used=8615Kb free=237150Kb
 bounds [0x0000000002360000, 0x0000000002be0000, 0x0000000011360000]
 total_blobs=2180 nmethods=1910 adapters=182
 compilation: enabled

Compilation events (10 events):
Event: 12.949 Thread 0x0000000014a29000 nmethod 1913 0x0000000002bc9850 code [0x0000000002bc99c0, 0x0000000002bc9bc8]
Event: 12.949 Thread 0x0000000014a29000 1898       4       java.util.HashMap::get (23 bytes)
Event: 12.957 Thread 0x0000000014a29000 nmethod 1898 0x0000000002bcb450 code [0x0000000002bcb5c0, 0x0000000002bcb828]
Event: 12.957 Thread 0x0000000014a29000 1897       4       com.android.dx.ssa.SsaConverter::placePhiFunctions (394 bytes)
Event: 12.989 Thread 0x00000000162a8800 1938  s    3       java.io.ByteArrayOutputStream::write (66 bytes)
Event: 12.990 Thread 0x00000000162a8800 nmethod 1938 0x0000000002bcaa10 code [0x0000000002bcabc0, 0x0000000002bcb228]
Event: 12.994 Thread 0x00000000162a8800 1939  s    3       java.io.ByteArrayOutputStream::reset (6 bytes)
Event: 12.994 Thread 0x00000000162a8800 nmethod 1939 0x0000000002bca550 code [0x0000000002bca6a0, 0x0000000002bca950]
Event: 12.994 Thread 0x00000000162a8800 1940  s    3       java.io.ByteArrayOutputStream::toByteArray (12 bytes)
Event: 12.995 Thread 0x00000000162a8800 nmethod 1940 0x0000000002bcc750 code [0x0000000002bcc8e0, 0x0000000002bcce08]

GC Heap History (8 events):
Event: 3.605 GC heap before
{Heap before GC invocations=1 (full 0):
 PSYoungGen      total 18944K, used 16384K [0x00000000eab00000, 0x00000000ec000000, 0x0000000100000000)
  eden space 16384K, 100% used [0x00000000eab00000,0x00000000ebb00000,0x00000000ebb00000)
  from space 2560K, 0% used [0x00000000ebd80000,0x00000000ebd80000,0x00000000ec000000)
  to   space 2560K, 0% used [0x00000000ebb00000,0x00000000ebb00000,0x00000000ebd80000)
 ParOldGen       total 44032K, used 0K [0x00000000c0000000, 0x00000000c2b00000, 0x00000000eab00000)
  object space 44032K, 0% used [0x00000000c0000000,0x00000000c0000000,0x00000000c2b00000)
 Metaspace       used 5622K, capacity 6576K, committed 6784K, reserved 1056768K
  class space    used 592K, capacity 616K, committed 640K, reserved 1048576K
Event: 3.648 GC heap after
Heap after GC invocations=1 (full 0):
 PSYoungGen      total 18944K, used 2538K [0x00000000eab00000, 0x00000000ed000000, 0x0000000100000000)
  eden space 16384K, 0% used [0x00000000eab00000,0x00000000eab00000,0x00000000ebb00000)
  from space 2560K, 99% used [0x00000000ebb00000,0x00000000ebd7aaa8,0x00000000ebd80000)
  to   space 2560K, 0% used [0x00000000ecd80000,0x00000000ecd80000,0x00000000ed000000)
 ParOldGen       total 44032K, used 1269K [0x00000000c0000000, 0x00000000c2b00000, 0x00000000eab00000)
  object space 44032K, 2% used [0x00000000c0000000,0x00000000c013d400,0x00000000c2b00000)
 Metaspace       used 5622K, capacity 6576K, committed 6784K, reserved 1056768K
  class space    used 592K, capacity 616K, committed 640K, reserved 1048576K
}
Event: 5.653 GC heap before
{Heap before GC invocations=2 (full 0):
 PSYoungGen      total 18944K, used 18922K [0x00000000eab00000, 0x00000000ed000000, 0x0000000100000000)
  eden space 16384K, 100% used [0x00000000eab00000,0x00000000ebb00000,0x00000000ebb00000)
  from space 2560K, 99% used [0x00000000ebb00000,0x00000000ebd7aaa8,0x00000000ebd80000)
  to   space 2560K, 0% used [0x00000000ecd80000,0x00000000ecd80000,0x00000000ed000000)
 ParOldGen       total 44032K, used 1269K [0x00000000c0000000, 0x00000000c2b00000, 0x00000000eab00000)
  object space 44032K, 2% used [0x00000000c0000000,0x00000000c013d400,0x00000000c2b00000)
 Metaspace       used 5995K, capacity 6896K, committed 7040K, reserved 1056768K
  class space    used 596K, capacity 616K, committed 640K, reserved 1048576K
Event: 5.825 GC heap after
Heap after GC invocations=2 (full 0):
 PSYoungGen      total 35328K, used 2554K [0x00000000eab00000, 0x00000000ed000000, 0x0000000100000000)
  eden space 32768K, 0% used [0x00000000eab00000,0x00000000eab00000,0x00000000ecb00000)
  from space 2560K, 99% used [0x00000000ecd80000,0x00000000ecffea98,0x00000000ed000000)
  to   space 2560K, 0% used [0x00000000ecb00000,0x00000000ecb00000,0x00000000ecd80000)
 ParOldGen       total 44032K, used 3207K [0x00000000c0000000, 0x00000000c2b00000, 0x00000000eab00000)
  object space 44032K, 7% used [0x00000000c0000000,0x00000000c0321e48,0x00000000c2b00000)
 Metaspace       used 5995K, capacity 6896K, committed 7040K, reserved 1056768K
  class space    used 596K, capacity 616K, committed 640K, reserved 1048576K
}
Event: 10.087 GC heap before
{Heap before GC invocations=3 (full 0):
 PSYoungGen      total 35328K, used 35322K [0x00000000eab00000, 0x00000000ed000000, 0x0000000100000000)
  eden space 32768K, 100% used [0x00000000eab00000,0x00000000ecb00000,0x00000000ecb00000)
  from space 2560K, 99% used [0x00000000ecd80000,0x00000000ecffea98,0x00000000ed000000)
  to   space 2560K, 0% used [0x00000000ecb00000,0x00000000ecb00000,0x00000000ecd80000)
 ParOldGen       total 44032K, used 3207K [0x00000000c0000000, 0x00000000c2b00000, 0x00000000eab00000)
  object space 44032K, 7% used [0x00000000c0000000,0x00000000c0321e48,0x00000000c2b00000)
 Metaspace       used 6214K, capacity 7088K, committed 7296K, reserved 1056768K
  class space    used 597K, capacity 616K, committed 640K, reserved 1048576K
Event: 10.468 GC heap after
Heap after GC invocations=3 (full 0):
 PSYoungGen      total 35328K, used 2528K [0x00000000eab00000, 0x00000000ef000000, 0x0000000100000000)
  eden space 32768K, 0% used [0x00000000eab00000,0x00000000eab00000,0x00000000ecb00000)
  from space 2560K, 98% used [0x00000000ecb00000,0x00000000ecd78048,0x00000000ecd80000)
  to   space 2560K, 0% used [0x00000000eed80000,0x00000000eed80000,0x00000000ef000000)
 ParOldGen       total 44032K, used 8815K [0x00000000c0000000, 0x00000000c2b00000, 0x00000000eab00000)
  object space 44032K, 20% used [0x00000000c0000000,0x00000000c089bc78,0x00000000c2b00000)
 Metaspace       used 6214K, capacity 7088K, committed 7296K, reserved 1056768K
  class space    used 597K, capacity 616K, committed 640K, reserved 1048576K
}
Event: 11.674 GC heap before
{Heap before GC invocations=4 (full 0):
 PSYoungGen      total 35328K, used 35296K [0x00000000eab00000, 0x00000000ef000000, 0x0000000100000000)
  eden space 32768K, 100% used [0x00000000eab00000,0x00000000ecb00000,0x00000000ecb00000)
  from space 2560K, 98% used [0x00000000ecb00000,0x00000000ecd78048,0x00000000ecd80000)
  to   space 2560K, 0% used [0x00000000eed80000,0x00000000eed80000,0x00000000ef000000)
 ParOldGen       total 44032K, used 8815K [0x00000000c0000000, 0x00000000c2b00000, 0x00000000eab00000)
  object space 44032K, 20% used [0x00000000c0000000,0x00000000c089bc78,0x00000000c2b00000)
 Metaspace       used 6256K, capacity 7088K, committed 7296K, reserved 1056768K
  class space    used 598K, capacity 616K, committed 640K, reserved 1048576K
Event: 11.826 GC heap after
Heap after GC invocations=4 (full 0):
 PSYoungGen      total 68096K, used 2544K [0x00000000eab00000, 0x00000000ef000000, 0x0000000100000000)
  eden space 65536K, 0% used [0x00000000eab00000,0x00000000eab00000,0x00000000eeb00000)
  from space 2560K, 99% used [0x00000000eed80000,0x00000000eeffc038,0x00000000ef000000)
  to   space 2560K, 0% used [0x00000000eeb00000,0x00000000eeb00000,0x00000000eed80000)
 ParOldGen       total 44032K, used 13457K [0x00000000c0000000, 0x00000000c2b00000, 0x00000000eab00000)
  object space 44032K, 30% used [0x00000000c0000000,0x00000000c0d245e8,0x00000000c2b00000)
 Metaspace       used 6256K, capacity 7088K, committed 7296K, reserved 1056768K
  class space    used 598K, capacity 616K, committed 640K, reserved 1048576K
}

Deoptimization events (10 events):
Event: 12.713 Thread 0x000000001654e000 Uncommon trap: reason=null_check action=make_not_entrant pc=0x000000000271b470 method=com.android.dx.ssa.SsaRenamer.getLocalForNewReg(I)Lcom/android/dx/rop/code/LocalItem; @ 19
Event: 12.716 Thread 0x000000001654e000 Uncommon trap: reason=unstable_if action=reinterpret pc=0x0000000002753290 method=com.android.dx.ssa.NormalSsaInsn.getLocalAssignment()Lcom/android/dx/rop/code/RegisterSpec; @ 12
Event: 12.716 Thread 0x000000001654e000 Uncommon trap: reason=unstable_if action=reinterpret pc=0x00000000028b3d74 method=com.android.dx.ssa.NormalSsaInsn.getLocalAssignment()Lcom/android/dx/rop/code/RegisterSpec; @ 12
Event: 12.716 Thread 0x000000001654e000 Uncommon trap: reason=unstable_if action=reinterpret pc=0x000000000274d0f8 method=com.android.dx.ssa.NormalSsaInsn.getLocalAssignment()Lcom/android/dx/rop/code/RegisterSpec; @ 12
Event: 12.716 Thread 0x000000001654e000 Uncommon trap: reason=unstable_if action=reinterpret pc=0x0000000002888cfc method=com.android.dx.ssa.SsaMethod.isRegALocal(Lcom/android/dx/rop/code/RegisterSpec;)Z @ 80
Event: 12.716 Thread 0x000000001654e000 Uncommon trap: reason=unstable_if action=reinterpret pc=0x00000000026aa4a8 method=com.android.dx.ssa.NormalSsaInsn.getLocalAssignment()Lcom/android/dx/rop/code/RegisterSpec; @ 12
Event: 12.716 Thread 0x000000001654e000 Uncommon trap: reason=unstable_if action=reinterpret pc=0x00000000026831f0 method=com.android.dx.ssa.NormalSsaInsn.getLocalAssignment()Lcom/android/dx/rop/code/RegisterSpec; @ 12
Event: 12.719 Thread 0x000000001654e000 Uncommon trap: reason=unstable_if action=reinterpret pc=0x000000000289bbd4 method=com.android.dx.ssa.NormalSsaInsn.getLocalAssignment()Lcom/android/dx/rop/code/RegisterSpec; @ 12
Event: 12.722 Thread 0x000000001654e000 Uncommon trap: reason=unstable_if action=reinterpret pc=0x00000000029d874c method=com.android.dx.rop.code.Insn.getLocalAssignment()Lcom/android/dx/rop/code/RegisterSpec; @ 9
Event: 12.722 Thread 0x000000001654e000 Uncommon trap: reason=unstable_if action=reinterpret pc=0x000000000297ac10 method=com.android.dx.dex.code.RopTranslator$TranslationVisitor.visitPlainInsn(Lcom/android/dx/rop/code/PlainInsn;)V @ 11

Internal exceptions (8 events):
Event: 0.315 Thread 0x0000000002260800 Exception <a 'java/lang/NoSuchMethodError': Method sun.misc.Unsafe.defineClass(Ljava/lang/String;[BII)Ljava/lang/Class; name or signature does not match> (0x00000000eab0d5d0) thrown at [D:\re\puppet\workspace\8-2-build-windows-amd64-cygwin\jdk8u73\6086\hotŽÛ
Ý&Ô?
Event: 0.315 Thread 0x0000000002260800 Exception <a 'java/lang/NoSuchMethodError': Method sun.misc.Unsafe.prefetchRead(Ljava/lang/Object;J)V name or signature does not match> (0x00000000eab0d8b8) thrown at [D:\re\puppet\workspace\8-2-build-windows-amd64-cygwin\jdk8u73\6086\hotspot\src\share\vm\[”Ú”¦ø'@
Event: 11.986 Thread 0x00000000164f8000 Implicit null exception at 0x0000000002afe6be to 0x0000000002b002b1
Event: 11.986 Thread 0x00000000164f8000 Implicit null exception at 0x0000000002a9be77 to 0x0000000002a9c191
Event: 12.600 Thread 0x00000000164f8000 Exception <a 'java/lang/ArrayIndexOutOfBoundsException': 18> (0x00000000ebd4fcd0) thrown at [D:\re\puppet\workspace\8-2-build-windows-amd64-cygwin\jdk8u73\6086\hotspot\src\share\vm\interpreter\interpreterRuntime.cpp, line 366]
Event: 12.601 Thread 0x00000000164f8000 Exception <a 'java/lang/ArrayIndexOutOfBoundsException': 145> (0x00000000ebd51850) thrown at [D:\re\puppet\workspace\8-2-build-windows-amd64-cygwin\jdk8u73\6086\hotspot\src\share\vm\interpreter\interpreterRuntime.cpp, line 366]
Event: 12.611 Thread 0x00000000164f8000 Exception <a 'java/lang/ArrayIndexOutOfBoundsException'> (0x00000000ebd52b38) thrown at [D:\re\puppet\workspace\8-2-build-windows-amd64-cygwin\jdk8u73\6086\hotspot\src\share\vm\runtime\sharedRuntime.cpp, line 605]
Event: 12.713 Thread 0x000000001654e000 Implicit null exception at 0x000000000271a6d2 to 0x000000000271b43d

Events (10 events):
Event: 12.719 Thread 0x000000001654e000 DEOPT PACKING pc=0x000000000289bbd4 sp=0x0000000016a9e3d0
Event: 12.719 Thread 0x000000001654e000 DEOPT UNPACKING pc=0x00000000023a582a sp=0x0000000016a9e350 mode 2
Event: 12.722 Thread 0x000000001654e000 Uncommon trap: trap_request=0xffffff65 fr.pc=0x00000000029d874c
Event: 12.722 Thread 0x000000001654e000 DEOPT PACKING pc=0x00000000029d874c sp=0x0000000016a9e750
Event: 12.722 Thread 0x000000001654e000 DEOPT UNPACKING pc=0x00000000023a582a sp=0x0000000016a9e6c0 mode 2
Event: 12.722 Thread 0x000000001654e000 Uncommon trap: trap_request=0xffffff65 fr.pc=0x000000000297ac10
Event: 12.722 Thread 0x000000001654e000 DEOPT PACKING pc=0x000000000297ac10 sp=0x0000000016a9e5c0
Event: 12.722 Thread 0x000000001654e000 DEOPT UNPACKING pc=0x00000000023a582a sp=0x0000000016a9e558 mode 2
Event: 12.823 Thread 0x000000001652d800 DEOPT PACKING pc=0x00000000027a5919 sp=0x0000000016c9e9c0
Event: 12.823 Thread 0x000000001652d800 DEOPT UNPACKING pc=0x00000000023a787f sp=0x0000000016c9e7f0 mode 0


Dynamic libraries:
0x00007ff602f90000 - 0x00007ff602fc7000 	C:\Program Files\Java\jdk1.8.0_73\bin\java.exe
0x00007ffc2ab30000 - 0x00007ffc2acf2000 	C:\Windows\SYSTEM32\ntdll.dll
0x00007ffc28f50000 - 0x00007ffc28ffd000 	C:\Windows\system32\KERNEL32.DLL
0x00007ffc27fe0000 - 0x00007ffc281bd000 	C:\Windows\system32\KERNELBASE.dll
0x00007ffc287d0000 - 0x00007ffc28876000 	C:\Windows\system32\ADVAPI32.dll
0x00007ffc286d0000 - 0x00007ffc2876d000 	C:\Windows\system32\msvcrt.dll
0x00007ffc28de0000 - 0x00007ffc28e3b000 	C:\Windows\system32\sechost.dll
0x00007ffc28c60000 - 0x00007ffc28d86000 	C:\Windows\system32\RPCRT4.dll
0x00007ffc292e0000 - 0x00007ffc2942e000 	C:\Windows\system32\USER32.dll
0x00007ffc29430000 - 0x00007ffc295b6000 	C:\Windows\system32\GDI32.dll
0x00007ffc1df00000 - 0x00007ffc1e174000 	C:\Windows\WinSxS\amd64_microsoft.windows.common-controls_6595b64144ccf1df_6.0.10240.16384_none_f41f7b285750ef43\COMCTL32.dll
0x00007ffc28da0000 - 0x00007ffc28dd6000 	C:\Windows\system32\IMM32.DLL
0x00007ffc282c0000 - 0x00007ffc2841c000 	C:\Windows\system32\MSCTF.dll
0x0000000054820000 - 0x00000000548f2000 	C:\Program Files\Java\jdk1.8.0_73\jre\bin\msvcr100.dll
0x0000000054ad0000 - 0x0000000055360000 	C:\Program Files\Java\jdk1.8.0_73\jre\bin\server\jvm.dll
0x00007ffc28c50000 - 0x00007ffc28c58000 	C:\Windows\system32\PSAPI.DLL
0x00007ffc23f20000 - 0x00007ffc23f29000 	C:\Windows\SYSTEM32\WSOCK32.dll
0x00007ffc29000000 - 0x00007ffc29069000 	C:\Windows\system32\WS2_32.dll
0x00007ffc28240000 - 0x00007ffc28248000 	C:\Windows\system32\NSI.dll
0x00007ffc25540000 - 0x00007ffc25563000 	C:\Windows\SYSTEM32\WINMM.dll
0x00007ffc250d0000 - 0x00007ffc250da000 	C:\Windows\SYSTEM32\VERSION.dll
0x00007ffc25510000 - 0x00007ffc2553c000 	C:\Windows\SYSTEM32\WINMMBASE.dll
0x00007ffc275c0000 - 0x00007ffc27604000 	C:\Windows\system32\cfgmgr32.dll
0x00007ffc25e90000 - 0x00007ffc25eb7000 	C:\Windows\SYSTEM32\DEVOBJ.dll
0x0000000055f00000 - 0x0000000055f0f000 	C:\Program Files\Java\jdk1.8.0_73\jre\bin\verify.dll
0x0000000055720000 - 0x0000000055749000 	C:\Program Files\Java\jdk1.8.0_73\jre\bin\java.dll
0x0000000055700000 - 0x0000000055716000 	C:\Program Files\Java\jdk1.8.0_73\jre\bin\zip.dll
0x00007ffc295c0000 - 0x00007ffc2ab28000 	C:\Windows\system32\SHELL32.dll
0x00007ffc27780000 - 0x00007ffc27da8000 	C:\Windows\system32\windows.storage.dll
0x00007ffc289d0000 - 0x00007ffc28c4c000 	C:\Windows\system32\combase.dll
0x00007ffc28770000 - 0x00007ffc287c1000 	C:\Windows\system32\shlwapi.dll
0x00007ffc27520000 - 0x00007ffc2752f000 	C:\Windows\system32\kernel.appcore.dll
0x00007ffc276c0000 - 0x00007ffc27773000 	C:\Windows\system32\shcore.dll
0x00007ffc27530000 - 0x00007ffc2757a000 	C:\Windows\system32\powrprof.dll
0x00007ffc275a0000 - 0x00007ffc275b3000 	C:\Windows\system32\profapi.dll
0x00007ffc29070000 - 0x00007ffc2912e000 	C:\Windows\system32\OLEAUT32.dll

VM Arguments:
jvm_args: -Djava.awt.headless=true -Xmx1024M -Dfile.encoding=windows-1252 -Duser.country=US -Duser.language=en -Duser.variant 
java_command: com.android.dx.command.Main --dex --num-threads=4 --output C:\Users\droiD\Studio\ADVANCEDapp\app\build\intermediates\pre-dexed\debug\com.google.android.gms-play-services-wearable-8.4.0_e336cf93845a2bb5516d7822df237b65e18a1ca6.jar C:\Users\droiD\Studio\ADVANCEDapp\app\build\intermediates\exploded-aar\com.google.android.gms\play-services-wearable\8.4.0\jars\classes.jar
java_class_path (initial): C:\Users\droiD\AppData\Local\Android\sdk\build-tools\23.0.3\lib\dx.jar
Launcher Type: SUN_STANDARD

Environment Variables:
PATH=C:\ProgramData\Oracle\Java\javapath;C:\Program Files (x86)\Intel\iCLS Client\;C:\Program Files\Intel\iCLS Client\;C:\Windows\system32;C:\Windows;C:\Windows\System32\Wbem;C:\Windows\System32\WindowsPowerShell\v1.0\;C:\Program Files (x86)\NVIDIA Corporation\PhysX\Common;C:\Program Files\Intel\Intel(R) Management Engine Components\DAL;C:\Program Files\Intel\Intel(R) Management Engine Components\IPT;C:\Program Files (x86)\Intel\Intel(R) Management Engine Components\DAL;C:\Program Files (x86)\Intel\Intel(R) Management Engine Components\IPT;C:\Program Files\Git\cmd
USERNAME=droiD
OS=Windows_NT
PROCESSOR_IDENTIFIER=Intel64 Family 6 Model 69 Stepping 1, GenuineIntel



---------------  S Y S T E M  ---------------

OS: Windows 10.0 , 64 bit Build 10240 (10.0.10240.16384)

CPU:total 4 (2 cores per cpu, 2 threads per core) family 6 model 69 stepping 1, cmov, cx8, fxsr, mmx, sse, sse2, sse3, ssse3, sse4.1, sse4.2, popcnt, avx, avx2, aes, clmul, erms, lzcnt, ht, tsc, tscinvbit, bmi1, bmi2

Memory: 4k page, physical 4074904k(177884k free), swap 6172056k(5200k free)

vm_info: Java HotSpot(TM) 64-Bit Server VM (25.73-b02) for windows-amd64 JRE (1.8.0_73-b02), built on Jan 29 2016 17:38:49 by "java_re" with MS VC++ 10.0 (VS2010)

time: Sun May 22 01:41:45 2016
elapsed time: 13 seconds (0d 0h 0m 13s)

