#
# There is insufficient memory for the Java Runtime Environment to continue.
# Native memory allocation (malloc) failed to allocate 736416 bytes for Chunk::new
# Possible reasons:
#   The system is out of physical RAM or swap space
#   In 32 bit mode, the process size limit was hit
# Possible solutions:
#   Reduce memory load on the system
#   Increase physical memory or swap space
#   Check if swap backing store is full
#   Use 64 bit Java on a 64 bit OS
#   Decrease Java heap size (-Xmx/-Xms)
#   Decrease number of Java threads
#   Decrease Java thread stack sizes (-Xss)
#   Set larger code cache with -XX:ReservedCodeCacheSize=
# This output file may be truncated or incomplete.
#
#  Out of Memory Error (allocation.cpp:390), pid=4056, tid=3228
#
# JRE version: Java(TM) SE Runtime Environment (8.0_73-b02) (build 1.8.0_73-b02)
# Java VM: Java HotSpot(TM) 64-Bit Server VM (25.73-b02 mixed mode windows-amd64 compressed oops)
# Failed to write core dump. Minidumps are not enabled by default on client versions of Windows
#

---------------  T H R E A D  ---------------

Current thread (0x000000001543a000):  JavaThread "C2 CompilerThread1" daemon [_thread_in_native, id=3228, stack(0x0000000016b50000,0x0000000016c50000)]

Stack: [0x0000000016b50000,0x0000000016c50000]
[error occurred during error reporting (printing stack bounds), id 0xc0000005]

Native frames: (J=compiled Java code, j=interpreted, Vv=VM code, C=native code)


Current CompileTask:
C2:  43770 2422       4       com.android.dx.ssa.DeadCodeRemover::run (194 bytes)


---------------  P R O C E S S  ---------------

Java Threads: ( => current thread )
  0x000000001714e000 JavaThread "pool-1-thread-4" [_thread_in_Java, id=8800, stack(0x0000000018f20000,0x0000000019020000)]
  0x000000001714d000 JavaThread "pool-1-thread-3" [_thread_in_Java, id=8352, stack(0x0000000018e20000,0x0000000018f20000)]
  0x000000001714a800 JavaThread "pool-1-thread-2" [_thread_in_Java, id=7060, stack(0x0000000018d20000,0x0000000018e20000)]
  0x000000001766f000 JavaThread "pool-2-thread-1" [_thread_blocked, id=5852, stack(0x0000000018c20000,0x0000000018d20000)]
  0x000000001766e800 JavaThread "pool-1-thread-1" [_thread_in_Java, id=6728, stack(0x0000000018b20000,0x0000000018c20000)]
  0x0000000016d55800 JavaThread "Service Thread" daemon [_thread_blocked, id=1648, stack(0x0000000017150000,0x0000000017250000)]
  0x000000001543c800 JavaThread "C1 CompilerThread2" daemon [_thread_blocked, id=8532, stack(0x0000000016c50000,0x0000000016d50000)]
=>0x000000001543a000 JavaThread "C2 CompilerThread1" daemon [_thread_in_native, id=3228, stack(0x0000000016b50000,0x0000000016c50000)]
  0x00000000153d9000 JavaThread "C2 CompilerThread0" daemon [_thread_in_native, id=8268, stack(0x0000000016a50000,0x0000000016b50000)]
  0x00000000153d7000 JavaThread "Attach Listener" daemon [_thread_blocked, id=4988, stack(0x0000000016950000,0x0000000016a50000)]
  0x00000000153d6000 JavaThread "Signal Dispatcher" daemon [_thread_blocked, id=6724, stack(0x0000000016850000,0x0000000016950000)]
  0x0000000002ce0800 JavaThread "Finalizer" daemon [_thread_blocked, id=8480, stack(0x0000000016660000,0x0000000016760000)]
  0x0000000002cdd000 JavaThread "Reference Handler" daemon [_thread_blocked, id=8988, stack(0x0000000016560000,0x0000000016660000)]
  0x0000000002bf0800 JavaThread "main" [_thread_in_vm, id=8444, stack(0x0000000002ad0000,0x0000000002bd0000)]

Other Threads:
  0x00000000153a7800 VMThread [stack: 0x0000000016460000,0x0000000016560000] [id=260]
  0x0000000016d6a800 WatcherThread [stack: 0x0000000017250000,0x0000000017350000] [id=9012]

VM state:not at safepoint (normal execution)

VM Mutex/Monitor currently owned by a thread: None

Heap:
 PSYoungGen      total 203264K, used 83157K [0x00000000eab00000, 0x00000000fcf00000, 0x0000000100000000)
  eden space 121856K, 22% used [0x00000000eab00000,0x00000000ec5d7658,0x00000000f2200000)
  from space 81408K, 68% used [0x00000000f7580000,0x00000000fabddf00,0x00000000fc500000)
  to   space 85504K, 0% used [0x00000000f2200000,0x00000000f2200000,0x00000000f7580000)
 ParOldGen       total 287232K, used 195550K [0x00000000c0000000, 0x00000000d1880000, 0x00000000eab00000)
  object space 287232K, 68% used [0x00000000c0000000,0x00000000cbef7a60,0x00000000d1880000)
 Metaspace       used 6533K, capacity 7256K, committed 7424K, reserved 1056768K
  class space    used 624K, capacity 656K, committed 768K, reserved 1048576K

Card table byte_map: [0x00000000120b0000,0x00000000122c0000] byte_map_base: 0x0000000011ab0000

Marking Bits: (ParMarkBitMap*) 0x00000000552e0600
 Begin Bits: [0x0000000012820000, 0x0000000013820000)
 End Bits:   [0x0000000013820000, 0x0000000014820000)

Polling page: 0x0000000002aa0000

CodeCache: size=245760Kb used=10541Kb max_used=10552Kb free=235218Kb
 bounds [0x0000000002cf0000, 0x0000000003750000, 0x0000000011cf0000]
 total_blobs=2452 nmethods=2181 adapters=182
 compilation: enabled

Compilation events (10 events):
Event: 43.605 Thread 0x000000001543c800 2424       3       com.android.dx.cf.direct.AnnotationParser::requireLength (22 bytes)
Event: 43.605 Thread 0x000000001543c800 nmethod 2424 0x000000000371bf90 code [0x000000000371c120, 0x000000000371c538]
Event: 43.654 Thread 0x000000001543a000 nmethod 2417 0x000000000373f410 code [0x000000000373f660, 0x0000000003740b00]
Event: 43.654 Thread 0x000000001543a000 2419 %     4       com.android.dx.ssa.Dominators::run @ 403 (506 bytes)
Event: 43.666 Thread 0x000000001543a000 nmethod 2419% 0x0000000003719ed0 code [0x000000000371a040, 0x000000000371a498]
Event: 43.666 Thread 0x000000001543a000 2422       4       com.android.dx.ssa.DeadCodeRemover::run (194 bytes)
Event: 43.695 Thread 0x00000000153d9000 nmethod 2415 0x0000000003742d10 code [0x0000000003743080, 0x0000000003745738]
Event: 43.699 Thread 0x00000000153d9000 2423 %     4       com.android.dx.ssa.back.FirstFitLocalCombiningAllocator::handleUnassociatedParameters @ 10 (60 bytes)
Event: 43.722 Thread 0x00000000153d9000 nmethod 2423% 0x0000000003738b90 code [0x0000000003738d60, 0x00000000037395c8]
Event: 43.722 Thread 0x00000000153d9000 2418       4       com.android.dx.dex.code.RopTranslator$TranslationVisitor::visitPlainCstInsn (161 bytes)

GC Heap History (10 events):
Event: 31.308 GC heap before
{Heap before GC invocations=15 (full 2):
 PSYoungGen      total 147456K, used 135376K [0x00000000eab00000, 0x00000000f7600000, 0x0000000100000000)
  eden space 96256K, 100% used [0x00000000eab00000,0x00000000f0900000,0x00000000f0900000)
  from space 51200K, 76% used [0x00000000f4280000,0x00000000f68b4210,0x00000000f7480000)
  to   space 55808K, 0% used [0x00000000f0900000,0x00000000f0900000,0x00000000f3f80000)
 ParOldGen       total 173056K, used 117349K [0x00000000c0000000, 0x00000000ca900000, 0x00000000eab00000)
  object space 173056K, 67% used [0x00000000c0000000,0x00000000c7299470,0x00000000ca900000)
 Metaspace       used 6528K, capacity 7256K, committed 7424K, reserved 1056768K
  class space    used 624K, capacity 656K, committed 768K, reserved 1048576K
Event: 31.409 GC heap after
Heap after GC invocations=15 (full 2):
 PSYoungGen      total 152064K, used 55782K [0x00000000eab00000, 0x00000000faa80000, 0x0000000100000000)
  eden space 96256K, 0% used [0x00000000eab00000,0x00000000eab00000,0x00000000f0900000)
  from space 55808K, 99% used [0x00000000f0900000,0x00000000f3f799d8,0x00000000f3f80000)
  to   space 76288K, 0% used [0x00000000f6000000,0x00000000f6000000,0x00000000faa80000)
 ParOldGen       total 173056K, used 146115K [0x00000000c0000000, 0x00000000ca900000, 0x00000000eab00000)
  object space 173056K, 84% used [0x00000000c0000000,0x00000000c8eb0dc0,0x00000000ca900000)
 Metaspace       used 6528K, capacity 7256K, committed 7424K, reserved 1056768K
  class space    used 624K, capacity 656K, committed 768K, reserved 1048576K
}
Event: 31.409 GC heap before
{Heap before GC invocations=16 (full 3):
 PSYoungGen      total 152064K, used 55782K [0x00000000eab00000, 0x00000000faa80000, 0x0000000100000000)
  eden space 96256K, 0% used [0x00000000eab00000,0x00000000eab00000,0x00000000f0900000)
  from space 55808K, 99% used [0x00000000f0900000,0x00000000f3f799d8,0x00000000f3f80000)
  to   space 76288K, 0% used [0x00000000f6000000,0x00000000f6000000,0x00000000faa80000)
 ParOldGen       total 173056K, used 146115K [0x00000000c0000000, 0x00000000ca900000, 0x00000000eab00000)
  object space 173056K, 84% used [0x00000000c0000000,0x00000000c8eb0dc0,0x00000000ca900000)
 Metaspace       used 6528K, capacity 7256K, committed 7424K, reserved 1056768K
  class space    used 624K, capacity 656K, committed 768K, reserved 1048576K
Event: 31.952 GC heap after
Heap after GC invocations=16 (full 3):
 PSYoungGen      total 152064K, used 21357K [0x00000000eab00000, 0x00000000faa80000, 0x0000000100000000)
  eden space 96256K, 0% used [0x00000000eab00000,0x00000000eab00000,0x00000000f0900000)
  from space 55808K, 38% used [0x00000000f0900000,0x00000000f1ddb758,0x00000000f3f80000)
  to   space 76288K, 0% used [0x00000000f6000000,0x00000000f6000000,0x00000000faa80000)
 ParOldGen       total 287232K, used 173042K [0x00000000c0000000, 0x00000000d1880000, 0x00000000eab00000)
  object space 287232K, 60% used [0x00000000c0000000,0x00000000ca8fcb98,0x00000000d1880000)
 Metaspace       used 6528K, capacity 7256K, committed 7424K, reserved 1056768K
  class space    used 624K, capacity 656K, committed 768K, reserved 1048576K
}
Event: 33.142 GC heap before
{Heap before GC invocations=17 (full 3):
 PSYoungGen      total 152064K, used 117613K [0x00000000eab00000, 0x00000000faa80000, 0x0000000100000000)
  eden space 96256K, 100% used [0x00000000eab00000,0x00000000f0900000,0x00000000f0900000)
  from space 55808K, 38% used [0x00000000f0900000,0x00000000f1ddb758,0x00000000f3f80000)
  to   space 76288K, 0% used [0x00000000f6000000,0x00000000f6000000,0x00000000faa80000)
 ParOldGen       total 287232K, used 173042K [0x00000000c0000000, 0x00000000d1880000, 0x00000000eab00000)
  object space 287232K, 60% used [0x00000000c0000000,0x00000000ca8fcb98,0x00000000d1880000)
 Metaspace       used 6528K, capacity 7256K, committed 7424K, reserved 1056768K
  class space    used 624K, capacity 656K, committed 768K, reserved 1048576K
Event: 33.371 GC heap after
Heap after GC invocations=17 (full 3):
 PSYoungGen      total 184832K, used 40695K [0x00000000eab00000, 0x00000000fab80000, 0x0000000100000000)
  eden space 108544K, 0% used [0x00000000eab00000,0x00000000eab00000,0x00000000f1500000)
  from space 76288K, 53% used [0x00000000f6000000,0x00000000f87bde40,0x00000000faa80000)
  to   space 76800K, 0% used [0x00000000f1500000,0x00000000f1500000,0x00000000f6000000)
 ParOldGen       total 287232K, used 195542K [0x00000000c0000000, 0x00000000d1880000, 0x00000000eab00000)
  object space 287232K, 68% used [0x00000000c0000000,0x00000000cbef5a60,0x00000000d1880000)
 Metaspace       used 6528K, capacity 7256K, committed 7424K, reserved 1056768K
  class space    used 624K, capacity 656K, committed 768K, reserved 1048576K
}
Event: 34.506 GC heap before
{Heap before GC invocations=18 (full 3):
 PSYoungGen      total 184832K, used 149239K [0x00000000eab00000, 0x00000000fab80000, 0x0000000100000000)
  eden space 108544K, 100% used [0x00000000eab00000,0x00000000f1500000,0x00000000f1500000)
  from space 76288K, 53% used [0x00000000f6000000,0x00000000f87bde40,0x00000000faa80000)
  to   space 76800K, 0% used [0x00000000f1500000,0x00000000f1500000,0x00000000f6000000)
 ParOldGen       total 287232K, used 195542K [0x00000000c0000000, 0x00000000d1880000, 0x00000000eab00000)
  object space 287232K, 68% used [0x00000000c0000000,0x00000000cbef5a60,0x00000000d1880000)
 Metaspace       used 6529K, capacity 7256K, committed 7424K, reserved 1056768K
  class space    used 624K, capacity 656K, committed 768K, reserved 1048576K
Event: 34.913 GC heap after
Heap after GC invocations=18 (full 3):
 PSYoungGen      total 185344K, used 53158K [0x00000000eab00000, 0x00000000fc500000, 0x0000000100000000)
  eden space 108544K, 0% used [0x00000000eab00000,0x00000000eab00000,0x00000000f1500000)
  from space 76800K, 69% used [0x00000000f1500000,0x00000000f48e9898,0x00000000f6000000)
  to   space 81408K, 0% used [0x00000000f7580000,0x00000000f7580000,0x00000000fc500000)
 ParOldGen       total 287232K, used 195542K [0x00000000c0000000, 0x00000000d1880000, 0x00000000eab00000)
  object space 287232K, 68% used [0x00000000c0000000,0x00000000cbef5a60,0x00000000d1880000)
 Metaspace       used 6529K, capacity 7256K, committed 7424K, reserved 1056768K
  class space    used 624K, capacity 656K, committed 768K, reserved 1048576K
}
Event: 39.453 GC heap before
{Heap before GC invocations=19 (full 3):
 PSYoungGen      total 185344K, used 161702K [0x00000000eab00000, 0x00000000fc500000, 0x0000000100000000)
  eden space 108544K, 100% used [0x00000000eab00000,0x00000000f1500000,0x00000000f1500000)
  from space 76800K, 69% used [0x00000000f1500000,0x00000000f48e9898,0x00000000f6000000)
  to   space 81408K, 0% used [0x00000000f7580000,0x00000000f7580000,0x00000000fc500000)
 ParOldGen       total 287232K, used 195542K [0x00000000c0000000, 0x00000000d1880000, 0x00000000eab00000)
  object space 287232K, 68% used [0x00000000c0000000,0x00000000cbef5a60,0x00000000d1880000)
 Metaspace       used 6530K, capacity 7256K, committed 7424K, reserved 1056768K
  class space    used 624K, capacity 656K, committed 768K, reserved 1048576K
Event: 41.049 GC heap after
Heap after GC invocations=19 (full 3):
 PSYoungGen      total 203264K, used 55671K [0x00000000eab00000, 0x00000000fcf00000, 0x0000000100000000)
  eden space 121856K, 0% used [0x00000000eab00000,0x00000000eab00000,0x00000000f2200000)
  from space 81408K, 68% used [0x00000000f7580000,0x00000000fabddf00,0x00000000fc500000)
  to   space 85504K, 0% used [0x00000000f2200000,0x00000000f2200000,0x00000000f7580000)
 ParOldGen       total 287232K, used 195550K [0x00000000c0000000, 0x00000000d1880000, 0x00000000eab00000)
  object space 287232K, 68% used [0x00000000c0000000,0x00000000cbef7a60,0x00000000d1880000)
 Metaspace       used 6530K, capacity 7256K, committed 7424K, reserved 1056768K
  class space    used 624K, capacity 656K, committed 768K, reserved 1048576K
}

Deoptimization events (10 events):
Event: 36.936 Thread 0x0000000002bf0800 Uncommon trap: reason=class_check action=maybe_recompile pc=0x00000000034d1478 method=com.android.dx.cf.code.RopperMachine.run(Lcom/android/dx/cf/code/Frame;II)V @ 310
Event: 36.946 Thread 0x0000000002bf0800 Uncommon trap: reason=class_check action=maybe_recompile pc=0x000000000344eb44 method=com.android.dx.cf.code.BaseMachine.addResult(Lcom/android/dx/rop/type/TypeBearer;)V @ 23
Event: 36.947 Thread 0x0000000002bf0800 Uncommon trap: reason=class_check action=maybe_recompile pc=0x00000000034d1478 method=com.android.dx.cf.code.RopperMachine.run(Lcom/android/dx/cf/code/Frame;II)V @ 310
Event: 37.526 Thread 0x0000000002bf0800 Uncommon trap: reason=class_check action=maybe_recompile pc=0x000000000314ff18 method=java.util.HashMap.putVal(ILjava/lang/Object;Ljava/lang/Object;ZZ)Ljava/lang/Object; @ 203
Event: 37.530 Thread 0x0000000002bf0800 Uncommon trap: reason=bimorphic action=maybe_recompile pc=0x000000000355894c method=com.android.dx.cf.code.BytecodeArray.parseInstruction(ILcom/android/dx/cf/code/BytecodeArray$Visitor;)I @ 2135
Event: 37.531 Thread 0x0000000002bf0800 Uncommon trap: reason=bimorphic action=maybe_recompile pc=0x000000000355894c method=com.android.dx.cf.code.BytecodeArray.parseInstruction(ILcom/android/dx/cf/code/BytecodeArray$Visitor;)I @ 2135
Event: 37.545 Thread 0x0000000002bf0800 Uncommon trap: reason=unstable_if action=reinterpret pc=0x0000000003661734 method=com.android.dx.rop.code.BasicBlockList.preferredSuccessorOf(Lcom/android/dx/rop/code/BasicBlock;)Lcom/android/dx/rop/code/BasicBlock; @ 58
Event: 42.575 Thread 0x0000000002bf0800 Uncommon trap: reason=bimorphic action=maybe_recompile pc=0x000000000355bccc method=com.android.dx.cf.code.BytecodeArray.parseInstruction(ILcom/android/dx/cf/code/BytecodeArray$Visitor;)I @ 2281
Event: 42.576 Thread 0x0000000002bf0800 Uncommon trap: reason=bimorphic action=maybe_recompile pc=0x000000000355bccc method=com.android.dx.cf.code.BytecodeArray.parseInstruction(ILcom/android/dx/cf/code/BytecodeArray$Visitor;)I @ 2281
Event: 42.740 Thread 0x0000000002bf0800 Uncommon trap: reason=unstable_if action=reinterpret pc=0x00000000033b4a84 method=com.android.dx.ssa.SCCP.simulateStmt(Lcom/android/dx/ssa/SsaInsn;)V @ 59

Internal exceptions (6 events):
Event: 5.049 Thread 0x0000000002bf0800 Exception <a 'java/lang/NoSuchMethodError': Method sun.misc.Unsafe.defineClass(Ljava/lang/String;[BII)Ljava/lang/Class; name or signature does not match> (0x00000000eab0d5b8) thrown at [D:\re\puppet\workspace\8-2-build-windows-amd64-cygwin\jdk8u73\6086\hotÁ7ß1@
Event: 5.049 Thread 0x0000000002bf0800 Exception <a 'java/lang/NoSuchMethodError': Method sun.misc.Unsafe.prefetchRead(Ljava/lang/Object;J)V name or signature does not match> (0x00000000eab0d8a0) thrown at [D:\re\puppet\workspace\8-2-build-windows-amd64-cygwin\jdk8u73\6086\hotspot\src\share\vm\JÇÄ“uÎ @
Event: 8.403 Thread 0x0000000002bf0800 Implicit null exception at 0x0000000002fb5ae2 to 0x0000000002fb5bda
Event: 10.069 Thread 0x000000001714e000 Exception <a 'java/lang/ArrayIndexOutOfBoundsException': 18> (0x00000000ec54a6b8) thrown at [D:\re\puppet\workspace\8-2-build-windows-amd64-cygwin\jdk8u73\6086\hotspot\src\share\vm\interpreter\interpreterRuntime.cpp, line 366]
Event: 10.072 Thread 0x000000001714e000 Exception <a 'java/lang/ArrayIndexOutOfBoundsException'> (0x00000000ec54c238) thrown at [D:\re\puppet\workspace\8-2-build-windows-amd64-cygwin\jdk8u73\6086\hotspot\src\share\vm\runtime\sharedRuntime.cpp, line 605]
Event: 10.074 Thread 0x000000001714e000 Exception <a 'java/lang/ArrayIndexOutOfBoundsException'> (0x00000000ec54d520) thrown at [D:\re\puppet\workspace\8-2-build-windows-amd64-cygwin\jdk8u73\6086\hotspot\src\share\vm\runtime\sharedRuntime.cpp, line 605]

Events (10 events):
Event: 42.568 Thread 0x0000000002bf0800 DEOPT UNPACKING pc=0x0000000002d3787f sp=0x0000000002bcdf00 mode 0
Event: 42.575 Thread 0x0000000002bf0800 Uncommon trap: trap_request=0xffffffc6 fr.pc=0x000000000355bccc
Event: 42.575 Thread 0x0000000002bf0800 DEOPT PACKING pc=0x000000000355bccc sp=0x0000000002bcdf10
Event: 42.575 Thread 0x0000000002bf0800 DEOPT UNPACKING pc=0x0000000002d3582a sp=0x0000000002bcdeb0 mode 2
Event: 42.576 Thread 0x0000000002bf0800 Uncommon trap: trap_request=0xffffffc6 fr.pc=0x000000000355bccc
Event: 42.576 Thread 0x0000000002bf0800 DEOPT PACKING pc=0x000000000355bccc sp=0x0000000002bcdf00
Event: 42.576 Thread 0x0000000002bf0800 DEOPT UNPACKING pc=0x0000000002d3582a sp=0x0000000002bcdea0 mode 2
Event: 42.740 Thread 0x0000000002bf0800 Uncommon trap: trap_request=0xffffff65 fr.pc=0x00000000033b4a84
Event: 42.740 Thread 0x0000000002bf0800 DEOPT PACKING pc=0x00000000033b4a84 sp=0x0000000002bce010
Event: 42.740 Thread 0x0000000002bf0800 DEOPT UNPACKING pc=0x0000000002d3582a sp=0x0000000002bcdff8 mode 2


Dynamic libraries:
0x00007ff602f90000 - 0x00007ff602fc7000 	C:\Program Files\Java\jdk1.8.0_73\bin\java.exe
0x00007ffc2ab30000 - 0x00007ffc2acf2000 	C:\Windows\SYSTEM32\ntdll.dll
0x00007ffc28f50000 - 0x00007ffc28ffd000 	C:\Windows\system32\KERNEL32.DLL
0x00007ffc27fe0000 - 0x00007ffc281bd000 	C:\Windows\system32\KERNELBASE.dll
0x00007ffc287d0000 - 0x00007ffc28876000 	C:\Windows\system32\ADVAPI32.dll
0x00007ffc286d0000 - 0x00007ffc2876d000 	C:\Windows\system32\msvcrt.dll
0x00007ffc28de0000 - 0x00007ffc28e3b000 	C:\Windows\system32\sechost.dll
0x00007ffc28c60000 - 0x00007ffc28d86000 	C:\Windows\system32\RPCRT4.dll
0x00007ffc292e0000 - 0x00007ffc2942e000 	C:\Windows\system32\USER32.dll
0x00007ffc29430000 - 0x00007ffc295b6000 	C:\Windows\system32\GDI32.dll
0x00007ffc1df00000 - 0x00007ffc1e174000 	C:\Windows\WinSxS\amd64_microsoft.windows.common-controls_6595b64144ccf1df_6.0.10240.16384_none_f41f7b285750ef43\COMCTL32.dll
0x00007ffc28da0000 - 0x00007ffc28dd6000 	C:\Windows\system32\IMM32.DLL
0x00007ffc282c0000 - 0x00007ffc2841c000 	C:\Windows\system32\MSCTF.dll
0x0000000054820000 - 0x00000000548f2000 	C:\Program Files\Java\jdk1.8.0_73\jre\bin\msvcr100.dll
0x0000000054ad0000 - 0x0000000055360000 	C:\Program Files\Java\jdk1.8.0_73\jre\bin\server\jvm.dll
0x00007ffc28c50000 - 0x00007ffc28c58000 	C:\Windows\system32\PSAPI.DLL
0x00007ffc23f20000 - 0x00007ffc23f29000 	C:\Windows\SYSTEM32\WSOCK32.dll
0x00007ffc29000000 - 0x00007ffc29069000 	C:\Windows\system32\WS2_32.dll
0x00007ffc28240000 - 0x00007ffc28248000 	C:\Windows\system32\NSI.dll
0x00007ffc25540000 - 0x00007ffc25563000 	C:\Windows\SYSTEM32\WINMM.dll
0x00007ffc250d0000 - 0x00007ffc250da000 	C:\Windows\SYSTEM32\VERSION.dll
0x00007ffc25510000 - 0x00007ffc2553c000 	C:\Windows\SYSTEM32\WINMMBASE.dll
0x00007ffc275c0000 - 0x00007ffc27604000 	C:\Windows\system32\cfgmgr32.dll
0x00007ffc25e90000 - 0x00007ffc25eb7000 	C:\Windows\SYSTEM32\DEVOBJ.dll
0x0000000055f00000 - 0x0000000055f0f000 	C:\Program Files\Java\jdk1.8.0_73\jre\bin\verify.dll
0x0000000055720000 - 0x0000000055749000 	C:\Program Files\Java\jdk1.8.0_73\jre\bin\java.dll
0x0000000055700000 - 0x0000000055716000 	C:\Program Files\Java\jdk1.8.0_73\jre\bin\zip.dll
0x00007ffc295c0000 - 0x00007ffc2ab28000 	C:\Windows\system32\SHELL32.dll
0x00007ffc27780000 - 0x00007ffc27da8000 	C:\Windows\system32\windows.storage.dll
0x00007ffc289d0000 - 0x00007ffc28c4c000 	C:\Windows\system32\combase.dll
0x00007ffc28770000 - 0x00007ffc287c1000 	C:\Windows\system32\shlwapi.dll
0x00007ffc27520000 - 0x00007ffc2752f000 	C:\Windows\system32\kernel.appcore.dll
0x00007ffc276c0000 - 0x00007ffc27773000 	C:\Windows\system32\shcore.dll
0x00007ffc27530000 - 0x00007ffc2757a000 	C:\Windows\system32\powrprof.dll
0x00007ffc275a0000 - 0x00007ffc275b3000 	C:\Windows\system32\profapi.dll
0x00007ffc29070000 - 0x00007ffc2912e000 	C:\Windows\system32\OLEAUT32.dll

VM Arguments:
jvm_args: -Djava.awt.headless=true -Xmx1024M -Dfile.encoding=windows-1252 -Duser.country=US -Duser.language=en -Duser.variant 
java_command: com.android.dx.command.Main --dex --num-threads=4 --output C:\Users\droiD\Studio\ADVANCEDapp\app\build\intermediates\pre-dexed\debug\com.google.android.gms-play-services-ads-8.4.0_f44d2fd9073ce7a427a0d09f4a744cc068dcd846.jar C:\Users\droiD\Studio\ADVANCEDapp\app\build\intermediates\exploded-aar\com.google.android.gms\play-services-ads\8.4.0\jars\classes.jar
java_class_path (initial): C:\Users\droiD\AppData\Local\Android\sdk\build-tools\23.0.3\lib\dx.jar
Launcher Type: SUN_STANDARD

Environment Variables:
PATH=C:\ProgramData\Oracle\Java\javapath;C:\Program Files (x86)\Intel\iCLS Client\;C:\Program Files\Intel\iCLS Client\;C:\Windows\system32;C:\Windows;C:\Windows\System32\Wbem;C:\Windows\System32\WindowsPowerShell\v1.0\;C:\Program Files (x86)\NVIDIA Corporation\PhysX\Common;C:\Program Files\Intel\Intel(R) Management Engine Components\DAL;C:\Program Files\Intel\Intel(R) Management Engine Components\IPT;C:\Program Files (x86)\Intel\Intel(R) Management Engine Components\DAL;C:\Program Files (x86)\Intel\Intel(R) Management Engine Components\IPT;C:\Program Files\Git\cmd
USERNAME=droiD
OS=Windows_NT
PROCESSOR_IDENTIFIER=Intel64 Family 6 Model 69 Stepping 1, GenuineIntel



---------------  S Y S T E M  ---------------

OS: Windows 10.0 , 64 bit Build 10240 (10.0.10240.16384)

CPU:total 4 (2 cores per cpu, 2 threads per core) family 6 model 69 stepping 1, cmov, cx8, fxsr, mmx, sse, sse2, sse3, ssse3, sse4.1, sse4.2, popcnt, avx, avx2, aes, clmul, erms, lzcnt, ht, tsc, tscinvbit, bmi1, bmi2

Memory: 4k page, physical 4074904k(197704k free), swap 6172056k(5604k free)

vm_info: Java HotSpot(TM) 64-Bit Server VM (25.73-b02) for windows-amd64 JRE (1.8.0_73-b02), built on Jan 29 2016 17:38:49 by "java_re" with MS VC++ 10.0 (VS2010)

time: Sun May 22 01:04:26 2016
elapsed time: 43 seconds (0d 0h 0m 43s)

