#
# There is insufficient memory for the Java Runtime Environment to continue.
# Native memory allocation (malloc) failed to allocate 313376 bytes for Chunk::new
# Possible reasons:
#   The system is out of physical RAM or swap space
#   In 32 bit mode, the process size limit was hit
# Possible solutions:
#   Reduce memory load on the system
#   Increase physical memory or swap space
#   Check if swap backing store is full
#   Use 64 bit Java on a 64 bit OS
#   Decrease Java heap size (-Xmx/-Xms)
#   Decrease number of Java threads
#   Decrease Java thread stack sizes (-Xss)
#   Set larger code cache with -XX:ReservedCodeCacheSize=
# This output file may be truncated or incomplete.
#
#  Out of Memory Error (allocation.cpp:390), pid=7484, tid=4444
#
# JRE version: Java(TM) SE Runtime Environment (8.0_73-b02) (build 1.8.0_73-b02)
# Java VM: Java HotSpot(TM) 64-Bit Server VM (25.73-b02 mixed mode windows-amd64 compressed oops)
# Failed to write core dump. Minidumps are not enabled by default on client versions of Windows
#

---------------  T H R E A D  ---------------

Current thread (0x0000000014f06800):  JavaThread "C2 CompilerThread1" daemon [_thread_in_native, id=4444, stack(0x0000000016600000,0x0000000016700000)]

Stack: [0x0000000016600000,0x0000000016700000]
[error occurred during error reporting (printing stack bounds), id 0xc0000005]

Native frames: (J=compiled Java code, j=interpreted, Vv=VM code, C=native code)


Current CompileTask:
C2:  42164 2667       4       com.android.dx.cf.code.BaseMachine::popArgs (137 bytes)


---------------  P R O C E S S  ---------------

Java Threads: ( => current thread )
  0x0000000016e03000 JavaThread "pool-1-thread-4" [_thread_in_Java, id=5984, stack(0x00000000189d0000,0x0000000018ad0000)]
  0x0000000016e02000 JavaThread "pool-1-thread-3" [_thread_in_Java, id=10216, stack(0x00000000188d0000,0x00000000189d0000)]
  0x0000000016e01800 JavaThread "pool-1-thread-2" [_thread_in_Java, id=9276, stack(0x00000000187d0000,0x00000000188d0000)]
  0x0000000016fe4000 JavaThread "pool-2-thread-1" [_thread_blocked, id=9556, stack(0x00000000186d0000,0x00000000187d0000)]
  0x0000000016fe3000 JavaThread "pool-1-thread-1" [_thread_in_Java, id=9484, stack(0x00000000185d0000,0x00000000186d0000)]
  0x0000000016802800 JavaThread "Service Thread" daemon [_thread_blocked, id=2476, stack(0x0000000016c00000,0x0000000016d00000)]
  0x0000000014f09800 JavaThread "C1 CompilerThread2" daemon [_thread_blocked, id=8448, stack(0x0000000016700000,0x0000000016800000)]
=>0x0000000014f06800 JavaThread "C2 CompilerThread1" daemon [_thread_in_native, id=4444, stack(0x0000000016600000,0x0000000016700000)]
  0x0000000014ea9000 JavaThread "C2 CompilerThread0" daemon [_thread_in_native, id=6868, stack(0x0000000016500000,0x0000000016600000)]
  0x0000000014ea7000 JavaThread "Attach Listener" daemon [_thread_blocked, id=8960, stack(0x0000000016400000,0x0000000016500000)]
  0x0000000014ea5800 JavaThread "Signal Dispatcher" daemon [_thread_blocked, id=4140, stack(0x0000000016300000,0x0000000016400000)]
  0x00000000027d0800 JavaThread "Finalizer" daemon [_thread_blocked, id=9416, stack(0x0000000016120000,0x0000000016220000)]
  0x00000000027cd000 JavaThread "Reference Handler" daemon [_thread_blocked, id=2156, stack(0x0000000016020000,0x0000000016120000)]
  0x00000000026e0800 JavaThread "main" [_thread_in_Java, id=4028, stack(0x0000000002500000,0x0000000002600000)]

Other Threads:
  0x0000000014e78000 VMThread [stack: 0x0000000015f20000,0x0000000016020000] [id=11048]
  0x000000001680a000 WatcherThread [stack: 0x0000000016d00000,0x0000000016e00000] [id=5336]

VM state:not at safepoint (normal execution)

VM Mutex/Monitor currently owned by a thread: None

Heap:
 PSYoungGen      total 226304K, used 191782K [0x00000000eab00000, 0x00000000ff000000, 0x0000000100000000)
  eden space 153088K, 83% used [0x00000000eab00000,0x00000000f27b3928,0x00000000f4080000)
  from space 73216K, 87% used [0x00000000f9180000,0x00000000fd016130,0x00000000fd900000)
  to   space 82944K, 0% used [0x00000000f4080000,0x00000000f4080000,0x00000000f9180000)
 ParOldGen       total 211456K, used 161514K [0x00000000c0000000, 0x00000000cce80000, 0x00000000eab00000)
  object space 211456K, 76% used [0x00000000c0000000,0x00000000c9dba830,0x00000000cce80000)
 Metaspace       used 6543K, capacity 7256K, committed 7424K, reserved 1056768K
  class space    used 625K, capacity 656K, committed 768K, reserved 1048576K

Card table byte_map: [0x0000000011ba0000,0x0000000011db0000] byte_map_base: 0x00000000115a0000

Marking Bits: (ParMarkBitMap*) 0x00000000552e0600
 Begin Bits: [0x0000000012310000, 0x0000000013310000)
 End Bits:   [0x0000000013310000, 0x0000000014310000)

Polling page: 0x00000000009d0000

CodeCache: size=245760Kb used=10616Kb max_used=11452Kb free=235143Kb
 bounds [0x00000000027e0000, 0x0000000003320000, 0x00000000117e0000]
 total_blobs=2380 nmethods=2110 adapters=182
 compilation: enabled

Compilation events (10 events):
Event: 42.119 Thread 0x0000000014f09800 2664       3       com.android.dx.dex.file.ValueEncoder::addContents (75 bytes)
Event: 42.121 Thread 0x0000000014f09800 nmethod 2664 0x000000000330fe10 code [0x00000000033100c0, 0x0000000003311718]
Event: 42.129 Thread 0x0000000014f06800 2665       4       java.util.BitSet::nextClearBit (116 bytes)
Event: 42.132 Thread 0x0000000014ea9000 2666  s    4       com.android.dx.dex.file.StringIdsSection::intern (53 bytes)
Event: 42.133 Thread 0x0000000014f06800 nmethod 2665 0x00000000028f4dd0 code [0x00000000028f4f20, 0x00000000028f5078]
Event: 42.136 Thread 0x0000000014f06800 2667       4       com.android.dx.cf.code.BaseMachine::popArgs (137 bytes)
Event: 42.142 Thread 0x0000000014f09800 2668       3       com.android.dx.cf.code.LocalVariableList::itemToLocal (47 bytes)
Event: 42.143 Thread 0x0000000014f09800 nmethod 2668 0x00000000029ce010 code [0x00000000029ce1c0, 0x00000000029ce738]
Event: 42.145 Thread 0x0000000014ea9000 nmethod 2666 0x00000000029f1bd0 code [0x00000000029f1d60, 0x00000000029f25e8]
Event: 42.153 Thread 0x0000000014ea9000 2669       4       com.android.dx.cf.direct.StdAttributeFactory::parse0 (532 bytes)

GC Heap History (10 events):
Event: 23.832 GC heap before
{Heap before GC invocations=10 (full 1):
 PSYoungGen      total 144384K, used 22003K [0x00000000eab00000, 0x00000000fbd80000, 0x0000000100000000)
  eden space 122368K, 0% used [0x00000000eab00000,0x00000000eab00000,0x00000000f2280000)
  from space 22016K, 99% used [0x00000000f2280000,0x00000000f37fcd28,0x00000000f3800000)
  to   space 42496K, 0% used [0x00000000f9400000,0x00000000f9400000,0x00000000fbd80000)
 ParOldGen       total 67072K, used 66630K [0x00000000c0000000, 0x00000000c4180000, 0x00000000eab00000)
  object space 67072K, 99% used [0x00000000c0000000,0x00000000c4111b20,0x00000000c4180000)
 Metaspace       used 6520K, capacity 7256K, committed 7424K, reserved 1056768K
  class space    used 623K, capacity 656K, committed 768K, reserved 1048576K
Event: 28.392 GC heap after
Heap after GC invocations=10 (full 1):
 PSYoungGen      total 144384K, used 17820K [0x00000000eab00000, 0x00000000fbd80000, 0x0000000100000000)
  eden space 122368K, 0% used [0x00000000eab00000,0x00000000eab00000,0x00000000f2280000)
  from space 22016K, 80% used [0x00000000f2280000,0x00000000f33e7040,0x00000000f3800000)
  to   space 42496K, 0% used [0x00000000f9400000,0x00000000f9400000,0x00000000fbd80000)
 ParOldGen       total 117760K, used 66666K [0x00000000c0000000, 0x00000000c7300000, 0x00000000eab00000)
  object space 117760K, 56% used [0x00000000c0000000,0x00000000c411ab58,0x00000000c7300000)
 Metaspace       used 6520K, capacity 7256K, committed 7424K, reserved 1056768K
  class space    used 623K, capacity 656K, committed 768K, reserved 1048576K
}
Event: 28.578 GC heap before
{Heap before GC invocations=11 (full 1):
 PSYoungGen      total 144384K, used 140188K [0x00000000eab00000, 0x00000000fbd80000, 0x0000000100000000)
  eden space 122368K, 100% used [0x00000000eab00000,0x00000000f2280000,0x00000000f2280000)
  from space 22016K, 80% used [0x00000000f2280000,0x00000000f33e7040,0x00000000f3800000)
  to   space 42496K, 0% used [0x00000000f9400000,0x00000000f9400000,0x00000000fbd80000)
 ParOldGen       total 117760K, used 66666K [0x00000000c0000000, 0x00000000c7300000, 0x00000000eab00000)
  object space 117760K, 56% used [0x00000000c0000000,0x00000000c411ab58,0x00000000c7300000)
 Metaspace       used 6520K, capacity 7256K, committed 7424K, reserved 1056768K
  class space    used 623K, capacity 656K, committed 768K, reserved 1048576K
Event: 28.840 GC heap after
Heap after GC invocations=11 (full 1):
 PSYoungGen      total 188928K, used 42496K [0x00000000eab00000, 0x00000000fc300000, 0x0000000100000000)
  eden space 146432K, 0% used [0x00000000eab00000,0x00000000eab00000,0x00000000f3a00000)
  from space 42496K, 100% used [0x00000000f9400000,0x00000000fbd80000,0x00000000fbd80000)
  to   space 70144K, 0% used [0x00000000f3a00000,0x00000000f3a00000,0x00000000f7e80000)
 ParOldGen       total 121856K, used 121402K [0x00000000c0000000, 0x00000000c7700000, 0x00000000eab00000)
  object space 121856K, 99% used [0x00000000c0000000,0x00000000c768ea38,0x00000000c7700000)
 Metaspace       used 6520K, capacity 7256K, committed 7424K, reserved 1056768K
  class space    used 623K, capacity 656K, committed 768K, reserved 1048576K
}
Event: 28.840 GC heap before
{Heap before GC invocations=12 (full 2):
 PSYoungGen      total 188928K, used 42496K [0x00000000eab00000, 0x00000000fc300000, 0x0000000100000000)
  eden space 146432K, 0% used [0x00000000eab00000,0x00000000eab00000,0x00000000f3a00000)
  from space 42496K, 100% used [0x00000000f9400000,0x00000000fbd80000,0x00000000fbd80000)
  to   space 70144K, 0% used [0x00000000f3a00000,0x00000000f3a00000,0x00000000f7e80000)
 ParOldGen       total 121856K, used 121402K [0x00000000c0000000, 0x00000000c7700000, 0x00000000eab00000)
  object space 121856K, 99% used [0x00000000c0000000,0x00000000c768ea38,0x00000000c7700000)
 Metaspace       used 6520K, capacity 7256K, committed 7424K, reserved 1056768K
  class space    used 623K, capacity 656K, committed 768K, reserved 1048576K
Event: 29.783 GC heap after
Heap after GC invocations=12 (full 2):
 PSYoungGen      total 188928K, used 38213K [0x00000000eab00000, 0x00000000fc300000, 0x0000000100000000)
  eden space 146432K, 0% used [0x00000000eab00000,0x00000000eab00000,0x00000000f3a00000)
  from space 42496K, 89% used [0x00000000f9400000,0x00000000fb951760,0x00000000fbd80000)
  to   space 70144K, 0% used [0x00000000f3a00000,0x00000000f3a00000,0x00000000f7e80000)
 ParOldGen       total 211456K, used 121648K [0x00000000c0000000, 0x00000000cce80000, 0x00000000eab00000)
  object space 211456K, 57% used [0x00000000c0000000,0x00000000c76cc000,0x00000000cce80000)
 Metaspace       used 6520K, capacity 7256K, committed 7424K, reserved 1056768K
  class space    used 623K, capacity 656K, committed 768K, reserved 1048576K
}
Event: 30.306 GC heap before
{Heap before GC invocations=13 (full 2):
 PSYoungGen      total 188928K, used 184645K [0x00000000eab00000, 0x00000000fc300000, 0x0000000100000000)
  eden space 146432K, 100% used [0x00000000eab00000,0x00000000f3a00000,0x00000000f3a00000)
  from space 42496K, 89% used [0x00000000f9400000,0x00000000fb951760,0x00000000fbd80000)
  to   space 70144K, 0% used [0x00000000f3a00000,0x00000000f3a00000,0x00000000f7e80000)
 ParOldGen       total 211456K, used 121648K [0x00000000c0000000, 0x00000000cce80000, 0x00000000eab00000)
  object space 211456K, 57% used [0x00000000c0000000,0x00000000c76cc000,0x00000000cce80000)
 Metaspace       used 6528K, capacity 7256K, committed 7424K, reserved 1056768K
  class space    used 624K, capacity 656K, committed 768K, reserved 1048576K
Event: 30.565 GC heap after
Heap after GC invocations=13 (full 2):
 PSYoungGen      total 216576K, used 43537K [0x00000000eab00000, 0x00000000fd900000, 0x0000000100000000)
  eden space 146432K, 0% used [0x00000000eab00000,0x00000000eab00000,0x00000000f3a00000)
  from space 70144K, 62% used [0x00000000f3a00000,0x00000000f64845b8,0x00000000f7e80000)
  to   space 73216K, 0% used [0x00000000f9180000,0x00000000f9180000,0x00000000fd900000)
 ParOldGen       total 211456K, used 161514K [0x00000000c0000000, 0x00000000cce80000, 0x00000000eab00000)
  object space 211456K, 76% used [0x00000000c0000000,0x00000000c9dba830,0x00000000cce80000)
 Metaspace       used 6528K, capacity 7256K, committed 7424K, reserved 1056768K
  class space    used 624K, capacity 656K, committed 768K, reserved 1048576K
}
Event: 32.588 GC heap before
{Heap before GC invocations=14 (full 2):
 PSYoungGen      total 216576K, used 189969K [0x00000000eab00000, 0x00000000fd900000, 0x0000000100000000)
  eden space 146432K, 100% used [0x00000000eab00000,0x00000000f3a00000,0x00000000f3a00000)
  from space 70144K, 62% used [0x00000000f3a00000,0x00000000f64845b8,0x00000000f7e80000)
  to   space 73216K, 0% used [0x00000000f9180000,0x00000000f9180000,0x00000000fd900000)
 ParOldGen       total 211456K, used 161514K [0x00000000c0000000, 0x00000000cce80000, 0x00000000eab00000)
  object space 211456K, 76% used [0x00000000c0000000,0x00000000c9dba830,0x00000000cce80000)
 Metaspace       used 6532K, capacity 7256K, committed 7424K, reserved 1056768K
  class space    used 624K, capacity 656K, committed 768K, reserved 1048576K
Event: 33.151 GC heap after
Heap after GC invocations=14 (full 2):
 PSYoungGen      total 226304K, used 64088K [0x00000000eab00000, 0x00000000ff000000, 0x0000000100000000)
  eden space 153088K, 0% used [0x00000000eab00000,0x00000000eab00000,0x00000000f4080000)
  from space 73216K, 87% used [0x00000000f9180000,0x00000000fd016130,0x00000000fd900000)
  to   space 82944K, 0% used [0x00000000f4080000,0x00000000f4080000,0x00000000f9180000)
 ParOldGen       total 211456K, used 161514K [0x00000000c0000000, 0x00000000cce80000, 0x00000000eab00000)
  object space 211456K, 76% used [0x00000000c0000000,0x00000000c9dba830,0x00000000cce80000)
 Metaspace       used 6532K, capacity 7256K, committed 7424K, reserved 1056768K
  class space    used 624K, capacity 656K, committed 768K, reserved 1048576K
}

Deoptimization events (10 events):
Event: 31.336 Thread 0x0000000016e02000 Uncommon trap: reason=class_check action=maybe_recompile pc=0x0000000002c0a618 method=com.android.dx.ssa.back.InterferenceGraph.add(II)V @ 19
Event: 31.336 Thread 0x0000000016e02000 Uncommon trap: reason=class_check action=maybe_recompile pc=0x0000000002c0a618 method=com.android.dx.ssa.back.InterferenceGraph.add(II)V @ 19
Event: 32.014 Thread 0x0000000016e01800 Uncommon trap: reason=class_check action=maybe_recompile pc=0x00000000031730a8 method=com.android.dx.util.BitIntSet.merge(Lcom/android/dx/util/IntSet;)V @ 1
Event: 32.015 Thread 0x0000000016e01800 Uncommon trap: reason=class_check action=maybe_recompile pc=0x00000000031730a8 method=com.android.dx.util.BitIntSet.merge(Lcom/android/dx/util/IntSet;)V @ 1
Event: 32.016 Thread 0x0000000016e01800 Uncommon trap: reason=class_check action=maybe_recompile pc=0x00000000031730a8 method=com.android.dx.util.BitIntSet.merge(Lcom/android/dx/util/IntSet;)V @ 1
Event: 32.023 Thread 0x0000000016e01800 Uncommon trap: reason=class_check action=maybe_recompile pc=0x00000000031730a8 method=com.android.dx.util.BitIntSet.merge(Lcom/android/dx/util/IntSet;)V @ 1
Event: 32.303 Thread 0x0000000016fe3000 Uncommon trap: reason=class_check action=maybe_recompile pc=0x000000000317f86c method=com.android.dx.ssa.back.InterferenceGraph.mergeInterferenceSet(ILcom/android/dx/util/IntSet;)V @ 20
Event: 32.303 Thread 0x0000000016fe3000 Uncommon trap: reason=class_check action=maybe_recompile pc=0x000000000317f86c method=com.android.dx.ssa.back.InterferenceGraph.mergeInterferenceSet(ILcom/android/dx/util/IntSet;)V @ 20
Event: 32.303 Thread 0x0000000016fe3000 Uncommon trap: reason=class_check action=maybe_recompile pc=0x000000000317f86c method=com.android.dx.ssa.back.InterferenceGraph.mergeInterferenceSet(ILcom/android/dx/util/IntSet;)V @ 20
Event: 32.311 Thread 0x0000000016fe3000 Uncommon trap: reason=class_check action=maybe_recompile pc=0x000000000317f86c method=com.android.dx.ssa.back.InterferenceGraph.mergeInterferenceSet(ILcom/android/dx/util/IntSet;)V @ 20

Internal exceptions (6 events):
Event: 0.816 Thread 0x00000000026e0800 Exception <a 'java/lang/NoSuchMethodError': Method sun.misc.Unsafe.defineClass(Ljava/lang/String;[BII)Ljava/lang/Class; name or signature does not match> (0x00000000eab0d5b8) thrown at [D:\re\puppet\workspace\8-2-build-windows-amd64-cygwin\jdk8u73\6086\hot˜——_Í?
Event: 0.816 Thread 0x00000000026e0800 Exception <a 'java/lang/NoSuchMethodError': Method sun.misc.Unsafe.prefetchRead(Ljava/lang/Object;J)V name or signature does not match> (0x00000000eab0d8a0) thrown at [D:\re\puppet\workspace\8-2-build-windows-amd64-cygwin\jdk8u73\6086\hotspot\src\share\vm\;÷ê(Ah@
Event: 7.102 Thread 0x00000000026e0800 Implicit null exception at 0x0000000002ad8d22 to 0x0000000002ad8e1a
Event: 9.118 Thread 0x0000000016e02000 Exception <a 'java/lang/ArrayIndexOutOfBoundsException': 18> (0x00000000eae135e8) thrown at [D:\re\puppet\workspace\8-2-build-windows-amd64-cygwin\jdk8u73\6086\hotspot\src\share\vm\interpreter\interpreterRuntime.cpp, line 366]
Event: 9.119 Thread 0x0000000016e02000 Exception <a 'java/lang/ArrayIndexOutOfBoundsException': 145> (0x00000000eae15168) thrown at [D:\re\puppet\workspace\8-2-build-windows-amd64-cygwin\jdk8u73\6086\hotspot\src\share\vm\interpreter\interpreterRuntime.cpp, line 366]
Event: 9.120 Thread 0x0000000016e02000 Exception <a 'java/lang/ArrayIndexOutOfBoundsException'> (0x00000000eae16450) thrown at [D:\re\puppet\workspace\8-2-build-windows-amd64-cygwin\jdk8u73\6086\hotspot\src\share\vm\runtime\sharedRuntime.cpp, line 605]

Events (10 events):
Event: 42.146 Thread 0x0000000014ea9000 flushing nmethod 0x0000000002a86f90
Event: 42.146 Thread 0x0000000014ea9000 flushing nmethod 0x0000000002a887d0
Event: 42.146 Thread 0x0000000014ea9000 flushing nmethod 0x0000000002a8ced0
Event: 42.146 Thread 0x0000000014ea9000 flushing nmethod 0x0000000002a95490
Event: 42.146 Thread 0x0000000014ea9000 flushing nmethod 0x0000000002a95850
Event: 42.146 Thread 0x0000000014ea9000 flushing nmethod 0x0000000002a96650
Event: 42.146 Thread 0x0000000014ea9000 flushing nmethod 0x0000000002a96d50
Event: 42.146 Thread 0x0000000014ea9000 flushing nmethod 0x0000000002a9cf50
Event: 42.146 Thread 0x0000000014ea9000 flushing nmethod 0x0000000002aa5c50
Event: 42.146 Thread 0x0000000014ea9000 flushing nmethod 0x0000000002aa5fd0


Dynamic libraries:
0x00007ff602f90000 - 0x00007ff602fc7000 	C:\Program Files\Java\jdk1.8.0_73\bin\java.exe
0x00007ffc2ab30000 - 0x00007ffc2acf2000 	C:\Windows\SYSTEM32\ntdll.dll
0x00007ffc28f50000 - 0x00007ffc28ffd000 	C:\Windows\system32\KERNEL32.DLL
0x00007ffc27fe0000 - 0x00007ffc281bd000 	C:\Windows\system32\KERNELBASE.dll
0x00007ffc287d0000 - 0x00007ffc28876000 	C:\Windows\system32\ADVAPI32.dll
0x00007ffc286d0000 - 0x00007ffc2876d000 	C:\Windows\system32\msvcrt.dll
0x00007ffc28de0000 - 0x00007ffc28e3b000 	C:\Windows\system32\sechost.dll
0x00007ffc28c60000 - 0x00007ffc28d86000 	C:\Windows\system32\RPCRT4.dll
0x00007ffc292e0000 - 0x00007ffc2942e000 	C:\Windows\system32\USER32.dll
0x00007ffc29430000 - 0x00007ffc295b6000 	C:\Windows\system32\GDI32.dll
0x00007ffc1df00000 - 0x00007ffc1e174000 	C:\Windows\WinSxS\amd64_microsoft.windows.common-controls_6595b64144ccf1df_6.0.10240.16384_none_f41f7b285750ef43\COMCTL32.dll
0x00007ffc28da0000 - 0x00007ffc28dd6000 	C:\Windows\system32\IMM32.DLL
0x00007ffc282c0000 - 0x00007ffc2841c000 	C:\Windows\system32\MSCTF.dll
0x0000000054820000 - 0x00000000548f2000 	C:\Program Files\Java\jdk1.8.0_73\jre\bin\msvcr100.dll
0x0000000054ad0000 - 0x0000000055360000 	C:\Program Files\Java\jdk1.8.0_73\jre\bin\server\jvm.dll
0x00007ffc28c50000 - 0x00007ffc28c58000 	C:\Windows\system32\PSAPI.DLL
0x00007ffc23f20000 - 0x00007ffc23f29000 	C:\Windows\SYSTEM32\WSOCK32.dll
0x00007ffc29000000 - 0x00007ffc29069000 	C:\Windows\system32\WS2_32.dll
0x00007ffc28240000 - 0x00007ffc28248000 	C:\Windows\system32\NSI.dll
0x00007ffc25540000 - 0x00007ffc25563000 	C:\Windows\SYSTEM32\WINMM.dll
0x00007ffc250d0000 - 0x00007ffc250da000 	C:\Windows\SYSTEM32\VERSION.dll
0x00007ffc25510000 - 0x00007ffc2553c000 	C:\Windows\SYSTEM32\WINMMBASE.dll
0x00007ffc275c0000 - 0x00007ffc27604000 	C:\Windows\system32\cfgmgr32.dll
0x00007ffc25e90000 - 0x00007ffc25eb7000 	C:\Windows\SYSTEM32\DEVOBJ.dll
0x0000000055f00000 - 0x0000000055f0f000 	C:\Program Files\Java\jdk1.8.0_73\jre\bin\verify.dll
0x0000000055720000 - 0x0000000055749000 	C:\Program Files\Java\jdk1.8.0_73\jre\bin\java.dll
0x0000000055700000 - 0x0000000055716000 	C:\Program Files\Java\jdk1.8.0_73\jre\bin\zip.dll
0x00007ffc295c0000 - 0x00007ffc2ab28000 	C:\Windows\system32\SHELL32.dll
0x00007ffc27780000 - 0x00007ffc27da8000 	C:\Windows\system32\windows.storage.dll
0x00007ffc289d0000 - 0x00007ffc28c4c000 	C:\Windows\system32\combase.dll
0x00007ffc28770000 - 0x00007ffc287c1000 	C:\Windows\system32\shlwapi.dll
0x00007ffc27520000 - 0x00007ffc2752f000 	C:\Windows\system32\kernel.appcore.dll
0x00007ffc276c0000 - 0x00007ffc27773000 	C:\Windows\system32\shcore.dll
0x00007ffc27530000 - 0x00007ffc2757a000 	C:\Windows\system32\powrprof.dll
0x00007ffc275a0000 - 0x00007ffc275b3000 	C:\Windows\system32\profapi.dll
0x00007ffc29070000 - 0x00007ffc2912e000 	C:\Windows\system32\OLEAUT32.dll

VM Arguments:
jvm_args: -Djava.awt.headless=true -Xmx1024M -Dfile.encoding=windows-1252 -Duser.country=US -Duser.language=en -Duser.variant 
java_command: com.android.dx.command.Main --dex --num-threads=4 --output C:\Users\droiD\Studio\ADVANCEDapp\app\build\intermediates\pre-dexed\debug\com.google.android.gms-play-services-ads-8.4.0_f44d2fd9073ce7a427a0d09f4a744cc068dcd846.jar C:\Users\droiD\Studio\ADVANCEDapp\app\build\intermediates\exploded-aar\com.google.android.gms\play-services-ads\8.4.0\jars\classes.jar
java_class_path (initial): C:\Users\droiD\AppData\Local\Android\sdk\build-tools\23.0.3\lib\dx.jar
Launcher Type: SUN_STANDARD

Environment Variables:
PATH=C:\ProgramData\Oracle\Java\javapath;C:\Program Files (x86)\Intel\iCLS Client\;C:\Program Files\Intel\iCLS Client\;C:\Windows\system32;C:\Windows;C:\Windows\System32\Wbem;C:\Windows\System32\WindowsPowerShell\v1.0\;C:\Program Files (x86)\NVIDIA Corporation\PhysX\Common;C:\Program Files\Intel\Intel(R) Management Engine Components\DAL;C:\Program Files\Intel\Intel(R) Management Engine Components\IPT;C:\Program Files (x86)\Intel\Intel(R) Management Engine Components\DAL;C:\Program Files (x86)\Intel\Intel(R) Management Engine Components\IPT;C:\Program Files\Git\cmd
USERNAME=droiD
OS=Windows_NT
PROCESSOR_IDENTIFIER=Intel64 Family 6 Model 69 Stepping 1, GenuineIntel



---------------  S Y S T E M  ---------------

OS: Windows 10.0 , 64 bit Build 10240 (10.0.10240.16384)

CPU:total 4 (2 cores per cpu, 2 threads per core) family 6 model 69 stepping 1, cmov, cx8, fxsr, mmx, sse, sse2, sse3, ssse3, sse4.1, sse4.2, popcnt, avx, avx2, aes, clmul, erms, lzcnt, ht, tsc, tscinvbit, bmi1, bmi2

Memory: 4k page, physical 4074904k(177884k free), swap 6172056k(5200k free)

vm_info: Java HotSpot(TM) 64-Bit Server VM (25.73-b02) for windows-amd64 JRE (1.8.0_73-b02), built on Jan 29 2016 17:38:49 by "java_re" with MS VC++ 10.0 (VS2010)

time: Sun May 22 01:41:45 2016
elapsed time: 42 seconds (0d 0h 0m 42s)

