#
# There is insufficient memory for the Java Runtime Environment to continue.
# Native memory allocation (malloc) failed to allocate 619616 bytes for Chunk::new
# Possible reasons:
#   The system is out of physical RAM or swap space
#   In 32 bit mode, the process size limit was hit
# Possible solutions:
#   Reduce memory load on the system
#   Increase physical memory or swap space
#   Check if swap backing store is full
#   Use 64 bit Java on a 64 bit OS
#   Decrease Java heap size (-Xmx/-Xms)
#   Decrease number of Java threads
#   Decrease Java thread stack sizes (-Xss)
#   Set larger code cache with -XX:ReservedCodeCacheSize=
# This output file may be truncated or incomplete.
#
#  Out of Memory Error (allocation.cpp:390), pid=3228, tid=8768
#
# JRE version: Java(TM) SE Runtime Environment (8.0_73-b02) (build 1.8.0_73-b02)
# Java VM: Java HotSpot(TM) 64-Bit Server VM (25.73-b02 mixed mode windows-amd64 compressed oops)
# Failed to write core dump. Minidumps are not enabled by default on client versions of Windows
#

---------------  T H R E A D  ---------------

Current thread (0x000000001553c000):  JavaThread "C2 CompilerThread1" daemon [_thread_in_native, id=8768, stack(0x0000000016c80000,0x0000000016d80000)]

Stack: [0x0000000016c80000,0x0000000016d80000]
[error occurred during error reporting (printing stack bounds), id 0xc0000005]

Native frames: (J=compiled Java code, j=interpreted, Vv=VM code, C=native code)


Current CompileTask:
C2:  38796 1555       4       com.android.dx.ssa.SCCP::simulateStmt (481 bytes)


---------------  P R O C E S S  ---------------

Java Threads: ( => current thread )
  0x0000000017072000 JavaThread "pool-1-thread-4" [_thread_in_Java, id=9188, stack(0x0000000017880000,0x0000000017980000)]
  0x00000000170f6800 JavaThread "pool-1-thread-3" [_thread_blocked, id=3608, stack(0x0000000017780000,0x0000000017880000)]
  0x0000000017040000 JavaThread "pool-1-thread-2" [_thread_blocked, id=704, stack(0x0000000017680000,0x0000000017780000)]
  0x0000000017037000 JavaThread "pool-2-thread-1" [_thread_blocked, id=772, stack(0x0000000017580000,0x0000000017680000)]
  0x000000001703d000 JavaThread "pool-1-thread-1" [_thread_blocked, id=4356, stack(0x0000000017480000,0x0000000017580000)]
  0x0000000016e81800 JavaThread "Service Thread" daemon [_thread_blocked, id=8412, stack(0x0000000017280000,0x0000000017380000)]
  0x000000001554c000 JavaThread "C1 CompilerThread2" daemon [_thread_blocked, id=8712, stack(0x0000000016d80000,0x0000000016e80000)]
=>0x000000001553c000 JavaThread "C2 CompilerThread1" daemon [_thread_in_native, id=8768, stack(0x0000000016c80000,0x0000000016d80000)]
  0x0000000015539000 JavaThread "C2 CompilerThread0" daemon [_thread_in_native, id=3092, stack(0x0000000016b80000,0x0000000016c80000)]
  0x0000000015537000 JavaThread "Attach Listener" daemon [_thread_blocked, id=4556, stack(0x0000000016a80000,0x0000000016b80000)]
  0x000000001554d000 JavaThread "Signal Dispatcher" daemon [_thread_blocked, id=4128, stack(0x0000000016980000,0x0000000016a80000)]
  0x0000000002e66000 JavaThread "Finalizer" daemon [_thread_blocked, id=9168, stack(0x00000000167a0000,0x00000000168a0000)]
  0x0000000002e5d000 JavaThread "Reference Handler" daemon [_thread_blocked, id=7984, stack(0x00000000166a0000,0x00000000167a0000)]
  0x0000000002d70800 JavaThread "main" [_thread_in_vm, id=8636, stack(0x0000000002b80000,0x0000000002c80000)]

Other Threads:
  0x0000000015507800 VMThread [stack: 0x00000000165a0000,0x00000000166a0000] [id=8800]
  0x0000000016e85800 WatcherThread [stack: 0x0000000017380000,0x0000000017480000] [id=5580]

VM state:not at safepoint (normal execution)

VM Mutex/Monitor currently owned by a thread: None

Heap:
 PSYoungGen      total 18944K, used 8426K [0x00000000eab00000, 0x00000000ed000000, 0x0000000100000000)
  eden space 16384K, 35% used [0x00000000eab00000,0x00000000eb0c2848,0x00000000ebb00000)
  from space 2560K, 98% used [0x00000000ebd80000,0x00000000ebff83b0,0x00000000ec000000)
  to   space 2560K, 0% used [0x00000000ebb00000,0x00000000ebb00000,0x00000000ebd80000)
 ParOldGen       total 44032K, used 5985K [0x00000000c0000000, 0x00000000c2b00000, 0x00000000eab00000)
  object space 44032K, 13% used [0x00000000c0000000,0x00000000c05d87f8,0x00000000c2b00000)
 Metaspace       used 6043K, capacity 7088K, committed 7296K, reserved 1056768K
  class space    used 580K, capacity 616K, committed 640K, reserved 1048576K

Card table byte_map: [0x0000000012230000,0x0000000012440000] byte_map_base: 0x0000000011c30000

Marking Bits: (ParMarkBitMap*) 0x00000000552e0600
 Begin Bits: [0x00000000129a0000, 0x00000000139a0000)
 End Bits:   [0x00000000139a0000, 0x00000000149a0000)

Polling page: 0x0000000002c80000

CodeCache: size=245760Kb used=6769Kb max_used=6783Kb free=238990Kb
 bounds [0x0000000002e70000, 0x0000000003520000, 0x0000000011e70000]
 total_blobs=1826 nmethods=1564 adapters=174
 compilation: enabled

Compilation events (10 events):
Event: 38.746 Thread 0x000000001554c000 1564       3       com.android.dx.rop.type.Type::getComponentType (70 bytes)
Event: 38.747 Thread 0x000000001554c000 nmethod 1564 0x000000000350e410 code [0x000000000350e620, 0x000000000350f148]
Event: 38.749 Thread 0x000000001554c000 1565       2       com.android.dx.ssa.SsaMethod::forEachInsn (36 bytes)
Event: 38.750 Thread 0x000000001554c000 nmethod 1565 0x000000000350f610 code [0x000000000350f7a0, 0x000000000350fa78]
Event: 38.760 Thread 0x000000001554c000 1567       3       java.lang.String::<init> (82 bytes)
Event: 38.761 Thread 0x000000001554c000 nmethod 1567 0x000000000350fc90 code [0x000000000350fe60, 0x0000000003510358]
Event: 38.761 Thread 0x000000001554c000 1568       3       java.io.DataInputStream::<init> (30 bytes)
Event: 38.762 Thread 0x000000001554c000 nmethod 1568 0x0000000003513e90 code [0x0000000003514000, 0x0000000003514450]
Event: 38.763 Thread 0x0000000015539000 nmethod 1556 0x00000000035145d0 code [0x00000000035147a0, 0x0000000003515408]
Event: 38.763 Thread 0x0000000015539000 1558       4       com.android.dx.ssa.back.LivenessAnalyzer::handleTailRecursion (94 bytes)

GC Heap History (4 events):
Event: 6.510 GC heap before
{Heap before GC invocations=1 (full 0):
 PSYoungGen      total 18944K, used 16384K [0x00000000eab00000, 0x00000000ec000000, 0x0000000100000000)
  eden space 16384K, 100% used [0x00000000eab00000,0x00000000ebb00000,0x00000000ebb00000)
  from space 2560K, 0% used [0x00000000ebd80000,0x00000000ebd80000,0x00000000ec000000)
  to   space 2560K, 0% used [0x00000000ebb00000,0x00000000ebb00000,0x00000000ebd80000)
 ParOldGen       total 44032K, used 0K [0x00000000c0000000, 0x00000000c2b00000, 0x00000000eab00000)
  object space 44032K, 0% used [0x00000000c0000000,0x00000000c0000000,0x00000000c2b00000)
 Metaspace       used 5550K, capacity 6704K, committed 6784K, reserved 1056768K
  class space    used 572K, capacity 616K, committed 640K, reserved 1048576K
Event: 6.554 GC heap after
Heap after GC invocations=1 (full 0):
 PSYoungGen      total 18944K, used 2532K [0x00000000eab00000, 0x00000000ec000000, 0x0000000100000000)
  eden space 16384K, 0% used [0x00000000eab00000,0x00000000eab00000,0x00000000ebb00000)
  from space 2560K, 98% used [0x00000000ebb00000,0x00000000ebd79278,0x00000000ebd80000)
  to   space 2560K, 0% used [0x00000000ebd80000,0x00000000ebd80000,0x00000000ec000000)
 ParOldGen       total 44032K, used 2252K [0x00000000c0000000, 0x00000000c2b00000, 0x00000000eab00000)
  object space 44032K, 5% used [0x00000000c0000000,0x00000000c0233340,0x00000000c2b00000)
 Metaspace       used 5550K, capacity 6704K, committed 6784K, reserved 1056768K
  class space    used 572K, capacity 616K, committed 640K, reserved 1048576K
}
Event: 26.819 GC heap before
{Heap before GC invocations=2 (full 0):
 PSYoungGen      total 18944K, used 18916K [0x00000000eab00000, 0x00000000ec000000, 0x0000000100000000)
  eden space 16384K, 100% used [0x00000000eab00000,0x00000000ebb00000,0x00000000ebb00000)
  from space 2560K, 98% used [0x00000000ebb00000,0x00000000ebd79278,0x00000000ebd80000)
  to   space 2560K, 0% used [0x00000000ebd80000,0x00000000ebd80000,0x00000000ec000000)
 ParOldGen       total 44032K, used 2252K [0x00000000c0000000, 0x00000000c2b00000, 0x00000000eab00000)
  object space 44032K, 5% used [0x00000000c0000000,0x00000000c0233340,0x00000000c2b00000)
 Metaspace       used 5976K, capacity 7024K, committed 7296K, reserved 1056768K
  class space    used 572K, capacity 616K, committed 640K, reserved 1048576K
Event: 28.572 GC heap after
Heap after GC invocations=2 (full 0):
 PSYoungGen      total 18944K, used 2528K [0x00000000eab00000, 0x00000000ed000000, 0x0000000100000000)
  eden space 16384K, 0% used [0x00000000eab00000,0x00000000eab00000,0x00000000ebb00000)
  from space 2560K, 98% used [0x00000000ebd80000,0x00000000ebff83b0,0x00000000ec000000)
  to   space 2560K, 0% used [0x00000000ebb00000,0x00000000ebb00000,0x00000000ebd80000)
 ParOldGen       total 44032K, used 5985K [0x00000000c0000000, 0x00000000c2b00000, 0x00000000eab00000)
  object space 44032K, 13% used [0x00000000c0000000,0x00000000c05d87f8,0x00000000c2b00000)
 Metaspace       used 5976K, capacity 7024K, committed 7296K, reserved 1056768K
  class space    used 572K, capacity 616K, committed 640K, reserved 1048576K
}

Deoptimization events (10 events):
Event: 38.687 Thread 0x0000000017072000 Uncommon trap: reason=bimorphic action=maybe_recompile pc=0x00000000032f678c method=com.android.dx.rop.code.RegisterSpec.hashCodeOf(ILcom/android/dx/rop/type/TypeBearer;Lcom/android/dx/rop/code/LocalItem;)I @ 18
Event: 38.687 Thread 0x0000000017072000 Uncommon trap: reason=class_check action=maybe_recompile pc=0x000000000349dd3c method=com.android.dx.ssa.SsaBasicBlock.forEachPhiInsn(Lcom/android/dx/ssa/PhiInsn$Visitor;)V @ 23
Event: 38.688 Thread 0x0000000017072000 Uncommon trap: reason=class_check action=maybe_recompile pc=0x000000000348ac30 method=com.android.dx.ssa.SsaBasicBlock.getCountPhiInsns()I @ 23
Event: 38.705 Thread 0x0000000017072000 Uncommon trap: reason=class_check action=maybe_recompile pc=0x000000000349dd3c method=com.android.dx.ssa.SsaBasicBlock.forEachPhiInsn(Lcom/android/dx/ssa/PhiInsn$Visitor;)V @ 23
Event: 38.706 Thread 0x0000000017072000 Uncommon trap: reason=class_check action=maybe_recompile pc=0x000000000349cea4 method=com.android.dx.ssa.SsaMethod$2.addToUses(Lcom/android/dx/ssa/SsaInsn;)V @ 1
Event: 38.712 Thread 0x0000000017072000 Uncommon trap: reason=bimorphic action=maybe_recompile pc=0x00000000031c6d98 method=java.util.HashMap.putVal(ILjava/lang/Object;Ljava/lang/Object;ZZ)Ljava/lang/Object; @ 91
Event: 38.713 Thread 0x0000000017072000 Uncommon trap: reason=class_check action=maybe_recompile pc=0x000000000348ac30 method=com.android.dx.ssa.SsaBasicBlock.getCountPhiInsns()I @ 23
Event: 38.713 Thread 0x0000000017072000 Uncommon trap: reason=class_check action=maybe_recompile pc=0x000000000348ac30 method=com.android.dx.ssa.SsaBasicBlock.getCountPhiInsns()I @ 23
Event: 38.718 Thread 0x0000000017040000 Uncommon trap: reason=null_assert action=make_not_entrant pc=0x0000000003297fd8 method=com.android.dx.dex.cf.AttributeTranslator.getAnnotations0(Lcom/android/dx/cf/iface/AttributeList;)Lcom/android/dx/rop/annotation/Annotations; @ 8
Event: 38.759 Thread 0x0000000002d70800 Uncommon trap: reason=unstable_if action=reinterpret pc=0x000000000318c528 method=java.lang.String.<init>([CII)V @ 18

Internal exceptions (2 events):
Event: 0.565 Thread 0x0000000002d70800 Exception <a 'java/lang/NoSuchMethodError': Method sun.misc.Unsafe.defineClass(Ljava/lang/String;[BII)Ljava/lang/Class; name or signature does not match> (0x00000000eab0d4e8) thrown at [D:\re\puppet\workspace\8-2-build-windows-amd64-cygwin\jdk8u73\6086\hotgU…fûâ?
Event: 0.565 Thread 0x0000000002d70800 Exception <a 'java/lang/NoSuchMethodError': Method sun.misc.Unsafe.prefetchRead(Ljava/lang/Object;J)V name or signature does not match> (0x00000000eab0d7d0) thrown at [D:\re\puppet\workspace\8-2-build-windows-amd64-cygwin\jdk8u73\6086\hotspot\src\share\vm\

Events (10 events):
Event: 38.719 loading class com/android/dx/dex/file/MethodAnnotationStruct done
Event: 38.751 loading class com/android/dx/dex/file/ParameterAnnotationStruct
Event: 38.751 loading class com/android/dx/dex/file/ParameterAnnotationStruct done
Event: 38.752 loading class com/android/dx/dex/file/UniformListItem
Event: 38.752 loading class com/android/dx/dex/file/UniformListItem done
Event: 38.753 loading class com/android/dx/dex/file/AnnotationSetRefItem
Event: 38.753 loading class com/android/dx/dex/file/AnnotationSetRefItem done
Event: 38.759 Thread 0x0000000002d70800 Uncommon trap: trap_request=0xffffff65 fr.pc=0x000000000318c528
Event: 38.759 Thread 0x0000000002d70800 DEOPT PACKING pc=0x000000000318c528 sp=0x0000000002c7da30
Event: 38.759 Thread 0x0000000002d70800 DEOPT UNPACKING pc=0x0000000002eb582a sp=0x0000000002c7d9f8 mode 2


Dynamic libraries:
0x00007ff602f90000 - 0x00007ff602fc7000 	C:\Program Files\Java\jdk1.8.0_73\bin\java.exe
0x00007ffc2ab30000 - 0x00007ffc2acf2000 	C:\Windows\SYSTEM32\ntdll.dll
0x00007ffc28f50000 - 0x00007ffc28ffd000 	C:\Windows\system32\KERNEL32.DLL
0x00007ffc27fe0000 - 0x00007ffc281bd000 	C:\Windows\system32\KERNELBASE.dll
0x00007ffc287d0000 - 0x00007ffc28876000 	C:\Windows\system32\ADVAPI32.dll
0x00007ffc286d0000 - 0x00007ffc2876d000 	C:\Windows\system32\msvcrt.dll
0x00007ffc28de0000 - 0x00007ffc28e3b000 	C:\Windows\system32\sechost.dll
0x00007ffc28c60000 - 0x00007ffc28d86000 	C:\Windows\system32\RPCRT4.dll
0x00007ffc292e0000 - 0x00007ffc2942e000 	C:\Windows\system32\USER32.dll
0x00007ffc29430000 - 0x00007ffc295b6000 	C:\Windows\system32\GDI32.dll
0x00007ffc1df00000 - 0x00007ffc1e174000 	C:\Windows\WinSxS\amd64_microsoft.windows.common-controls_6595b64144ccf1df_6.0.10240.16384_none_f41f7b285750ef43\COMCTL32.dll
0x00007ffc28da0000 - 0x00007ffc28dd6000 	C:\Windows\system32\IMM32.DLL
0x00007ffc282c0000 - 0x00007ffc2841c000 	C:\Windows\system32\MSCTF.dll
0x0000000054820000 - 0x00000000548f2000 	C:\Program Files\Java\jdk1.8.0_73\jre\bin\msvcr100.dll
0x0000000054ad0000 - 0x0000000055360000 	C:\Program Files\Java\jdk1.8.0_73\jre\bin\server\jvm.dll
0x00007ffc28c50000 - 0x00007ffc28c58000 	C:\Windows\system32\PSAPI.DLL
0x00007ffc250d0000 - 0x00007ffc250da000 	C:\Windows\SYSTEM32\VERSION.dll
0x00007ffc23f20000 - 0x00007ffc23f29000 	C:\Windows\SYSTEM32\WSOCK32.dll
0x00007ffc29000000 - 0x00007ffc29069000 	C:\Windows\system32\WS2_32.dll
0x00007ffc28240000 - 0x00007ffc28248000 	C:\Windows\system32\NSI.dll
0x00007ffc25540000 - 0x00007ffc25563000 	C:\Windows\SYSTEM32\WINMM.dll
0x00007ffc25510000 - 0x00007ffc2553c000 	C:\Windows\SYSTEM32\WINMMBASE.dll
0x00007ffc275c0000 - 0x00007ffc27604000 	C:\Windows\system32\cfgmgr32.dll
0x00007ffc25e90000 - 0x00007ffc25eb7000 	C:\Windows\SYSTEM32\DEVOBJ.dll
0x0000000055f00000 - 0x0000000055f0f000 	C:\Program Files\Java\jdk1.8.0_73\jre\bin\verify.dll
0x0000000055720000 - 0x0000000055749000 	C:\Program Files\Java\jdk1.8.0_73\jre\bin\java.dll
0x0000000055700000 - 0x0000000055716000 	C:\Program Files\Java\jdk1.8.0_73\jre\bin\zip.dll
0x00007ffc295c0000 - 0x00007ffc2ab28000 	C:\Windows\system32\SHELL32.dll
0x00007ffc27780000 - 0x00007ffc27da8000 	C:\Windows\system32\windows.storage.dll
0x00007ffc289d0000 - 0x00007ffc28c4c000 	C:\Windows\system32\combase.dll
0x00007ffc28770000 - 0x00007ffc287c1000 	C:\Windows\system32\shlwapi.dll
0x00007ffc27520000 - 0x00007ffc2752f000 	C:\Windows\system32\kernel.appcore.dll
0x00007ffc276c0000 - 0x00007ffc27773000 	C:\Windows\system32\shcore.dll
0x00007ffc27530000 - 0x00007ffc2757a000 	C:\Windows\system32\powrprof.dll
0x00007ffc275a0000 - 0x00007ffc275b3000 	C:\Windows\system32\profapi.dll
0x00007ffc29070000 - 0x00007ffc2912e000 	C:\Windows\system32\OLEAUT32.dll

VM Arguments:
jvm_args: -Djava.awt.headless=true -Xmx1024M -Dfile.encoding=windows-1252 -Duser.country=US -Duser.language=en -Duser.variant 
java_command: com.android.dx.command.Main --dex --num-threads=4 --output C:\Users\droiD\Studio\ADVANCEDapp\app\build\intermediates\pre-dexed\debug\debug_41d5083d6f5c113834df87854e1b95293896e88a.jar C:\Users\droiD\Studio\ADVANCEDapp\app\build\intermediates\classes\debug
java_class_path (initial): C:\Users\droiD\AppData\Local\Android\sdk\build-tools\23.0.3\lib\dx.jar
Launcher Type: SUN_STANDARD

Environment Variables:
PATH=C:\ProgramData\Oracle\Java\javapath;C:\Program Files (x86)\Intel\iCLS Client\;C:\Program Files\Intel\iCLS Client\;C:\Windows\system32;C:\Windows;C:\Windows\System32\Wbem;C:\Windows\System32\WindowsPowerShell\v1.0\;C:\Program Files (x86)\NVIDIA Corporation\PhysX\Common;C:\Program Files\Intel\Intel(R) Management Engine Components\DAL;C:\Program Files\Intel\Intel(R) Management Engine Components\IPT;C:\Program Files (x86)\Intel\Intel(R) Management Engine Components\DAL;C:\Program Files (x86)\Intel\Intel(R) Management Engine Components\IPT;C:\Program Files\Git\cmd
USERNAME=droiD
OS=Windows_NT
PROCESSOR_IDENTIFIER=Intel64 Family 6 Model 69 Stepping 1, GenuineIntel



---------------  S Y S T E M  ---------------

OS: Windows 10.0 , 64 bit Build 10240 (10.0.10240.16384)

CPU:total 4 (2 cores per cpu, 2 threads per core) family 6 model 69 stepping 1, cmov, cx8, fxsr, mmx, sse, sse2, sse3, ssse3, sse4.1, sse4.2, popcnt, avx, avx2, aes, clmul, erms, lzcnt, ht, tsc, tscinvbit, bmi1, bmi2

Memory: 4k page, physical 4074904k(506036k free), swap 6172056k(5220k free)

vm_info: Java HotSpot(TM) 64-Bit Server VM (25.73-b02) for windows-amd64 JRE (1.8.0_73-b02), built on Jan 29 2016 17:38:49 by "java_re" with MS VC++ 10.0 (VS2010)

time: Sun May 22 01:15:29 2016
elapsed time: 38 seconds (0d 0h 0m 38s)

